#
# There is insufficient memory for the Java Runtime Environment to continue.
# Native memory allocation (malloc) failed to allocate 1448896 bytes for Chunk::new
# Possible reasons:
#   The system is out of physical RAM or swap space
#   The process is running with CompressedOops enabled, and the Java Heap may be blocking the growth of the native heap
# Possible solutions:
#   Reduce memory load on the system
#   Increase physical memory or swap space
#   Check if swap backing store is full
#   Decrease Java heap size (-Xmx/-Xms)
#   Decrease number of Java threads
#   Decrease Java thread stack sizes (-Xss)
#   Set larger code cache with -XX:ReservedCodeCacheSize=
#   JVM is running with Unscaled Compressed Oops mode in which the Java heap is
#     placed in the first 4GB address space. The Java Heap base address is the
#     maximum limit for the native heap growth. Please use -XX:HeapBaseMinAddress
#     to set the Java Heap base and to place the Java Heap above 4GB virtual address.
# This output file may be truncated or incomplete.
#
#  Out of Memory Error (./open/src/hotspot/share/memory/arena.cpp:195), pid=7516, tid=12852
#
# JRE version: Java(TM) SE Runtime Environment (15.0.2+7) (build 15.0.2+7-27)
# Java VM: Java HotSpot(TM) 64-Bit Server VM (15.0.2+7-27, mixed mode, sharing, tiered, compressed oops, g1 gc, windows-amd64)
# No core dump will be written. Minidumps are not enabled by default on client versions of Windows
#

---------------  S U M M A R Y ------------

Command Line: -ea -Dtestng.dtd.http=true -javaagent:C:\Users\Diaa\.m2\repository/org/aspectj/aspectjweaver/1.9.6/aspectjweaver-1.9.6.jar -Dfile.encoding=Cp1252 org.testng.remote.RemoteTestNG -usedefaultlisteners false -listener com.shaft.tools.listeners.AlterSuiteListener,com.shaft.tools.listeners.SuiteListener,com.shaft.tools.listeners.InvokedMethodListener,com.shaft.tools.listeners.CucumberFeatureListener -serport 64975 -protocol json -d C:\Users\Diaa\eclipse-workspace\task1\test-output C:\Users\Diaa\AppData\Local\Temp\testng-eclipse--1127466832\testng-customsuite.xml

Host: Intel(R) Core(TM) i7-2600 CPU @ 3.40GHz, 8 cores, 3G,  Windows 10 , 64 bit Build 18362 (10.0.18362.1110)
Time: Fri Jun 11 05:52:12 2021 Egypt Standard Time elapsed time: 26.438354 seconds (0d 0h 0m 26s)

---------------  T H R E A D  ---------------

Current thread (0x0000023ff958db40):  JavaThread "C2 CompilerThread0" daemon [_thread_in_native, id=12852, stack(0x0000005062900000,0x0000005062a00000)]


Current CompileTask:
C2:  26438 5012   !   4       jdk.internal.loader.URLClassPath$JarLoader::ensureOpen (36 bytes)

Stack: [0x0000005062900000,0x0000005062a00000]
Native frames: (J=compiled Java code, j=interpreted, Vv=VM code, C=native code)
V  [jvm.dll+0x62ae9a]
V  [jvm.dll+0x7817a9]
V  [jvm.dll+0x782f03]
V  [jvm.dll+0x783563]
V  [jvm.dll+0x216325]
V  [jvm.dll+0x97f3a]
V  [jvm.dll+0x9861c]
V  [jvm.dll+0x279f9f]
V  [jvm.dll+0x540794]
V  [jvm.dll+0x1f3124]
V  [jvm.dll+0x1ecaf1]
V  [jvm.dll+0x1e9867]
V  [jvm.dll+0x178567]
V  [jvm.dll+0x1f9225]
V  [jvm.dll+0x1f72cc]
V  [jvm.dll+0x74495d]
V  [jvm.dll+0x73d75a]
V  [jvm.dll+0x629c56]
C  [ucrtbase.dll+0x210b2]
C  [KERNEL32.DLL+0x17c24]
C  [ntdll.dll+0x6d4d1]


---------------  P R O C E S S  ---------------

Threads class SMR info:
_java_thread_list=0x0000023f80485180, length=29, elements={
0x0000023fdd0ed580, 0x0000023ff95625c0, 0x0000023ff95630a0, 0x0000023ff957d190,
0x0000023ff957fb60, 0x0000023ff9580520, 0x0000023ff958db40, 0x0000023ff9594630,
0x0000023ff95a5030, 0x0000023ff9fb6fb0, 0x0000023ffaa06fe0, 0x0000023ffd083400,
0x0000023ffde4abe0, 0x0000023ffa9cdc10, 0x0000023ffcefff70, 0x0000023ffca928d0,
0x0000023ffdcc6310, 0x0000023ffa720cf0, 0x0000023ffdba9430, 0x0000023ffb0d4e50,
0x0000023ffb0d6190, 0x0000023ffb0d5320, 0x0000023ffb0d57f0, 0x0000023ffaac6070,
0x0000023ffc1f9850, 0x0000023ffc1fd6e0, 0x0000023ffc1fc3a0, 0x0000023ffc1fe550,
0x0000023ffc1fc870
}

Java Threads: ( => current thread )
  0x0000023fdd0ed580 JavaThread "Forwarding mouseMoveTo on session e27d811fcd62125d14b22e48f2b4f342 to remote" [_thread_in_native, id=1212, stack(0x0000005061d00000,0x0000005061e00000)]
  0x0000023ff95625c0 JavaThread "Reference Handler" daemon [_thread_blocked, id=8440, stack(0x0000005062400000,0x0000005062500000)]
  0x0000023ff95630a0 JavaThread "Finalizer" daemon [_thread_blocked, id=1812, stack(0x0000005062500000,0x0000005062600000)]
  0x0000023ff957d190 JavaThread "Signal Dispatcher" daemon [_thread_blocked, id=11248, stack(0x0000005062600000,0x0000005062700000)]
  0x0000023ff957fb60 JavaThread "Attach Listener" daemon [_thread_blocked, id=4708, stack(0x0000005062700000,0x0000005062800000)]
  0x0000023ff9580520 JavaThread "Service Thread" daemon [_thread_blocked, id=12936, stack(0x0000005062800000,0x0000005062900000)]
=>0x0000023ff958db40 JavaThread "C2 CompilerThread0" daemon [_thread_in_native, id=12852, stack(0x0000005062900000,0x0000005062a00000)]
  0x0000023ff9594630 JavaThread "C1 CompilerThread0" daemon [_thread_blocked, id=1876, stack(0x0000005062a00000,0x0000005062b00000)]
  0x0000023ff95a5030 JavaThread "Sweeper thread" daemon [_thread_blocked, id=8000, stack(0x0000005062b00000,0x0000005062c00000)]
  0x0000023ff9fb6fb0 JavaThread "Common-Cleaner" daemon [_thread_blocked, id=3860, stack(0x0000005062c00000,0x0000005062d00000)]
  0x0000023ffaa06fe0 JavaThread "Notification Thread" daemon [_thread_blocked, id=12020, stack(0x0000005062f00000,0x0000005063000000)]
  0x0000023ffd083400 JavaThread "ReaderThread" [_thread_in_native, id=6200, stack(0x0000005063300000,0x0000005063400000)]
  0x0000023ffde4abe0 JavaThread "Exec Default Executor" daemon [_thread_in_native, id=8944, stack(0x0000005063700000,0x0000005063800000)]
  0x0000023ffa9cdc10 JavaThread "UrlChecker-2" daemon [_thread_blocked, id=7348, stack(0x0000005063800000,0x0000005063900000)]
  0x0000023ffcefff70 JavaThread "Exec Stream Pumper" daemon [_thread_in_native, id=14204, stack(0x0000005063900000,0x0000005063a00000)]
  0x0000023ffca928d0 JavaThread "Exec Stream Pumper" daemon [_thread_in_native, id=12372, stack(0x0000005063a00000,0x0000005063b00000)]
  0x0000023ffdcc6310 JavaThread "ForkJoinPool.commonPool-worker-3" daemon [_thread_blocked, id=13840, stack(0x0000005063c00000,0x0000005063d00000)]
  0x0000023ffa720cf0 JavaThread "ForkJoinPool.commonPool-worker-5" daemon [_thread_blocked, id=13980, stack(0x0000005063d00000,0x0000005063e00000)]
  0x0000023ffdba9430 JavaThread "ForkJoinPool.commonPool-worker-7" daemon [_thread_blocked, id=9884, stack(0x0000005063e00000,0x0000005063f00000)]
  0x0000023ffb0d4e50 JavaThread "OkHttp ConnectionPool" daemon [_thread_blocked, id=1756, stack(0x0000005063f00000,0x0000005064000000)]
  0x0000023ffb0d6190 JavaThread "Okio Watchdog" daemon [_thread_blocked, id=12192, stack(0x0000005064000000,0x0000005064100000)]
  0x0000023ffb0d5320 JavaThread "Java2D Disposer" daemon [_thread_blocked, id=10728, stack(0x0000005063b00000,0x0000005063c00000)]
  0x0000023ffb0d57f0 JavaThread "AWT-Windows" daemon [_thread_in_native, id=8636, stack(0x0000005064200000,0x0000005064300000)]
  0x0000023ffaac6070 JavaThread "C2 CompilerThread1" daemon [_thread_in_native, id=4160, stack(0x0000005062d00000,0x0000005062e00000)]
  0x0000023ffc1f9850 JavaThread "Image Fetcher 0" daemon [_thread_blocked, id=9276, stack(0x0000005063100000,0x0000005063200000)]
  0x0000023ffc1fd6e0 JavaThread "Thread-3" [_thread_blocked, id=11452, stack(0x0000005064100000,0x0000005064200000)]
  0x0000023ffc1fc3a0 JavaThread "pool-3-thread-1" [_thread_in_native, id=13280, stack(0x0000005064310000,0x0000005064410000)]
  0x0000023ffc1fe550 JavaThread "pool-4-thread-1" [_thread_blocked, id=13652, stack(0x0000005064610000,0x0000005064710000)]
  0x0000023ffc1fc870 JavaThread "AWT-Shutdown" [_thread_blocked, id=13336, stack(0x0000005064710000,0x0000005064810000)]

Other Threads:
  0x0000023ff9560e30 VMThread "VM Thread" [stack: 0x0000005062300000,0x0000005062400000] [id=11584]
  0x0000023ffb1522d0 WatcherThread [stack: 0x0000005063000000,0x0000005063100000] [id=12172]
  0x0000023fdd11b9a0 GCTaskThread "GC Thread#0" [stack: 0x0000005061e00000,0x0000005061f00000] [id=13344]
  0x0000023ffa1ac920 GCTaskThread "GC Thread#1" [stack: 0x0000005062e00000,0x0000005062f00000] [id=3748]
  0x0000023ffb67f9c0 GCTaskThread "GC Thread#2" [stack: 0x0000005063400000,0x0000005063500000] [id=9092]
  0x0000023ffb67fcf0 GCTaskThread "GC Thread#3" [stack: 0x0000005063500000,0x0000005063600000] [id=6460]
  0x0000023ffb681010 GCTaskThread "GC Thread#4" [stack: 0x0000005064410000,0x0000005064510000] [id=13804]
  0x0000023ffb6819a0 GCTaskThread "GC Thread#5" [stack: 0x0000005064510000,0x0000005064610000] [id=2672]
  0x0000023ffb681cd0 GCTaskThread "GC Thread#6" [stack: 0x0000005064910000,0x0000005064a10000] [id=9140]
  0x0000023ffb682990 GCTaskThread "GC Thread#7" [stack: 0x0000005064a10000,0x0000005064b10000] [id=1616]
  0x0000023fdd125ff0 ConcurrentGCThread "G1 Main Marker" [stack: 0x0000005061f00000,0x0000005062000000] [id=11352]
  0x0000023fdd126b70 ConcurrentGCThread "G1 Conc#0" [stack: 0x0000005062000000,0x0000005062100000] [id=2928]
  0x0000023ffb680350 ConcurrentGCThread "G1 Conc#1" [stack: 0x0000005063600000,0x0000005063700000] [id=12140]
  0x0000023fdd18a060 ConcurrentGCThread "G1 Refine#0" [stack: 0x0000005062100000,0x0000005062200000] [id=5608]
  0x0000023ffaccd100 ConcurrentGCThread "G1 Refine#1" [stack: 0x0000005064b10000,0x0000005064c10000] [id=13068]
  0x0000023ffacce1e0 ConcurrentGCThread "G1 Refine#2" [stack: 0x0000005064c10000,0x0000005064d10000] [id=12312]
  0x0000023ffaccd460 ConcurrentGCThread "G1 Refine#3" [stack: 0x0000005064810000,0x0000005064910000] [id=6316]
  0x0000023ffcc173a0 ConcurrentGCThread "G1 Refine#4" [stack: 0x0000005064d10000,0x0000005064e10000] [id=8084]
  0x0000023ffcc16620 ConcurrentGCThread "G1 Refine#5" [stack: 0x0000005064e10000,0x0000005064f10000] [id=12736]
  0x0000023fdd18bb80 ConcurrentGCThread "G1 Young RemSet Sampling" [stack: 0x0000005062200000,0x0000005062300000] [id=10440]

Threads with active compile tasks:
C2 CompilerThread0    29006 5012   !   4       jdk.internal.loader.URLClassPath$JarLoader::ensureOpen (36 bytes)
C2 CompilerThread1    29006 5284       4       org.monte.media.avi.TechSmithCodecCore::encodeKey24 (447 bytes)

VM state: not at safepoint (normal execution)

VM Mutex/Monitor currently owned by a thread: None

Heap address: 0x00000000c1a00000, size: 998 MB, Compressed Oops mode: 32-bit
CDS archive(s) mapped at: [0x0000000800000000-0x0000000800b50000-0x0000000800b50000), size 11862016, SharedBaseAddress: 0x0000000800000000, ArchiveRelocationMode: 0.
Compressed class space mapped at: 0x0000000800b50000-0x0000000840b50000, size: 1073741824
Narrow klass base: 0x0000000800000000, Narrow klass shift: 3, Narrow klass range: 0x100000000

GC Precious Log:
 CPUs: 8 total, 8 available
 Memory: 3984M
 Large Page Support: Disabled
 NUMA Support: Disabled
 Compressed Oops: Enabled (32-bit)
 Heap Region Size: 1M
 Heap Min Capacity: 8M
 Heap Initial Capacity: 64M
 Heap Max Capacity: 998M
 Pre-touch: Disabled
 Parallel Workers: 8
 Concurrent Workers: 2
 Concurrent Refinement Workers: 8
 Periodic GC: Disabled

Heap:
 garbage-first heap   total 275456K, used 121024K [0x00000000c1a00000, 0x0000000100000000)
  region size 1024K, 7 young (7168K), 2 survivors (2048K)
 Metaspace       used 40978K, capacity 41395K, committed 41648K, reserved 1085440K
  class space    used 4641K, capacity 4784K, committed 4864K, reserved 1048576K

Heap Regions: E=young(eden), S=young(survivor), O=old, HS=humongous(starts), HC=humongous(continues), CS=collection set, F=free, OA=open archive, CA=closed archive, TAMS=top-at-mark-start (previous, next)
|   0|0x00000000c1a00000, 0x00000000c1b00000, 0x00000000c1b00000|100%|HS|  |TAMS 0x00000000c1b00000, 0x00000000c1a00000| Complete 
|   1|0x00000000c1b00000, 0x00000000c1c00000, 0x00000000c1c00000|100%| O|  |TAMS 0x00000000c1c00000, 0x00000000c1b00000| Untracked 
|   2|0x00000000c1c00000, 0x00000000c1d00000, 0x00000000c1d00000|100%| O|  |TAMS 0x00000000c1d00000, 0x00000000c1c00000| Untracked 
|   3|0x00000000c1d00000, 0x00000000c1e00000, 0x00000000c1e00000|100%| O|  |TAMS 0x00000000c1e00000, 0x00000000c1d00000| Untracked 
|   4|0x00000000c1e00000, 0x00000000c1f00000, 0x00000000c1f00000|100%| O|  |TAMS 0x00000000c1f00000, 0x00000000c1e00000| Untracked 
|   5|0x00000000c1f00000, 0x00000000c2000000, 0x00000000c2000000|100%| O|  |TAMS 0x00000000c2000000, 0x00000000c1f00000| Untracked 
|   6|0x00000000c2000000, 0x00000000c2100000, 0x00000000c2100000|100%| O|  |TAMS 0x00000000c2100000, 0x00000000c2000000| Untracked 
|   7|0x00000000c2100000, 0x00000000c2200000, 0x00000000c2200000|100%| O|  |TAMS 0x00000000c2200000, 0x00000000c2100000| Untracked 
|   8|0x00000000c2200000, 0x00000000c2300000, 0x00000000c2300000|100%| O|  |TAMS 0x00000000c2300000, 0x00000000c2200000| Untracked 
|   9|0x00000000c2300000, 0x00000000c2400000, 0x00000000c2400000|100%| O|  |TAMS 0x00000000c2400000, 0x00000000c2300000| Untracked 
|  10|0x00000000c2400000, 0x00000000c2500000, 0x00000000c2500000|100%| O|  |TAMS 0x00000000c2500000, 0x00000000c2400000| Untracked 
|  11|0x00000000c2500000, 0x00000000c2600000, 0x00000000c2600000|100%| O|  |TAMS 0x00000000c2600000, 0x00000000c2500000| Untracked 
|  12|0x00000000c2600000, 0x00000000c2700000, 0x00000000c2700000|100%| O|  |TAMS 0x00000000c2700000, 0x00000000c2600000| Untracked 
|  13|0x00000000c2700000, 0x00000000c2800000, 0x00000000c2800000|100%| O|  |TAMS 0x00000000c2800000, 0x00000000c2700000| Untracked 
|  14|0x00000000c2800000, 0x00000000c2900000, 0x00000000c2900000|100%| O|  |TAMS 0x00000000c2900000, 0x00000000c2800000| Untracked 
|  15|0x00000000c2900000, 0x00000000c2a00000, 0x00000000c2a00000|100%| O|  |TAMS 0x00000000c2a00000, 0x00000000c2900000| Untracked 
|  16|0x00000000c2a00000, 0x00000000c2b00000, 0x00000000c2b00000|100%| O|  |TAMS 0x00000000c2b00000, 0x00000000c2a00000| Untracked 
|  17|0x00000000c2b00000, 0x00000000c2c00000, 0x00000000c2c00000|100%| O|  |TAMS 0x00000000c2c00000, 0x00000000c2b00000| Untracked 
|  18|0x00000000c2c00000, 0x00000000c2d00000, 0x00000000c2d00000|100%| O|  |TAMS 0x00000000c2d00000, 0x00000000c2c00000| Untracked 
|  19|0x00000000c2d00000, 0x00000000c2e00000, 0x00000000c2e00000|100%| O|  |TAMS 0x00000000c2e00000, 0x00000000c2d00000| Untracked 
|  20|0x00000000c2e00000, 0x00000000c2f00000, 0x00000000c2f00000|100%| O|  |TAMS 0x00000000c2f00000, 0x00000000c2e00000| Untracked 
|  21|0x00000000c2f00000, 0x00000000c3000000, 0x00000000c3000000|100%| O|  |TAMS 0x00000000c3000000, 0x00000000c2f00000| Untracked 
|  22|0x00000000c3000000, 0x00000000c3100000, 0x00000000c3100000|100%| O|  |TAMS 0x00000000c3100000, 0x00000000c3000000| Untracked 
|  23|0x00000000c3100000, 0x00000000c3200000, 0x00000000c3200000|100%| O|  |TAMS 0x00000000c3200000, 0x00000000c3100000| Untracked 
|  24|0x00000000c3200000, 0x00000000c3300000, 0x00000000c3300000|100%| O|  |TAMS 0x00000000c3300000, 0x00000000c3200000| Untracked 
|  25|0x00000000c3300000, 0x00000000c3400000, 0x00000000c3400000|100%| O|  |TAMS 0x00000000c3400000, 0x00000000c3300000| Untracked 
|  26|0x00000000c3400000, 0x00000000c3500000, 0x00000000c3500000|100%| O|  |TAMS 0x00000000c3500000, 0x00000000c3400000| Untracked 
|  27|0x00000000c3500000, 0x00000000c3600000, 0x00000000c3600000|100%| O|  |TAMS 0x00000000c3600000, 0x00000000c3500000| Untracked 
|  28|0x00000000c3600000, 0x00000000c3700000, 0x00000000c3700000|100%| O|  |TAMS 0x00000000c3700000, 0x00000000c3600000| Untracked 
|  29|0x00000000c3700000, 0x00000000c3800000, 0x00000000c3800000|100%| O|  |TAMS 0x00000000c3800000, 0x00000000c3700000| Untracked 
|  30|0x00000000c3800000, 0x00000000c3900000, 0x00000000c3900000|100%| O|  |TAMS 0x00000000c3900000, 0x00000000c3800000| Untracked 
|  31|0x00000000c3900000, 0x00000000c3a00000, 0x00000000c3a00000|100%| O|  |TAMS 0x00000000c3a00000, 0x00000000c3900000| Untracked 
|  32|0x00000000c3a00000, 0x00000000c3b00000, 0x00000000c3b00000|100%| O|  |TAMS 0x00000000c3b00000, 0x00000000c3a00000| Untracked 
|  33|0x00000000c3b00000, 0x00000000c3c00000, 0x00000000c3c00000|100%| O|  |TAMS 0x00000000c3c00000, 0x00000000c3b00000| Untracked 
|  34|0x00000000c3c00000, 0x00000000c3d00000, 0x00000000c3d00000|100%| O|  |TAMS 0x00000000c3d00000, 0x00000000c3c00000| Untracked 
|  35|0x00000000c3d00000, 0x00000000c3e00000, 0x00000000c3e00000|100%| O|  |TAMS 0x00000000c3e00000, 0x00000000c3d00000| Untracked 
|  36|0x00000000c3e00000, 0x00000000c3f00000, 0x00000000c3f00000|100%| O|  |TAMS 0x00000000c3f00000, 0x00000000c3e00000| Untracked 
|  37|0x00000000c3f00000, 0x00000000c4000000, 0x00000000c4000000|100%| O|  |TAMS 0x00000000c4000000, 0x00000000c3f00000| Untracked 
|  38|0x00000000c4000000, 0x00000000c4100000, 0x00000000c4100000|100%| O|  |TAMS 0x00000000c4100000, 0x00000000c4000000| Untracked 
|  39|0x00000000c4100000, 0x00000000c4200000, 0x00000000c4200000|100%| O|  |TAMS 0x00000000c4200000, 0x00000000c4100000| Untracked 
|  40|0x00000000c4200000, 0x00000000c4300000, 0x00000000c4300000|100%| O|  |TAMS 0x00000000c4300000, 0x00000000c4200000| Untracked 
|  41|0x00000000c4300000, 0x00000000c4400000, 0x00000000c4400000|100%| O|  |TAMS 0x00000000c4400000, 0x00000000c4300000| Untracked 
|  42|0x00000000c4400000, 0x00000000c4500000, 0x00000000c4500000|100%| O|  |TAMS 0x00000000c4500000, 0x00000000c4400000| Untracked 
|  43|0x00000000c4500000, 0x00000000c4600000, 0x00000000c4600000|100%| O|  |TAMS 0x00000000c4600000, 0x00000000c4500000| Untracked 
|  44|0x00000000c4600000, 0x00000000c4700000, 0x00000000c4700000|100%| O|  |TAMS 0x00000000c4700000, 0x00000000c4600000| Untracked 
|  45|0x00000000c4700000, 0x00000000c4800000, 0x00000000c4800000|100%| O|  |TAMS 0x00000000c4800000, 0x00000000c4700000| Untracked 
|  46|0x00000000c4800000, 0x00000000c4900000, 0x00000000c4900000|100%| O|  |TAMS 0x00000000c4900000, 0x00000000c4800000| Untracked 
|  47|0x00000000c4900000, 0x00000000c4a00000, 0x00000000c4a00000|100%| O|  |TAMS 0x00000000c4a00000, 0x00000000c4900000| Untracked 
|  48|0x00000000c4a00000, 0x00000000c4b00000, 0x00000000c4b00000|100%| O|  |TAMS 0x00000000c4b00000, 0x00000000c4a00000| Untracked 
|  49|0x00000000c4b00000, 0x00000000c4c00000, 0x00000000c4c00000|100%| O|  |TAMS 0x00000000c4c00000, 0x00000000c4b00000| Untracked 
|  50|0x00000000c4c00000, 0x00000000c4d00000, 0x00000000c4d00000|100%| O|  |TAMS 0x00000000c4d00000, 0x00000000c4c00000| Untracked 
|  51|0x00000000c4d00000, 0x00000000c4e00000, 0x00000000c4e00000|100%| O|  |TAMS 0x00000000c4e00000, 0x00000000c4d00000| Untracked 
|  52|0x00000000c4e00000, 0x00000000c4f00000, 0x00000000c4f00000|100%| O|  |TAMS 0x00000000c4f00000, 0x00000000c4e00000| Untracked 
|  53|0x00000000c4f00000, 0x00000000c5000000, 0x00000000c5000000|100%| O|  |TAMS 0x00000000c5000000, 0x00000000c4f00000| Untracked 
|  54|0x00000000c5000000, 0x00000000c5100000, 0x00000000c5100000|100%| O|  |TAMS 0x00000000c5100000, 0x00000000c5000000| Untracked 
|  55|0x00000000c5100000, 0x00000000c5200000, 0x00000000c5200000|100%| O|  |TAMS 0x00000000c5200000, 0x00000000c5100000| Untracked 
|  56|0x00000000c5200000, 0x00000000c5300000, 0x00000000c5300000|100%| O|  |TAMS 0x00000000c5300000, 0x00000000c5200000| Untracked 
|  57|0x00000000c5300000, 0x00000000c5400000, 0x00000000c5400000|100%| O|  |TAMS 0x00000000c5400000, 0x00000000c5300000| Untracked 
|  58|0x00000000c5400000, 0x00000000c5500000, 0x00000000c5500000|100%| O|  |TAMS 0x00000000c5500000, 0x00000000c5400000| Untracked 
|  59|0x00000000c5500000, 0x00000000c5600000, 0x00000000c5600000|100%| O|  |TAMS 0x00000000c5600000, 0x00000000c5500000| Untracked 
|  60|0x00000000c5600000, 0x00000000c5700000, 0x00000000c5700000|100%|HS|  |TAMS 0x00000000c5600000, 0x00000000c5600000| Complete 
|  61|0x00000000c5700000, 0x00000000c5800000, 0x00000000c5800000|100%|HS|  |TAMS 0x00000000c5800000, 0x00000000c5700000| Complete 
|  62|0x00000000c5800000, 0x00000000c5900000, 0x00000000c5900000|100%|HC|  |TAMS 0x00000000c5900000, 0x00000000c5800000| Complete 
|  63|0x00000000c5900000, 0x00000000c5900000, 0x00000000c5a00000|  0%| F|  |TAMS 0x00000000c5900000, 0x00000000c5900000| Untracked 
|  64|0x00000000c5a00000, 0x00000000c5a00000, 0x00000000c5b00000|  0%| F|  |TAMS 0x00000000c5a00000, 0x00000000c5a00000| Untracked 
|  65|0x00000000c5b00000, 0x00000000c5b00000, 0x00000000c5c00000|  0%| F|  |TAMS 0x00000000c5b00000, 0x00000000c5b00000| Untracked 
|  66|0x00000000c5c00000, 0x00000000c5d00000, 0x00000000c5d00000|100%| O|  |TAMS 0x00000000c5d00000, 0x00000000c5c00000| Untracked 
|  67|0x00000000c5d00000, 0x00000000c5daa200, 0x00000000c5e00000| 66%| O|  |TAMS 0x00000000c5da9000, 0x00000000c5d00000| Untracked 
|  68|0x00000000c5e00000, 0x00000000c5e00000, 0x00000000c5f00000|  0%| F|  |TAMS 0x00000000c5e00000, 0x00000000c5e00000| Untracked 
|  69|0x00000000c5f00000, 0x00000000c5f00000, 0x00000000c6000000|  0%| F|  |TAMS 0x00000000c5f00000, 0x00000000c5f00000| Untracked 
|  70|0x00000000c6000000, 0x00000000c6000000, 0x00000000c6100000|  0%| F|  |TAMS 0x00000000c6000000, 0x00000000c6000000| Untracked 
|  71|0x00000000c6100000, 0x00000000c6100000, 0x00000000c6200000|  0%| F|  |TAMS 0x00000000c6100000, 0x00000000c6100000| Untracked 
|  72|0x00000000c6200000, 0x00000000c6300000, 0x00000000c6300000|100%| O|  |TAMS 0x00000000c6300000, 0x00000000c6200000| Untracked 
|  73|0x00000000c6300000, 0x00000000c6400000, 0x00000000c6400000|100%| O|  |TAMS 0x00000000c6400000, 0x00000000c6300000| Untracked 
|  74|0x00000000c6400000, 0x00000000c6500000, 0x00000000c6500000|100%| O|  |TAMS 0x00000000c6500000, 0x00000000c6400000| Untracked 
|  75|0x00000000c6500000, 0x00000000c6600000, 0x00000000c6600000|100%|HS|  |TAMS 0x00000000c6600000, 0x00000000c6500000| Complete 
|  76|0x00000000c6600000, 0x00000000c6700000, 0x00000000c6700000|100%|HC|  |TAMS 0x00000000c6700000, 0x00000000c6600000| Complete 
|  77|0x00000000c6700000, 0x00000000c6800000, 0x00000000c6800000|100%|HC|  |TAMS 0x00000000c6800000, 0x00000000c6700000| Complete 
|  78|0x00000000c6800000, 0x00000000c6800000, 0x00000000c6900000|  0%| F|  |TAMS 0x00000000c6800000, 0x00000000c6800000| Untracked 
|  79|0x00000000c6900000, 0x00000000c6900000, 0x00000000c6a00000|  0%| F|  |TAMS 0x00000000c6900000, 0x00000000c6900000| Untracked 
|  80|0x00000000c6a00000, 0x00000000c6a00000, 0x00000000c6b00000|  0%| F|  |TAMS 0x00000000c6a00000, 0x00000000c6a00000| Untracked 
|  81|0x00000000c6b00000, 0x00000000c6c00000, 0x00000000c6c00000|100%| O|  |TAMS 0x00000000c6c00000, 0x00000000c6b00000| Untracked 
|  82|0x00000000c6c00000, 0x00000000c6d00000, 0x00000000c6d00000|100%|HS|  |TAMS 0x00000000c6d00000, 0x00000000c6c00000| Complete 
|  83|0x00000000c6d00000, 0x00000000c6e00000, 0x00000000c6e00000|100%|HC|  |TAMS 0x00000000c6e00000, 0x00000000c6d00000| Complete 
|  84|0x00000000c6e00000, 0x00000000c6f00000, 0x00000000c6f00000|100%|HC|  |TAMS 0x00000000c6f00000, 0x00000000c6e00000| Complete 
|  85|0x00000000c6f00000, 0x00000000c7000000, 0x00000000c7000000|100%|HC|  |TAMS 0x00000000c7000000, 0x00000000c6f00000| Complete 
|  86|0x00000000c7000000, 0x00000000c7100000, 0x00000000c7100000|100%|HC|  |TAMS 0x00000000c7100000, 0x00000000c7000000| Complete 
|  87|0x00000000c7100000, 0x00000000c7200000, 0x00000000c7200000|100%|HC|  |TAMS 0x00000000c7200000, 0x00000000c7100000| Complete 
|  88|0x00000000c7200000, 0x00000000c7200000, 0x00000000c7300000|  0%| F|  |TAMS 0x00000000c7200000, 0x00000000c7200000| Untracked 
|  89|0x00000000c7300000, 0x00000000c7300000, 0x00000000c7400000|  0%| F|  |TAMS 0x00000000c7300000, 0x00000000c7300000| Untracked 
|  90|0x00000000c7400000, 0x00000000c7400000, 0x00000000c7500000|  0%| F|  |TAMS 0x00000000c7400000, 0x00000000c7400000| Untracked 
|  91|0x00000000c7500000, 0x00000000c7600000, 0x00000000c7600000|100%|HS|  |TAMS 0x00000000c7600000, 0x00000000c7500000| Complete 
|  92|0x00000000c7600000, 0x00000000c7700000, 0x00000000c7700000|100%|HC|  |TAMS 0x00000000c7700000, 0x00000000c7600000| Complete 
|  93|0x00000000c7700000, 0x00000000c7800000, 0x00000000c7800000|100%|HC|  |TAMS 0x00000000c7800000, 0x00000000c7700000| Complete 
|  94|0x00000000c7800000, 0x00000000c7900000, 0x00000000c7900000|100%|HC|  |TAMS 0x00000000c7900000, 0x00000000c7800000| Complete 
|  95|0x00000000c7900000, 0x00000000c7a00000, 0x00000000c7a00000|100%|HC|  |TAMS 0x00000000c7a00000, 0x00000000c7900000| Complete 
|  96|0x00000000c7a00000, 0x00000000c7b00000, 0x00000000c7b00000|100%|HC|  |TAMS 0x00000000c7b00000, 0x00000000c7a00000| Complete 
|  97|0x00000000c7b00000, 0x00000000c7c00000, 0x00000000c7c00000|100%|HS|  |TAMS 0x00000000c7b00000, 0x00000000c7b00000| Complete 
|  98|0x00000000c7c00000, 0x00000000c7d00000, 0x00000000c7d00000|100%|HC|  |TAMS 0x00000000c7c00000, 0x00000000c7c00000| Complete 
|  99|0x00000000c7d00000, 0x00000000c7e00000, 0x00000000c7e00000|100%|HC|  |TAMS 0x00000000c7d00000, 0x00000000c7d00000| Complete 
| 100|0x00000000c7e00000, 0x00000000c7f00000, 0x00000000c7f00000|100%|HC|  |TAMS 0x00000000c7e00000, 0x00000000c7e00000| Complete 
| 101|0x00000000c7f00000, 0x00000000c8000000, 0x00000000c8000000|100%|HC|  |TAMS 0x00000000c7f00000, 0x00000000c7f00000| Complete 
| 102|0x00000000c8000000, 0x00000000c8100000, 0x00000000c8100000|100%|HC|  |TAMS 0x00000000c8000000, 0x00000000c8000000| Complete 
| 103|0x00000000c8100000, 0x00000000c8200000, 0x00000000c8200000|100%|HS|  |TAMS 0x00000000c8200000, 0x00000000c8100000| Complete 
| 104|0x00000000c8200000, 0x00000000c8300000, 0x00000000c8300000|100%|HC|  |TAMS 0x00000000c8300000, 0x00000000c8200000| Complete 
| 105|0x00000000c8300000, 0x00000000c8400000, 0x00000000c8400000|100%|HC|  |TAMS 0x00000000c8400000, 0x00000000c8300000| Complete 
| 106|0x00000000c8400000, 0x00000000c8500000, 0x00000000c8500000|100%|HC|  |TAMS 0x00000000c8500000, 0x00000000c8400000| Complete 
| 107|0x00000000c8500000, 0x00000000c8600000, 0x00000000c8600000|100%|HC|  |TAMS 0x00000000c8600000, 0x00000000c8500000| Complete 
| 108|0x00000000c8600000, 0x00000000c8700000, 0x00000000c8700000|100%|HC|  |TAMS 0x00000000c8700000, 0x00000000c8600000| Complete 
| 109|0x00000000c8700000, 0x00000000c8800000, 0x00000000c8800000|100%|HS|  |TAMS 0x00000000c8800000, 0x00000000c8700000| Complete 
| 110|0x00000000c8800000, 0x00000000c8900000, 0x00000000c8900000|100%|HC|  |TAMS 0x00000000c8900000, 0x00000000c8800000| Complete 
| 111|0x00000000c8900000, 0x00000000c8a00000, 0x00000000c8a00000|100%|HC|  |TAMS 0x00000000c8a00000, 0x00000000c8900000| Complete 
| 112|0x00000000c8a00000, 0x00000000c8b00000, 0x00000000c8b00000|100%|HC|  |TAMS 0x00000000c8b00000, 0x00000000c8a00000| Complete 
| 113|0x00000000c8b00000, 0x00000000c8c00000, 0x00000000c8c00000|100%|HC|  |TAMS 0x00000000c8c00000, 0x00000000c8b00000| Complete 
| 114|0x00000000c8c00000, 0x00000000c8d00000, 0x00000000c8d00000|100%|HS|  |TAMS 0x00000000c8c00000, 0x00000000c8c00000| Complete 
| 115|0x00000000c8d00000, 0x00000000c8e00000, 0x00000000c8e00000|100%|HC|  |TAMS 0x00000000c8d00000, 0x00000000c8d00000| Complete 
| 116|0x00000000c8e00000, 0x00000000c8f00000, 0x00000000c8f00000|100%|HC|  |TAMS 0x00000000c8e00000, 0x00000000c8e00000| Complete 
| 117|0x00000000c8f00000, 0x00000000c9000000, 0x00000000c9000000|100%|HC|  |TAMS 0x00000000c8f00000, 0x00000000c8f00000| Complete 
| 118|0x00000000c9000000, 0x00000000c9100000, 0x00000000c9100000|100%|HC|  |TAMS 0x00000000c9000000, 0x00000000c9000000| Complete 
| 119|0x00000000c9100000, 0x00000000c9200000, 0x00000000c9200000|100%|HC|  |TAMS 0x00000000c9100000, 0x00000000c9100000| Complete 
| 120|0x00000000c9200000, 0x00000000c9300000, 0x00000000c9300000|100%|HS|  |TAMS 0x00000000c9200000, 0x00000000c9200000| Complete 
| 121|0x00000000c9300000, 0x00000000c9400000, 0x00000000c9400000|100%|HC|  |TAMS 0x00000000c9300000, 0x00000000c9300000| Complete 
| 122|0x00000000c9400000, 0x00000000c9500000, 0x00000000c9500000|100%|HC|  |TAMS 0x00000000c9400000, 0x00000000c9400000| Complete 
| 123|0x00000000c9500000, 0x00000000c9600000, 0x00000000c9600000|100%|HC|  |TAMS 0x00000000c9500000, 0x00000000c9500000| Complete 
| 124|0x00000000c9600000, 0x00000000c9700000, 0x00000000c9700000|100%|HC|  |TAMS 0x00000000c9600000, 0x00000000c9600000| Complete 
| 125|0x00000000c9700000, 0x00000000c9800000, 0x00000000c9800000|100%|HC|  |TAMS 0x00000000c9700000, 0x00000000c9700000| Complete 
| 126|0x00000000c9800000, 0x00000000c9800000, 0x00000000c9900000|  0%| F|  |TAMS 0x00000000c9800000, 0x00000000c9800000| Untracked 
| 127|0x00000000c9900000, 0x00000000c9900000, 0x00000000c9a00000|  0%| F|  |TAMS 0x00000000c9900000, 0x00000000c9900000| Untracked 
| 128|0x00000000c9a00000, 0x00000000c9a00000, 0x00000000c9b00000|  0%| F|  |TAMS 0x00000000c9a00000, 0x00000000c9a00000| Untracked 
| 129|0x00000000c9b00000, 0x00000000c9b00000, 0x00000000c9c00000|  0%| F|  |TAMS 0x00000000c9b00000, 0x00000000c9b00000| Untracked 
| 130|0x00000000c9c00000, 0x00000000c9c00000, 0x00000000c9d00000|  0%| F|  |TAMS 0x00000000c9c00000, 0x00000000c9c00000| Untracked 
| 131|0x00000000c9d00000, 0x00000000c9d00000, 0x00000000c9e00000|  0%| F|  |TAMS 0x00000000c9d00000, 0x00000000c9d00000| Untracked 
| 132|0x00000000c9e00000, 0x00000000c9e00000, 0x00000000c9f00000|  0%| F|  |TAMS 0x00000000c9e00000, 0x00000000c9e00000| Untracked 
| 133|0x00000000c9f00000, 0x00000000c9f00000, 0x00000000ca000000|  0%| F|  |TAMS 0x00000000c9f00000, 0x00000000c9f00000| Untracked 
| 134|0x00000000ca000000, 0x00000000ca000000, 0x00000000ca100000|  0%| F|  |TAMS 0x00000000ca000000, 0x00000000ca000000| Untracked 
| 135|0x00000000ca100000, 0x00000000ca100000, 0x00000000ca200000|  0%| F|  |TAMS 0x00000000ca100000, 0x00000000ca100000| Untracked 
| 136|0x00000000ca200000, 0x00000000ca200000, 0x00000000ca300000|  0%| F|  |TAMS 0x00000000ca200000, 0x00000000ca200000| Untracked 
| 137|0x00000000ca300000, 0x00000000ca300000, 0x00000000ca400000|  0%| F|  |TAMS 0x00000000ca300000, 0x00000000ca300000| Untracked 
| 138|0x00000000ca400000, 0x00000000ca400000, 0x00000000ca500000|  0%| F|  |TAMS 0x00000000ca400000, 0x00000000ca400000| Untracked 
| 139|0x00000000ca500000, 0x00000000ca500000, 0x00000000ca600000|  0%| F|  |TAMS 0x00000000ca500000, 0x00000000ca500000| Untracked 
| 140|0x00000000ca600000, 0x00000000ca600000, 0x00000000ca700000|  0%| F|  |TAMS 0x00000000ca600000, 0x00000000ca600000| Untracked 
| 141|0x00000000ca700000, 0x00000000ca700000, 0x00000000ca800000|  0%| F|  |TAMS 0x00000000ca700000, 0x00000000ca700000| Untracked 
| 142|0x00000000ca800000, 0x00000000ca800000, 0x00000000ca900000|  0%| F|  |TAMS 0x00000000ca800000, 0x00000000ca800000| Untracked 
| 143|0x00000000ca900000, 0x00000000ca900000, 0x00000000caa00000|  0%| F|  |TAMS 0x00000000ca900000, 0x00000000ca900000| Untracked 
| 144|0x00000000caa00000, 0x00000000caa00000, 0x00000000cab00000|  0%| F|  |TAMS 0x00000000caa00000, 0x00000000caa00000| Untracked 
| 145|0x00000000cab00000, 0x00000000cab00000, 0x00000000cac00000|  0%| F|  |TAMS 0x00000000cab00000, 0x00000000cab00000| Untracked 
| 146|0x00000000cac00000, 0x00000000cac00000, 0x00000000cad00000|  0%| F|  |TAMS 0x00000000cac00000, 0x00000000cac00000| Untracked 
| 147|0x00000000cad00000, 0x00000000cad00000, 0x00000000cae00000|  0%| F|  |TAMS 0x00000000cad00000, 0x00000000cad00000| Untracked 
| 148|0x00000000cae00000, 0x00000000cae00000, 0x00000000caf00000|  0%| F|  |TAMS 0x00000000cae00000, 0x00000000cae00000| Untracked 
| 149|0x00000000caf00000, 0x00000000caf00000, 0x00000000cb000000|  0%| F|  |TAMS 0x00000000caf00000, 0x00000000caf00000| Untracked 
| 150|0x00000000cb000000, 0x00000000cb000000, 0x00000000cb100000|  0%| F|  |TAMS 0x00000000cb000000, 0x00000000cb000000| Untracked 
| 151|0x00000000cb100000, 0x00000000cb100000, 0x00000000cb200000|  0%| F|  |TAMS 0x00000000cb100000, 0x00000000cb100000| Untracked 
| 152|0x00000000cb200000, 0x00000000cb200000, 0x00000000cb300000|  0%| F|  |TAMS 0x00000000cb200000, 0x00000000cb200000| Untracked 
| 153|0x00000000cb300000, 0x00000000cb300000, 0x00000000cb400000|  0%| F|  |TAMS 0x00000000cb300000, 0x00000000cb300000| Untracked 
| 154|0x00000000cb400000, 0x00000000cb400000, 0x00000000cb500000|  0%| F|  |TAMS 0x00000000cb400000, 0x00000000cb400000| Untracked 
| 155|0x00000000cb500000, 0x00000000cb500000, 0x00000000cb600000|  0%| F|  |TAMS 0x00000000cb500000, 0x00000000cb500000| Untracked 
| 156|0x00000000cb600000, 0x00000000cb600000, 0x00000000cb700000|  0%| F|  |TAMS 0x00000000cb600000, 0x00000000cb600000| Untracked 
| 157|0x00000000cb700000, 0x00000000cb700000, 0x00000000cb800000|  0%| F|  |TAMS 0x00000000cb700000, 0x00000000cb700000| Untracked 
| 158|0x00000000cb800000, 0x00000000cb800000, 0x00000000cb900000|  0%| F|  |TAMS 0x00000000cb800000, 0x00000000cb800000| Untracked 
| 159|0x00000000cb900000, 0x00000000cb900000, 0x00000000cba00000|  0%| F|  |TAMS 0x00000000cb900000, 0x00000000cb900000| Untracked 
| 160|0x00000000cba00000, 0x00000000cba00000, 0x00000000cbb00000|  0%| F|  |TAMS 0x00000000cba00000, 0x00000000cba00000| Untracked 
| 161|0x00000000cbb00000, 0x00000000cbb00000, 0x00000000cbc00000|  0%| F|  |TAMS 0x00000000cbb00000, 0x00000000cbb00000| Untracked 
| 162|0x00000000cbc00000, 0x00000000cbc00000, 0x00000000cbd00000|  0%| F|  |TAMS 0x00000000cbc00000, 0x00000000cbc00000| Untracked 
| 163|0x00000000cbd00000, 0x00000000cbd00000, 0x00000000cbe00000|  0%| F|  |TAMS 0x00000000cbd00000, 0x00000000cbd00000| Untracked 
| 164|0x00000000cbe00000, 0x00000000cbe00000, 0x00000000cbf00000|  0%| F|  |TAMS 0x00000000cbe00000, 0x00000000cbe00000| Untracked 
| 165|0x00000000cbf00000, 0x00000000cbf00000, 0x00000000cc000000|  0%| F|  |TAMS 0x00000000cbf00000, 0x00000000cbf00000| Untracked 
| 166|0x00000000cc000000, 0x00000000cc000000, 0x00000000cc100000|  0%| F|  |TAMS 0x00000000cc000000, 0x00000000cc000000| Untracked 
| 167|0x00000000cc100000, 0x00000000cc100000, 0x00000000cc200000|  0%| F|  |TAMS 0x00000000cc100000, 0x00000000cc100000| Untracked 
| 168|0x00000000cc200000, 0x00000000cc200000, 0x00000000cc300000|  0%| F|  |TAMS 0x00000000cc200000, 0x00000000cc200000| Untracked 
| 169|0x00000000cc300000, 0x00000000cc300000, 0x00000000cc400000|  0%| F|  |TAMS 0x00000000cc300000, 0x00000000cc300000| Untracked 
| 170|0x00000000cc400000, 0x00000000cc400000, 0x00000000cc500000|  0%| F|  |TAMS 0x00000000cc400000, 0x00000000cc400000| Untracked 
| 171|0x00000000cc500000, 0x00000000cc500000, 0x00000000cc600000|  0%| F|  |TAMS 0x00000000cc500000, 0x00000000cc500000| Untracked 
| 172|0x00000000cc600000, 0x00000000cc600000, 0x00000000cc700000|  0%| F|  |TAMS 0x00000000cc600000, 0x00000000cc600000| Untracked 
| 173|0x00000000cc700000, 0x00000000cc700000, 0x00000000cc800000|  0%| F|  |TAMS 0x00000000cc700000, 0x00000000cc700000| Untracked 
| 174|0x00000000cc800000, 0x00000000cc800000, 0x00000000cc900000|  0%| F|  |TAMS 0x00000000cc800000, 0x00000000cc800000| Untracked 
| 175|0x00000000cc900000, 0x00000000cc900000, 0x00000000cca00000|  0%| F|  |TAMS 0x00000000cc900000, 0x00000000cc900000| Untracked 
| 176|0x00000000cca00000, 0x00000000cca00000, 0x00000000ccb00000|  0%| F|  |TAMS 0x00000000cca00000, 0x00000000cca00000| Untracked 
| 177|0x00000000ccb00000, 0x00000000ccb00000, 0x00000000ccc00000|  0%| F|  |TAMS 0x00000000ccb00000, 0x00000000ccb00000| Untracked 
| 178|0x00000000ccc00000, 0x00000000ccc00000, 0x00000000ccd00000|  0%| F|  |TAMS 0x00000000ccc00000, 0x00000000ccc00000| Untracked 
| 179|0x00000000ccd00000, 0x00000000ccd00000, 0x00000000cce00000|  0%| F|  |TAMS 0x00000000ccd00000, 0x00000000ccd00000| Untracked 
| 180|0x00000000cce00000, 0x00000000cce00000, 0x00000000ccf00000|  0%| F|  |TAMS 0x00000000cce00000, 0x00000000cce00000| Untracked 
| 181|0x00000000ccf00000, 0x00000000ccf00000, 0x00000000cd000000|  0%| F|  |TAMS 0x00000000ccf00000, 0x00000000ccf00000| Untracked 
| 182|0x00000000cd000000, 0x00000000cd000000, 0x00000000cd100000|  0%| F|  |TAMS 0x00000000cd000000, 0x00000000cd000000| Untracked 
| 183|0x00000000cd100000, 0x00000000cd100000, 0x00000000cd200000|  0%| F|  |TAMS 0x00000000cd100000, 0x00000000cd100000| Untracked 
| 184|0x00000000cd200000, 0x00000000cd200000, 0x00000000cd300000|  0%| F|  |TAMS 0x00000000cd200000, 0x00000000cd200000| Untracked 
| 185|0x00000000cd300000, 0x00000000cd300000, 0x00000000cd400000|  0%| F|  |TAMS 0x00000000cd300000, 0x00000000cd300000| Untracked 
| 186|0x00000000cd400000, 0x00000000cd400000, 0x00000000cd500000|  0%| F|  |TAMS 0x00000000cd400000, 0x00000000cd400000| Untracked 
| 187|0x00000000cd500000, 0x00000000cd500000, 0x00000000cd600000|  0%| F|  |TAMS 0x00000000cd500000, 0x00000000cd500000| Untracked 
| 188|0x00000000cd600000, 0x00000000cd600000, 0x00000000cd700000|  0%| F|  |TAMS 0x00000000cd600000, 0x00000000cd600000| Untracked 
| 189|0x00000000cd700000, 0x00000000cd700000, 0x00000000cd800000|  0%| F|  |TAMS 0x00000000cd700000, 0x00000000cd700000| Untracked 
| 190|0x00000000cd800000, 0x00000000cd800000, 0x00000000cd900000|  0%| F|  |TAMS 0x00000000cd800000, 0x00000000cd800000| Untracked 
| 191|0x00000000cd900000, 0x00000000cd900000, 0x00000000cda00000|  0%| F|  |TAMS 0x00000000cd900000, 0x00000000cd900000| Untracked 
| 192|0x00000000cda00000, 0x00000000cda00000, 0x00000000cdb00000|  0%| F|  |TAMS 0x00000000cda00000, 0x00000000cda00000| Untracked 
| 193|0x00000000cdb00000, 0x00000000cdb00000, 0x00000000cdc00000|  0%| F|  |TAMS 0x00000000cdb00000, 0x00000000cdb00000| Untracked 
| 194|0x00000000cdc00000, 0x00000000cdc00000, 0x00000000cdd00000|  0%| F|  |TAMS 0x00000000cdc00000, 0x00000000cdc00000| Untracked 
| 195|0x00000000cdd00000, 0x00000000cdd00000, 0x00000000cde00000|  0%| F|  |TAMS 0x00000000cdd00000, 0x00000000cdd00000| Untracked 
| 196|0x00000000cde00000, 0x00000000cde00000, 0x00000000cdf00000|  0%| F|  |TAMS 0x00000000cde00000, 0x00000000cde00000| Untracked 
| 197|0x00000000cdf00000, 0x00000000cdf00000, 0x00000000ce000000|  0%| F|  |TAMS 0x00000000cdf00000, 0x00000000cdf00000| Untracked 
| 198|0x00000000ce000000, 0x00000000ce000000, 0x00000000ce100000|  0%| F|  |TAMS 0x00000000ce000000, 0x00000000ce000000| Untracked 
| 199|0x00000000ce100000, 0x00000000ce100000, 0x00000000ce200000|  0%| F|  |TAMS 0x00000000ce100000, 0x00000000ce100000| Untracked 
| 200|0x00000000ce200000, 0x00000000ce200000, 0x00000000ce300000|  0%| F|  |TAMS 0x00000000ce200000, 0x00000000ce200000| Untracked 
| 201|0x00000000ce300000, 0x00000000ce300000, 0x00000000ce400000|  0%| F|  |TAMS 0x00000000ce300000, 0x00000000ce300000| Untracked 
| 202|0x00000000ce400000, 0x00000000ce400000, 0x00000000ce500000|  0%| F|  |TAMS 0x00000000ce400000, 0x00000000ce400000| Untracked 
| 203|0x00000000ce500000, 0x00000000ce500000, 0x00000000ce600000|  0%| F|  |TAMS 0x00000000ce500000, 0x00000000ce500000| Untracked 
| 204|0x00000000ce600000, 0x00000000ce600000, 0x00000000ce700000|  0%| F|  |TAMS 0x00000000ce600000, 0x00000000ce600000| Untracked 
| 205|0x00000000ce700000, 0x00000000ce700000, 0x00000000ce800000|  0%| F|  |TAMS 0x00000000ce700000, 0x00000000ce700000| Untracked 
| 206|0x00000000ce800000, 0x00000000ce800000, 0x00000000ce900000|  0%| F|  |TAMS 0x00000000ce800000, 0x00000000ce800000| Untracked 
| 207|0x00000000ce900000, 0x00000000ce900000, 0x00000000cea00000|  0%| F|  |TAMS 0x00000000ce900000, 0x00000000ce900000| Untracked 
| 208|0x00000000cea00000, 0x00000000cea00000, 0x00000000ceb00000|  0%| F|  |TAMS 0x00000000cea00000, 0x00000000cea00000| Untracked 
| 209|0x00000000ceb00000, 0x00000000ceb00000, 0x00000000cec00000|  0%| F|  |TAMS 0x00000000ceb00000, 0x00000000ceb00000| Untracked 
| 210|0x00000000cec00000, 0x00000000cec00000, 0x00000000ced00000|  0%| F|  |TAMS 0x00000000cec00000, 0x00000000cec00000| Untracked 
| 211|0x00000000ced00000, 0x00000000ced00000, 0x00000000cee00000|  0%| F|  |TAMS 0x00000000ced00000, 0x00000000ced00000| Untracked 
| 212|0x00000000cee00000, 0x00000000cee00000, 0x00000000cef00000|  0%| F|  |TAMS 0x00000000cee00000, 0x00000000cee00000| Untracked 
| 213|0x00000000cef00000, 0x00000000cef00000, 0x00000000cf000000|  0%| F|  |TAMS 0x00000000cef00000, 0x00000000cef00000| Untracked 
| 214|0x00000000cf000000, 0x00000000cf000000, 0x00000000cf100000|  0%| F|  |TAMS 0x00000000cf000000, 0x00000000cf000000| Untracked 
| 215|0x00000000cf100000, 0x00000000cf100000, 0x00000000cf200000|  0%| F|  |TAMS 0x00000000cf100000, 0x00000000cf100000| Untracked 
| 216|0x00000000cf200000, 0x00000000cf200000, 0x00000000cf300000|  0%| F|  |TAMS 0x00000000cf200000, 0x00000000cf200000| Untracked 
| 217|0x00000000cf300000, 0x00000000cf300000, 0x00000000cf400000|  0%| F|  |TAMS 0x00000000cf300000, 0x00000000cf300000| Untracked 
| 218|0x00000000cf400000, 0x00000000cf400000, 0x00000000cf500000|  0%| F|  |TAMS 0x00000000cf400000, 0x00000000cf400000| Untracked 
| 219|0x00000000cf500000, 0x00000000cf500000, 0x00000000cf600000|  0%| F|  |TAMS 0x00000000cf500000, 0x00000000cf500000| Untracked 
| 220|0x00000000cf600000, 0x00000000cf600000, 0x00000000cf700000|  0%| F|  |TAMS 0x00000000cf600000, 0x00000000cf600000| Untracked 
| 221|0x00000000cf700000, 0x00000000cf700000, 0x00000000cf800000|  0%| F|  |TAMS 0x00000000cf700000, 0x00000000cf700000| Untracked 
| 222|0x00000000cf800000, 0x00000000cf800000, 0x00000000cf900000|  0%| F|  |TAMS 0x00000000cf800000, 0x00000000cf800000| Untracked 
| 223|0x00000000cf900000, 0x00000000cf900000, 0x00000000cfa00000|  0%| F|  |TAMS 0x00000000cf900000, 0x00000000cf900000| Untracked 
| 224|0x00000000cfa00000, 0x00000000cfa00000, 0x00000000cfb00000|  0%| F|  |TAMS 0x00000000cfa00000, 0x00000000cfa00000| Untracked 
| 225|0x00000000cfb00000, 0x00000000cfb00000, 0x00000000cfc00000|  0%| F|  |TAMS 0x00000000cfb00000, 0x00000000cfb00000| Untracked 
| 226|0x00000000cfc00000, 0x00000000cfc00000, 0x00000000cfd00000|  0%| F|  |TAMS 0x00000000cfc00000, 0x00000000cfc00000| Untracked 
| 227|0x00000000cfd00000, 0x00000000cfd00000, 0x00000000cfe00000|  0%| F|  |TAMS 0x00000000cfd00000, 0x00000000cfd00000| Untracked 
| 228|0x00000000cfe00000, 0x00000000cfe00000, 0x00000000cff00000|  0%| F|  |TAMS 0x00000000cfe00000, 0x00000000cfe00000| Untracked 
| 229|0x00000000cff00000, 0x00000000cff00000, 0x00000000d0000000|  0%| F|  |TAMS 0x00000000cff00000, 0x00000000cff00000| Untracked 
| 230|0x00000000d0000000, 0x00000000d0000000, 0x00000000d0100000|  0%| F|  |TAMS 0x00000000d0000000, 0x00000000d0000000| Untracked 
| 231|0x00000000d0100000, 0x00000000d0100000, 0x00000000d0200000|  0%| F|  |TAMS 0x00000000d0100000, 0x00000000d0100000| Untracked 
| 232|0x00000000d0200000, 0x00000000d0200000, 0x00000000d0300000|  0%| F|  |TAMS 0x00000000d0200000, 0x00000000d0200000| Untracked 
| 233|0x00000000d0300000, 0x00000000d0300000, 0x00000000d0400000|  0%| F|  |TAMS 0x00000000d0300000, 0x00000000d0300000| Untracked 
| 234|0x00000000d0400000, 0x00000000d0400000, 0x00000000d0500000|  0%| F|  |TAMS 0x00000000d0400000, 0x00000000d0400000| Untracked 
| 235|0x00000000d0500000, 0x00000000d0500000, 0x00000000d0600000|  0%| F|  |TAMS 0x00000000d0500000, 0x00000000d0500000| Untracked 
| 236|0x00000000d0600000, 0x00000000d0600000, 0x00000000d0700000|  0%| F|  |TAMS 0x00000000d0600000, 0x00000000d0600000| Untracked 
| 237|0x00000000d0700000, 0x00000000d0700000, 0x00000000d0800000|  0%| F|  |TAMS 0x00000000d0700000, 0x00000000d0700000| Untracked 
| 238|0x00000000d0800000, 0x00000000d0800000, 0x00000000d0900000|  0%| F|  |TAMS 0x00000000d0800000, 0x00000000d0800000| Untracked 
| 239|0x00000000d0900000, 0x00000000d0900000, 0x00000000d0a00000|  0%| F|  |TAMS 0x00000000d0900000, 0x00000000d0900000| Untracked 
| 240|0x00000000d0a00000, 0x00000000d0a00000, 0x00000000d0b00000|  0%| F|  |TAMS 0x00000000d0a00000, 0x00000000d0a00000| Untracked 
| 241|0x00000000d0b00000, 0x00000000d0b00000, 0x00000000d0c00000|  0%| F|  |TAMS 0x00000000d0b00000, 0x00000000d0b00000| Untracked 
| 242|0x00000000d0c00000, 0x00000000d0c00000, 0x00000000d0d00000|  0%| F|  |TAMS 0x00000000d0c00000, 0x00000000d0c00000| Untracked 
| 243|0x00000000d0d00000, 0x00000000d0d00000, 0x00000000d0e00000|  0%| F|  |TAMS 0x00000000d0d00000, 0x00000000d0d00000| Untracked 
| 244|0x00000000d0e00000, 0x00000000d0e00000, 0x00000000d0f00000|  0%| F|  |TAMS 0x00000000d0e00000, 0x00000000d0e00000| Untracked 
| 245|0x00000000d0f00000, 0x00000000d0f00000, 0x00000000d1000000|  0%| F|  |TAMS 0x00000000d0f00000, 0x00000000d0f00000| Untracked 
| 246|0x00000000d1000000, 0x00000000d1000000, 0x00000000d1100000|  0%| F|  |TAMS 0x00000000d1000000, 0x00000000d1000000| Untracked 
| 247|0x00000000d1100000, 0x00000000d1100000, 0x00000000d1200000|  0%| F|  |TAMS 0x00000000d1100000, 0x00000000d1100000| Untracked 
| 248|0x00000000d1200000, 0x00000000d1200000, 0x00000000d1300000|  0%| F|  |TAMS 0x00000000d1200000, 0x00000000d1200000| Untracked 
| 249|0x00000000d1300000, 0x00000000d1300000, 0x00000000d1400000|  0%| F|  |TAMS 0x00000000d1300000, 0x00000000d1300000| Untracked 
| 250|0x00000000d1400000, 0x00000000d1400000, 0x00000000d1500000|  0%| F|  |TAMS 0x00000000d1400000, 0x00000000d1400000| Untracked 
| 251|0x00000000d1500000, 0x00000000d1500000, 0x00000000d1600000|  0%| F|  |TAMS 0x00000000d1500000, 0x00000000d1500000| Untracked 
| 252|0x00000000d1600000, 0x00000000d1600000, 0x00000000d1700000|  0%| F|  |TAMS 0x00000000d1600000, 0x00000000d1600000| Untracked 
| 253|0x00000000d1700000, 0x00000000d1700000, 0x00000000d1800000|  0%| F|  |TAMS 0x00000000d1700000, 0x00000000d1700000| Untracked 
| 254|0x00000000d1800000, 0x00000000d1800000, 0x00000000d1900000|  0%| F|  |TAMS 0x00000000d1800000, 0x00000000d1800000| Untracked 
| 255|0x00000000d1900000, 0x00000000d1900000, 0x00000000d1a00000|  0%| F|  |TAMS 0x00000000d1900000, 0x00000000d1900000| Untracked 
| 256|0x00000000d1a00000, 0x00000000d1a00000, 0x00000000d1b00000|  0%| F|  |TAMS 0x00000000d1a00000, 0x00000000d1a00000| Untracked 
| 257|0x00000000d1b00000, 0x00000000d1b00000, 0x00000000d1c00000|  0%| F|  |TAMS 0x00000000d1b00000, 0x00000000d1b00000| Untracked 
| 258|0x00000000d1c00000, 0x00000000d1c00000, 0x00000000d1d00000|  0%| F|  |TAMS 0x00000000d1c00000, 0x00000000d1c00000| Untracked 
| 259|0x00000000d1d00000, 0x00000000d1d00000, 0x00000000d1e00000|  0%| F|  |TAMS 0x00000000d1d00000, 0x00000000d1d00000| Untracked 
| 260|0x00000000d1e00000, 0x00000000d1e00000, 0x00000000d1f00000|  0%| F|  |TAMS 0x00000000d1e00000, 0x00000000d1e00000| Untracked 
| 261|0x00000000d1f00000, 0x00000000d1f00000, 0x00000000d2000000|  0%| F|  |TAMS 0x00000000d1f00000, 0x00000000d1f00000| Untracked 
| 262|0x00000000d2000000, 0x00000000d20e0820, 0x00000000d2100000| 87%| E|  |TAMS 0x00000000d2000000, 0x00000000d2000000| Complete 
| 263|0x00000000d2100000, 0x00000000d2200000, 0x00000000d2200000|100%| E|CS|TAMS 0x00000000d2100000, 0x00000000d2100000| Complete 
| 264|0x00000000d2200000, 0x00000000d2286030, 0x00000000d2300000| 52%| S|CS|TAMS 0x00000000d2200000, 0x00000000d2200000| Complete 
| 265|0x00000000d2300000, 0x00000000d2400000, 0x00000000d2400000|100%| S|CS|TAMS 0x00000000d2300000, 0x00000000d2300000| Complete 
| 266|0x00000000d2400000, 0x00000000d2500000, 0x00000000d2500000|100%| E|CS|TAMS 0x00000000d2400000, 0x00000000d2400000| Complete 
| 267|0x00000000d2500000, 0x00000000d2600000, 0x00000000d2600000|100%| E|CS|TAMS 0x00000000d2500000, 0x00000000d2500000| Complete 
| 268|0x00000000d2600000, 0x00000000d2700000, 0x00000000d2700000|100%| E|CS|TAMS 0x00000000d2600000, 0x00000000d2600000| Complete 

Card table byte_map: [0x0000023ff4820000,0x0000023ff4a20000] _byte_map_base: 0x0000023ff4213000

Marking Bits (Prev, Next): (CMBitMap*) 0x0000023fdd11d170, (CMBitMap*) 0x0000023fdd11d130
 Prev Bits: [0x0000023ff5bc0000, 0x0000023ff6b58000)
 Next Bits: [0x0000023ff4c20000, 0x0000023ff5bb8000)

Polling page: 0x0000023fdc890000

Metaspace:

Usage:
  Non-class:     35.75 MB capacity,    35.49 MB (>99%) used,   211.74 KB ( <1%) free+waste,    62.56 KB ( <1%) overhead. 
      Class:      4.67 MB capacity,     4.53 MB ( 97%) used,   120.03 KB (  3%) free+waste,    22.44 KB ( <1%) overhead. 
       Both:     40.42 MB capacity,    40.02 MB ( 99%) used,   331.77 KB ( <1%) free+waste,    85.00 KB ( <1%) overhead. 

Virtual space:
  Non-class space:       36.00 MB reserved,      35.92 MB (>99%) committed 
      Class space:        1.00 GB reserved,       4.75 MB ( <1%) committed 
             Both:        1.04 GB reserved,      40.67 MB (  4%) committed 

Chunk freelists:
   Non-Class:  45.00 KB
       Class:  16.00 KB
        Both:  61.00 KB

MaxMetaspaceSize: 17179869184.00 GB
CompressedClassSpaceSize: 1.00 GB

CodeHeap 'non-profiled nmethods': size=120000Kb used=4061Kb max_used=4536Kb free=115938Kb
 bounds [0x0000023fecdc0000, 0x0000023fed230000, 0x0000023ff42f0000]
CodeHeap 'profiled nmethods': size=120000Kb used=7856Kb max_used=8423Kb free=112143Kb
 bounds [0x0000023fe5890000, 0x0000023fe60d0000, 0x0000023fecdc0000]
CodeHeap 'non-nmethods': size=5760Kb used=1388Kb max_used=1448Kb free=4371Kb
 bounds [0x0000023fe52f0000, 0x0000023fe5560000, 0x0000023fe5890000]
 total_blobs=5064 nmethods=4359 adapters=616
 compilation: enabled
              stopped_count=0, restarted_count=0
 full_count=0

Compilation events (20 events):
Event: 20.118 Thread 0x0000023ffaac6070 5008       4       jdk.internal.loader.BuiltinClassLoader::findLoadedModule (33 bytes)
Event: 20.124 Thread 0x0000023ff958db40 nmethod 4989 0x0000023feceefa90 code [0x0000023feceefc80, 0x0000023fecef0e48]
Event: 20.138 Thread 0x0000023ffaac6070 nmethod 5008 0x0000023fecfef610 code [0x0000023fecfef7e0, 0x0000023fecff0498]
Event: 20.153 Thread 0x0000023ff958db40 5009       4       java.util.regex.ASCII::toLower (16 bytes)
Event: 20.154 Thread 0x0000023ff9594630 5010       3       java.util.regex.Pattern::group0 (760 bytes)
Event: 20.154 Thread 0x0000023ff958db40 nmethod 5009 0x0000023feceef710 code [0x0000023feceef880, 0x0000023feceef8d8]
Event: 20.156 Thread 0x0000023ff9594630 nmethod 5010 0x0000023fe59bf290 code [0x0000023fe59bf900, 0x0000023fe59c2c18]
Event: 25.906 Thread 0x0000023ff9594630 5011       3       sun.nio.cs.SingleByte$Decoder::decode (11 bytes)
Event: 25.906 Thread 0x0000023ff9594630 nmethod 5011 0x0000023fe5896290 code [0x0000023fe5896420, 0x0000023fe5896558]
Event: 25.906 Thread 0x0000023ff958db40 5012   !   4       jdk.internal.loader.URLClassPath$JarLoader::ensureOpen (36 bytes)
Event: 25.908 Thread 0x0000023ff9594630 5013       3       java.util.regex.Pattern$$Lambda$163/0x0000000800d153e0::is (5 bytes)
Event: 25.909 Thread 0x0000023ff9594630 nmethod 5013 0x0000023fe598c210 code [0x0000023fe598c3c0, 0x0000023fe598c638]
Event: 25.909 Thread 0x0000023ff9594630 5014       3       java.util.regex.Pattern::lambda$DOT$5 (34 bytes)
Event: 25.909 Thread 0x0000023ff9594630 nmethod 5014 0x0000023fe597d590 code [0x0000023fe597d720, 0x0000023fe597d918]
Event: 25.909 Thread 0x0000023ff9594630 5015       3       java.util.regex.Matcher::match (154 bytes)
Event: 25.910 Thread 0x0000023ff9594630 nmethod 5015 0x0000023fe5c80010 code [0x0000023fe5c80200, 0x0000023fe5c80798]
Event: 25.949 Thread 0x0000023ff9594630 5016       3       java.nio.ByteBuffer::flip (7 bytes)
Event: 25.949 Thread 0x0000023ff9594630 nmethod 5016 0x0000023fe5998610 code [0x0000023fe59987a0, 0x0000023fe5998918]
Event: 25.949 Thread 0x0000023ff9594630 5020   !   3       java.nio.CharBuffer::wrap (21 bytes)
Event: 25.949 Thread 0x0000023ff9594630 nmethod 5020 0x0000023fe5b15990 code [0x0000023fe5b15b40, 0x0000023fe5b15dd8]

GC Heap History (20 events):
Event: 19.048 GC heap before
{Heap before GC invocations=65 (full 0):
 garbage-first heap   total 275456K, used 138951K [0x00000000c1a00000, 0x0000000100000000)
  region size 1024K, 3 young (3072K), 2 survivors (2048K)
 Metaspace       used 39267K, capacity 39668K, committed 39856K, reserved 1085440K
  class space    used 4398K, capacity 4558K, committed 4608K, reserved 1048576K
}
Event: 19.050 GC heap after
{Heap after GC invocations=66 (full 0):
 garbage-first heap   total 275456K, used 120461K [0x00000000c1a00000, 0x0000000100000000)
  region size 1024K, 2 young (2048K), 2 survivors (2048K)
 Metaspace       used 39267K, capacity 39668K, committed 39856K, reserved 1085440K
  class space    used 4398K, capacity 4558K, committed 4608K, reserved 1048576K
}
Event: 19.151 GC heap before
{Heap before GC invocations=67 (full 0):
 garbage-first heap   total 275456K, used 138893K [0x00000000c1a00000, 0x0000000100000000)
  region size 1024K, 3 young (3072K), 2 survivors (2048K)
 Metaspace       used 39269K, capacity 39668K, committed 39856K, reserved 1085440K
  class space    used 4398K, capacity 4558K, committed 4608K, reserved 1048576K
}
Event: 19.152 GC heap after
{Heap after GC invocations=68 (full 0):
 garbage-first heap   total 275456K, used 120553K [0x00000000c1a00000, 0x0000000100000000)
  region size 1024K, 2 young (2048K), 2 survivors (2048K)
 Metaspace       used 39269K, capacity 39668K, committed 39856K, reserved 1085440K
  class space    used 4398K, capacity 4558K, committed 4608K, reserved 1048576K
}
Event: 19.249 GC heap before
{Heap before GC invocations=69 (full 0):
 garbage-first heap   total 275456K, used 138985K [0x00000000c1a00000, 0x0000000100000000)
  region size 1024K, 3 young (3072K), 2 survivors (2048K)
 Metaspace       used 39270K, capacity 39668K, committed 39856K, reserved 1085440K
  class space    used 4398K, capacity 4558K, committed 4608K, reserved 1048576K
}
Event: 19.250 GC heap after
{Heap after GC invocations=70 (full 0):
 garbage-first heap   total 275456K, used 120479K [0x00000000c1a00000, 0x0000000100000000)
  region size 1024K, 2 young (2048K), 2 survivors (2048K)
 Metaspace       used 39270K, capacity 39668K, committed 39856K, reserved 1085440K
  class space    used 4398K, capacity 4558K, committed 4608K, reserved 1048576K
}
Event: 19.319 GC heap before
{Heap before GC invocations=71 (full 0):
 garbage-first heap   total 275456K, used 132767K [0x00000000c1a00000, 0x0000000100000000)
  region size 1024K, 3 young (3072K), 2 survivors (2048K)
 Metaspace       used 39271K, capacity 39668K, committed 39856K, reserved 1085440K
  class space    used 4398K, capacity 4558K, committed 4608K, reserved 1048576K
}
Event: 19.321 GC heap after
{Heap after GC invocations=72 (full 0):
 garbage-first heap   total 275456K, used 114408K [0x00000000c1a00000, 0x0000000100000000)
  region size 1024K, 2 young (2048K), 2 survivors (2048K)
 Metaspace       used 39271K, capacity 39668K, committed 39856K, reserved 1085440K
  class space    used 4398K, capacity 4558K, committed 4608K, reserved 1048576K
}
Event: 19.418 GC heap before
{Heap before GC invocations=73 (full 0):
 garbage-first heap   total 275456K, used 132840K [0x00000000c1a00000, 0x0000000100000000)
  region size 1024K, 3 young (3072K), 2 survivors (2048K)
 Metaspace       used 39274K, capacity 39668K, committed 39856K, reserved 1085440K
  class space    used 4398K, capacity 4558K, committed 4608K, reserved 1048576K
}
Event: 19.419 GC heap after
{Heap after GC invocations=74 (full 0):
 garbage-first heap   total 275456K, used 120536K [0x00000000c1a00000, 0x0000000100000000)
  region size 1024K, 2 young (2048K), 2 survivors (2048K)
 Metaspace       used 39274K, capacity 39668K, committed 39856K, reserved 1085440K
  class space    used 4398K, capacity 4558K, committed 4608K, reserved 1048576K
}
Event: 19.526 GC heap before
{Heap before GC invocations=75 (full 0):
 garbage-first heap   total 275456K, used 138968K [0x00000000c1a00000, 0x0000000100000000)
  region size 1024K, 3 young (3072K), 2 survivors (2048K)
 Metaspace       used 39275K, capacity 39668K, committed 39856K, reserved 1085440K
  class space    used 4398K, capacity 4558K, committed 4608K, reserved 1048576K
}
Event: 19.528 GC heap after
{Heap after GC invocations=76 (full 0):
 garbage-first heap   total 275456K, used 118451K [0x00000000c1a00000, 0x0000000100000000)
  region size 1024K, 1 young (1024K), 1 survivors (1024K)
 Metaspace       used 39275K, capacity 39668K, committed 39856K, reserved 1085440K
  class space    used 4398K, capacity 4558K, committed 4608K, reserved 1048576K
}
Event: 19.650 GC heap before
{Heap before GC invocations=77 (full 0):
 garbage-first heap   total 275456K, used 162483K [0x00000000c1a00000, 0x0000000100000000)
  region size 1024K, 26 young (26624K), 1 survivors (1024K)
 Metaspace       used 39277K, capacity 39668K, committed 39856K, reserved 1085440K
  class space    used 4398K, capacity 4558K, committed 4608K, reserved 1048576K
}
Event: 19.651 GC heap after
{Heap after GC invocations=78 (full 0):
 garbage-first heap   total 275456K, used 122898K [0x00000000c1a00000, 0x0000000100000000)
  region size 1024K, 1 young (1024K), 1 survivors (1024K)
 Metaspace       used 39277K, capacity 39668K, committed 39856K, reserved 1085440K
  class space    used 4398K, capacity 4558K, committed 4608K, reserved 1048576K
}
Event: 19.753 GC heap before
{Heap before GC invocations=79 (full 0):
 garbage-first heap   total 275456K, used 170002K [0x00000000c1a00000, 0x0000000100000000)
  region size 1024K, 39 young (39936K), 1 survivors (1024K)
 Metaspace       used 39277K, capacity 39668K, committed 39856K, reserved 1085440K
  class space    used 4398K, capacity 4558K, committed 4608K, reserved 1048576K
}
Event: 19.754 GC heap after
{Heap after GC invocations=80 (full 0):
 garbage-first heap   total 275456K, used 117752K [0x00000000c1a00000, 0x0000000100000000)
  region size 1024K, 1 young (1024K), 1 survivors (1024K)
 Metaspace       used 39277K, capacity 39668K, committed 39856K, reserved 1085440K
  class space    used 4398K, capacity 4558K, committed 4608K, reserved 1048576K
}
Event: 19.858 GC heap before
{Heap before GC invocations=81 (full 0):
 garbage-first heap   total 275456K, used 181240K [0x00000000c1a00000, 0x0000000100000000)
  region size 1024K, 53 young (54272K), 1 survivors (1024K)
 Metaspace       used 39277K, capacity 39668K, committed 39856K, reserved 1085440K
  class space    used 4398K, capacity 4558K, committed 4608K, reserved 1048576K
}
Event: 19.859 GC heap after
{Heap after GC invocations=82 (full 0):
 garbage-first heap   total 275456K, used 119811K [0x00000000c1a00000, 0x0000000100000000)
  region size 1024K, 1 young (1024K), 1 survivors (1024K)
 Metaspace       used 39277K, capacity 39668K, committed 39856K, reserved 1085440K
  class space    used 4398K, capacity 4558K, committed 4608K, reserved 1048576K
}
Event: 19.960 GC heap before
{Heap before GC invocations=83 (full 0):
 garbage-first heap   total 275456K, used 139267K [0x00000000c1a00000, 0x0000000100000000)
  region size 1024K, 12 young (12288K), 1 survivors (1024K)
 Metaspace       used 39307K, capacity 39698K, committed 39856K, reserved 1085440K
  class space    used 4403K, capacity 4567K, committed 4608K, reserved 1048576K
}
Event: 19.961 GC heap after
{Heap after GC invocations=84 (full 0):
 garbage-first heap   total 275456K, used 111580K [0x00000000c1a00000, 0x0000000100000000)
  region size 1024K, 1 young (1024K), 1 survivors (1024K)
 Metaspace       used 39307K, capacity 39698K, committed 39856K, reserved 1085440K
  class space    used 4403K, capacity 4567K, committed 4608K, reserved 1048576K
}

Deoptimization events (20 events):
Event: 19.894 Thread 0x0000023fdd0ed580 DEOPT PACKING pc=0x0000023fe60c962b sp=0x0000005061dfd180
Event: 19.894 Thread 0x0000023fdd0ed580 DEOPT UNPACKING pc=0x0000023fe533e23f sp=0x0000005061dfc628 mode 0
Event: 19.895 Thread 0x0000023fdd0ed580 DEOPT PACKING pc=0x0000023fe60c962b sp=0x0000005061dfd180
Event: 19.895 Thread 0x0000023fdd0ed580 DEOPT UNPACKING pc=0x0000023fe533e23f sp=0x0000005061dfc628 mode 0
Event: 19.895 Thread 0x0000023fdd0ed580 DEOPT PACKING pc=0x0000023fe60c962b sp=0x0000005061dfd180
Event: 19.895 Thread 0x0000023fdd0ed580 DEOPT UNPACKING pc=0x0000023fe533e23f sp=0x0000005061dfc628 mode 0
Event: 19.895 Thread 0x0000023fdd0ed580 DEOPT PACKING pc=0x0000023fe60c962b sp=0x0000005061dfd180
Event: 19.895 Thread 0x0000023fdd0ed580 DEOPT UNPACKING pc=0x0000023fe533e23f sp=0x0000005061dfc628 mode 0
Event: 19.895 Thread 0x0000023fdd0ed580 DEOPT PACKING pc=0x0000023fe60c962b sp=0x0000005061dfd180
Event: 19.895 Thread 0x0000023fdd0ed580 DEOPT UNPACKING pc=0x0000023fe533e23f sp=0x0000005061dfc628 mode 0
Event: 19.895 Thread 0x0000023fdd0ed580 DEOPT PACKING pc=0x0000023fe60c962b sp=0x0000005061dfd180
Event: 19.895 Thread 0x0000023fdd0ed580 DEOPT UNPACKING pc=0x0000023fe533e23f sp=0x0000005061dfc628 mode 0
Event: 19.896 Thread 0x0000023fdd0ed580 DEOPT PACKING pc=0x0000023fe60c962b sp=0x0000005061dfd180
Event: 19.896 Thread 0x0000023fdd0ed580 DEOPT UNPACKING pc=0x0000023fe533e23f sp=0x0000005061dfc628 mode 0
Event: 19.896 Thread 0x0000023fdd0ed580 DEOPT PACKING pc=0x0000023fe60c962b sp=0x0000005061dfd180
Event: 19.896 Thread 0x0000023fdd0ed580 DEOPT UNPACKING pc=0x0000023fe533e23f sp=0x0000005061dfc628 mode 0
Event: 19.897 Thread 0x0000023fdd0ed580 DEOPT PACKING pc=0x0000023fe60c962b sp=0x0000005061dfd180
Event: 19.897 Thread 0x0000023fdd0ed580 DEOPT UNPACKING pc=0x0000023fe533e23f sp=0x0000005061dfc628 mode 0
Event: 25.908 Thread 0x0000023fdd0ed580 DEOPT PACKING pc=0x0000023fe60a076b sp=0x0000005061dfa180
Event: 25.908 Thread 0x0000023fdd0ed580 DEOPT UNPACKING pc=0x0000023fe533e23f sp=0x0000005061df96a0 mode 0

Classes unloaded (0 events):
No events

Classes redefined (0 events):
No events

Internal exceptions (20 events):
Event: 8.304 Thread 0x0000023fdd0ed580 Exception <a 'java/lang/ClassNotFoundException'{0x00000000c72b7e10}: sun/util/logging/resources/spi/loggingProvider> (0x00000000c72b7e10) 
thrown [./open/src/hotspot/share/classfile/systemDictionary.cpp, line 295]
Event: 14.350 Thread 0x0000023fdd0ed580 Exception <a 'java/lang/NoSuchMethodError'{0x00000000c9edd388}: 'java.lang.Object java.lang.invoke.DirectMethodHandle$Holder.invokeStaticInit(java.lang.Object, java.lang.Object, java.lang.Object)'> (0x00000000c9edd388) 
thrown [./open/src/hotspot/share/interpreter/linkResolver.cpp, line 782]
Event: 14.551 Thread 0x0000023fdd0ed580 Exception <a 'java/lang/ClassNotFoundException'{0x00000000c9709588}: com/automation/remarks/video/enums/RecorderTypeEditor> (0x00000000c9709588) 
thrown [./open/src/hotspot/share/classfile/systemDictionary.cpp, line 295]
Event: 14.551 Thread 0x0000023fdd0ed580 Exception <a 'java/lang/ClassNotFoundException'{0x00000000c970b3f0}: com/sun/beans/editors/RecorderTypeEditor> (0x00000000c970b3f0) 
thrown [./open/src/hotspot/share/classfile/systemDictionary.cpp, line 295]
Event: 14.603 Thread 0x0000023fdd0ed580 Exception <a 'java/lang/NoSuchMethodError'{0x00000000c9633f38}: 'java.lang.Object java.lang.invoke.DirectMethodHandle$Holder.invokeSpecialIFC(java.lang.Object, java.lang.Object)'> (0x00000000c9633f38) 
thrown [./open/src/hotspot/share/interpreter/linkResolver.cpp, line 782]
Event: 14.773 Thread 0x0000023fdd0ed580 Exception <a 'java/lang/NoSuchMethodError'{0x00000000c9644d30}: 'java.lang.Object java.lang.invoke.DirectMethodHandle$Holder.invokeStatic(java.lang.Object, java.lang.Object, int)'> (0x00000000c9644d30) 
thrown [./open/src/hotspot/share/interpreter/linkResolver.cpp, line 782]
Event: 14.774 Thread 0x0000023fdd0ed580 Exception <a 'java/lang/NoSuchMethodError'{0x00000000c964ff60}: 'void java.lang.invoke.DelegatingMethodHandle$Holder.delegate(java.lang.Object, java.lang.Object, int, java.lang.Object)'> (0x00000000c964ff60) 
thrown [./open/src/hotspot/share/interpreter/linkResolver.cpp, line 782]
Event: 14.775 Thread 0x0000023fdd0ed580 Exception <a 'java/lang/NoSuchMethodError'{0x00000000c9658ef8}: 'java.lang.Object java.lang.invoke.Invokers$Holder.invokeExact_MT(java.lang.Object, java.lang.Object, java.lang.Object, java.lang.Object)'> (0x00000000c9658ef8) 
thrown [./open/src/hotspot/share/interpreter/linkResolver.cpp, line 782]
Event: 14.776 Thread 0x0000023fdd0ed580 Exception <a 'java/lang/ClassNotFoundException'{0x00000000c96668f8}: sun/awt/resources/spi/awtProvider> (0x00000000c96668f8) 
thrown [./open/src/hotspot/share/classfile/systemDictionary.cpp, line 295]
Event: 14.781 Thread 0x0000023fdd0ed580 Exception <a 'java/io/FileNotFoundException'{0x00000000c966ccf0}> (0x00000000c966ccf0) 
thrown [./open/src/hotspot/share/prims/jni.cpp, line 578]
Event: 14.781 Thread 0x0000023fdd0ed580 Exception <a 'java/io/FileNotFoundException'{0x00000000c966e4a8}> (0x00000000c966e4a8) 
thrown [./open/src/hotspot/share/prims/jni.cpp, line 578]
Event: 15.744 Thread 0x0000023ffb0d6b30 Exception <a 'java/lang/NoSuchMethodError'{0x00000000c9219800}: 'java.lang.Object java.lang.invoke.DirectMethodHandle$Holder.newInvokeSpecial(java.lang.Object, java.lang.Object, java.lang.Object, int, int, int, int, int)'> (0x00000000c9219800) 
thrown [./open/src/hotspot/share/interpreter/linkResolver.cpp, line 782]
Event: 17.530 Thread 0x0000023fdd0ed580 Exception <a 'java/lang/NoSuchMethodError'{0x00000000d2631528}: 'java.lang.Object java.lang.invoke.DirectMethodHandle$Holder.invokeSpecial(java.lang.Object, java.lang.Object, long, java.lang.Object, java.lang.Object)'> (0x00000000d2631528) 
thrown [./open/src/hotspot/share/interpreter/linkResolver.cpp, line 782]
Event: 17.535 Thread 0x0000023fdd0ed580 Exception <a 'java/lang/NoSuchMethodError'{0x00000000d26633d8}: 'java.lang.Object java.lang.invoke.DirectMethodHandle$Holder.invokeSpecial(java.lang.Object, java.lang.Object, java.lang.Object, long, java.lang.Object)'> (0x00000000d26633d8) 
thrown [./open/src/hotspot/share/interpreter/linkResolver.cpp, line 782]
Event: 17.535 Thread 0x0000023fdd0ed580 Exception <a 'java/lang/NoSuchMethodError'{0x00000000d26671a0}: 'java.lang.Object java.lang.invoke.Invokers$Holder.linkToTargetMethod(java.lang.Object, long, java.lang.Object, java.lang.Object)'> (0x00000000d26671a0) 
thrown [./open/src/hotspot/share/interpreter/linkResolver.cpp, line 782]
Event: 19.551 Thread 0x0000023fdd0ed580 Implicit null exception at 0x0000023fed1f9f54 to 0x0000023fed1fa37c
Event: 19.949 Thread 0x0000023fdd0ed580 Exception <a 'java/lang/NoSuchMethodError'{0x00000000d1d5b288}: 'java.lang.Object java.lang.invoke.DirectMethodHandle$Holder.invokeSpecial(java.lang.Object, java.lang.Object, long, java.lang.Object)'> (0x00000000d1d5b288) 
thrown [./open/src/hotspot/share/interpreter/linkResolver.cpp, line 782]
Event: 19.949 Thread 0x0000023fdd0ed580 Exception <a 'java/lang/NoSuchMethodError'{0x00000000d1d5ea80}: 'java.lang.Object java.lang.invoke.Invokers$Holder.linkToTargetMethod(long, java.lang.Object, java.lang.Object)'> (0x00000000d1d5ea80) 
thrown [./open/src/hotspot/share/interpreter/linkResolver.cpp, line 782]
Event: 20.075 Thread 0x0000023fdd0ed580 Exception <a 'java/lang/ClassNotFoundException'{0x00000000d26719f0}: com/automation/remarks/video/enums/VideoSaveModeEditor> (0x00000000d26719f0) 
thrown [./open/src/hotspot/share/classfile/systemDictionary.cpp, line 295]
Event: 20.075 Thread 0x0000023fdd0ed580 Exception <a 'java/lang/ClassNotFoundException'{0x00000000d2672d68}: com/sun/beans/editors/VideoSaveModeEditor> (0x00000000d2672d68) 
thrown [./open/src/hotspot/share/classfile/systemDictionary.cpp, line 295]

Events (20 events):
Event: 20.079 Thread 0x0000023ff95a5030 flushing nmethod 0x0000023fe5f1f390
Event: 20.079 Thread 0x0000023ff95a5030 flushing nmethod 0x0000023fe5f21f90
Event: 20.079 Thread 0x0000023ff95a5030 flushing nmethod 0x0000023fe5f27010
Event: 20.080 Thread 0x0000023ff95a5030 flushing nmethod 0x0000023fe5f70390
Event: 20.080 Thread 0x0000023ff95a5030 flushing nmethod 0x0000023fe5f85710
Event: 20.080 Thread 0x0000023ff95a5030 flushing nmethod 0x0000023fe5f93790
Event: 20.080 Thread 0x0000023ff95a5030 flushing nmethod 0x0000023fe5f98090
Event: 20.080 Thread 0x0000023ff95a5030 flushing nmethod 0x0000023fe5fb2310
Event: 20.080 Thread 0x0000023ff95a5030 flushing nmethod 0x0000023fe5fee710
Event: 20.080 Thread 0x0000023ff95a5030 flushing nmethod 0x0000023fe5ffd390
Event: 20.083 Thread 0x0000023ffaac6070 Thread added: 0x0000023ffaac6070
Event: 20.153 Executing VM operation: HandshakeAllThreads
Event: 20.153 Executing VM operation: HandshakeAllThreads done
Event: 20.982 Thread 0x0000023ffc1fd210 Thread exited: 0x0000023ffc1fd210
Event: 21.153 Executing VM operation: HandshakeAllThreads
Event: 21.153 Executing VM operation: HandshakeAllThreads done
Event: 21.261 Thread 0x0000023ffb0d6b30 Thread exited: 0x0000023ffb0d6b30
Event: 25.154 Thread 0x0000023ffaac6070 Thread exited: 0x0000023ffaac6070
Event: 26.155 Executing VM operation: HandshakeAllThreads
Event: 26.156 Executing VM operation: HandshakeAllThreads done


Dynamic libraries:
0x00007ff6e3390000 - 0x00007ff6e339f000 	C:\Program Files\Java\jdk-15.0.2\bin\javaw.exe
0x00007fffc9520000 - 0x00007fffc9710000 	C:\Windows\SYSTEM32\ntdll.dll
0x00007fffc9260000 - 0x00007fffc9312000 	C:\Windows\System32\KERNEL32.DLL
0x00007fffc6a20000 - 0x00007fffc6cc5000 	C:\Windows\System32\KERNELBASE.dll
0x00007fffc6720000 - 0x00007fffc681a000 	C:\Windows\System32\ucrtbase.dll
0x00007fffb8e40000 - 0x00007fffb8e58000 	C:\Program Files\Java\jdk-15.0.2\bin\jli.dll
0x00007fffbef70000 - 0x00007fffbef89000 	C:\Program Files\Java\jdk-15.0.2\bin\VCRUNTIME140.dll
0x00007fffc8780000 - 0x00007fffc8823000 	C:\Windows\System32\ADVAPI32.dll
0x00007fffc8990000 - 0x00007fffc8a2e000 	C:\Windows\System32\msvcrt.dll
0x00007fffc9440000 - 0x00007fffc94d7000 	C:\Windows\System32\sechost.dll
0x00007fffc9320000 - 0x00007fffc9440000 	C:\Windows\System32\RPCRT4.dll
0x00007fffc90c0000 - 0x00007fffc9254000 	C:\Windows\System32\USER32.dll
0x00007fffc6cf0000 - 0x00007fffc6d11000 	C:\Windows\System32\win32u.dll
0x00007fffc0590000 - 0x00007fffc0814000 	C:\Windows\WinSxS\amd64_microsoft.windows.common-controls_6595b64144ccf1df_6.0.18362.1256_none_9e7e379be45e40e2\COMCTL32.dll
0x00007fffc8a30000 - 0x00007fffc8a56000 	C:\Windows\System32\GDI32.dll
0x00007fffc6520000 - 0x00007fffc66b6000 	C:\Windows\System32\gdi32full.dll
0x00007fffc8440000 - 0x00007fffc8776000 	C:\Windows\System32\combase.dll
0x00007fffc7530000 - 0x00007fffc75ce000 	C:\Windows\System32\msvcp_win.dll
0x00007fffc6490000 - 0x00007fffc6511000 	C:\Windows\System32\bcryptPrimitives.dll
0x00007fffc0930000 - 0x00007fffc093a000 	C:\Windows\SYSTEM32\VERSION.dll
0x00007fffc75d0000 - 0x00007fffc75fe000 	C:\Windows\System32\IMM32.DLL
0x00007fffbef60000 - 0x00007fffbef6c000 	C:\Program Files\Java\jdk-15.0.2\bin\vcruntime140_1.dll
0x00007fffa6050000 - 0x00007fffa60e1000 	C:\Program Files\Java\jdk-15.0.2\bin\msvcp140.dll
0x00007fff7a330000 - 0x00007fff7ae8e000 	C:\Program Files\Java\jdk-15.0.2\bin\server\jvm.dll
0x00007fffc7600000 - 0x00007fffc7608000 	C:\Windows\System32\PSAPI.DLL
0x00007fffbf050000 - 0x00007fffbf059000 	C:\Windows\SYSTEM32\WSOCK32.dll
0x00007fffc3600000 - 0x00007fffc3624000 	C:\Windows\SYSTEM32\WINMM.dll
0x00007fffc7610000 - 0x00007fffc767f000 	C:\Windows\System32\WS2_32.dll
0x00007fffc35d0000 - 0x00007fffc35fd000 	C:\Windows\SYSTEM32\winmmbase.dll
0x00007fffc74e0000 - 0x00007fffc752a000 	C:\Windows\System32\cfgmgr32.dll
0x00007fffc63d0000 - 0x00007fffc63e1000 	C:\Windows\System32\kernel.appcore.dll
0x00007fffb7f30000 - 0x00007fffb7f3a000 	C:\Program Files\Java\jdk-15.0.2\bin\jimage.dll
0x00007fffb8460000 - 0x00007fffb8654000 	C:\Windows\SYSTEM32\DBGHELP.DLL
0x00007fffb8430000 - 0x00007fffb845a000 	C:\Windows\SYSTEM32\dbgcore.DLL
0x00007fffc01f0000 - 0x00007fffc01fe000 	C:\Program Files\Java\jdk-15.0.2\bin\instrument.dll
0x00007fffad2e0000 - 0x00007fffad305000 	C:\Program Files\Java\jdk-15.0.2\bin\java.dll
0x00007fffc7700000 - 0x00007fffc7de7000 	C:\Windows\System32\SHELL32.dll
0x00007fffc8330000 - 0x00007fffc83d9000 	C:\Windows\System32\shcore.dll
0x00007fffc6d50000 - 0x00007fffc74d1000 	C:\Windows\System32\windows.storage.dll
0x00007fffc6460000 - 0x00007fffc6483000 	C:\Windows\System32\profapi.dll
0x00007fffc6410000 - 0x00007fffc645a000 	C:\Windows\System32\powrprof.dll
0x00007fffc63c0000 - 0x00007fffc63d0000 	C:\Windows\System32\UMPDC.dll
0x00007fffc8a60000 - 0x00007fffc8ab2000 	C:\Windows\System32\shlwapi.dll
0x00007fffc6cd0000 - 0x00007fffc6ce7000 	C:\Windows\System32\cryptsp.dll
0x00007fffacf80000 - 0x00007fffacf98000 	C:\Program Files\Java\jdk-15.0.2\bin\zip.dll
0x00007fffb19b0000 - 0x00007fffb19c9000 	C:\Program Files\Java\jdk-15.0.2\bin\net.dll
0x00007fffc1720000 - 0x00007fffc1810000 	C:\Windows\SYSTEM32\WINHTTP.dll
0x00007fffc5c10000 - 0x00007fffc5c77000 	C:\Windows\system32\mswsock.dll
0x00007fffaf470000 - 0x00007fffaf482000 	C:\Program Files\Java\jdk-15.0.2\bin\nio.dll
0x00007fffc5960000 - 0x00007fffc5a2b000 	C:\Windows\SYSTEM32\DNSAPI.dll
0x00007fffc90b0000 - 0x00007fffc90b8000 	C:\Windows\System32\NSI.dll
0x00007fffc5920000 - 0x00007fffc595a000 	C:\Windows\SYSTEM32\IPHLPAPI.DLL
0x00007fffbda50000 - 0x00007fffbda5a000 	C:\Windows\System32\rasadhlp.dll
0x00007fffbe5a0000 - 0x00007fffbe617000 	C:\Windows\System32\fwpuclnt.dll
0x00007fffc6d20000 - 0x00007fffc6d46000 	C:\Windows\System32\bcrypt.dll
0x00007fffc5780000 - 0x00007fffc57b3000 	C:\Windows\system32\rsaenh.dll
0x00007fffc62e0000 - 0x00007fffc6305000 	C:\Windows\SYSTEM32\USERENV.dll
0x00007fffc5de0000 - 0x00007fffc5dec000 	C:\Windows\SYSTEM32\CRYPTBASE.dll
0x00007fffbfd60000 - 0x00007fffbfd76000 	C:\Windows\SYSTEM32\dhcpcsvc6.DLL
0x00007fffbfda0000 - 0x00007fffbfdbc000 	C:\Windows\SYSTEM32\dhcpcsvc.DLL
0x00007fffb7d60000 - 0x00007fffb7d70000 	C:\Program Files\Java\jdk-15.0.2\bin\verify.dll
0x00007fffc1e10000 - 0x00007fffc1e1d000 	C:\Program Files\Java\jdk-15.0.2\bin\sunmscapi.dll
0x00007fffc68d0000 - 0x00007fffc6a19000 	C:\Windows\System32\CRYPT32.dll
0x00007fffc63f0000 - 0x00007fffc6402000 	C:\Windows\System32\MSASN1.dll
0x00007fffc5ee0000 - 0x00007fffc5f06000 	C:\Windows\SYSTEM32\ncrypt.dll
0x00007fffc5ea0000 - 0x00007fffc5edb000 	C:\Windows\SYSTEM32\NTASN1.dll
0x00007fffc01e0000 - 0x00007fffc01e9000 	C:\Program Files\Java\jdk-15.0.2\bin\management.dll
0x00007fffbf5a0000 - 0x00007fffbf5ab000 	C:\Program Files\Java\jdk-15.0.2\bin\management_ext.dll
0x00007fff9a130000 - 0x00007fff9a2b0000 	C:\Program Files\Java\jdk-15.0.2\bin\awt.dll
0x00007fffc8260000 - 0x00007fffc8325000 	C:\Windows\System32\OLEAUT32.dll
0x00007fffc4520000 - 0x00007fffc45af000 	C:\Windows\SYSTEM32\apphelp.dll
0x00007fffc46e0000 - 0x00007fffc4779000 	C:\Windows\system32\uxtheme.dll
0x00007fffc7df0000 - 0x00007fffc7f25000 	C:\Windows\System32\MSCTF.dll
0x00007fffc8830000 - 0x00007fffc8987000 	C:\Windows\System32\ole32.dll
0x00007fffc4b30000 - 0x00007fffc4b5d000 	C:\Windows\system32\DWMAPI.DLL
0x00007fffa2340000 - 0x00007fffa2496000 	C:\Windows\system32\opengl32.dll
0x00007fffad420000 - 0x00007fffad44c000 	C:\Windows\SYSTEM32\GLU32.dll
0x00007fffc5000000 - 0x00007fffc5020000 	C:\Windows\SYSTEM32\dxcore.dll
0x00007fffba040000 - 0x00007fffba207000 	C:\Windows\system32\d3d9.dll
0x00007fff9bdf0000 - 0x00007fff9cea6000 	C:\Windows\SYSTEM32\nvd3dumx.dll
0x00007fffbcf70000 - 0x00007fffbd0dc000 	C:\Program Files (x86)\NVIDIA Corporation\3D Vision\nvSCPAPI64.dll
0x00007fffc8b40000 - 0x00007fffc8fb0000 	C:\Windows\System32\SETUPAPI.dll
0x00007fffad340000 - 0x00007fffad37f000 	C:\Program Files\Java\jdk-15.0.2\bin\lcms.dll
0x00007fffb0d90000 - 0x00007fffb0da6000 	C:\Windows\system32\napinsp.dll
0x00007fffb0d70000 - 0x00007fffb0d8a000 	C:\Windows\system32\pnrpnsp.dll
0x00007fffb0d60000 - 0x00007fffb0d6e000 	C:\Windows\System32\winrnr.dll
0x00007fffc2cd0000 - 0x00007fffc2cec000 	C:\Windows\system32\NLAapi.dll
0x00007fffb0d40000 - 0x00007fffb0d55000 	C:\Windows\system32\wshbth.dll

dbghelp: loaded successfully - version: 4.0.5 - missing functions: none
symbol engine: initialized successfully - sym options: 0x614 - pdb path: .;C:\Program Files\Java\jdk-15.0.2\bin;C:\Windows\SYSTEM32;C:\Windows\WinSxS\amd64_microsoft.windows.common-controls_6595b64144ccf1df_6.0.18362.1256_none_9e7e379be45e40e2;C:\Program Files\Java\jdk-15.0.2\bin\server;C:\Program Files (x86)\NVIDIA Corporation\3D Vision

VM Arguments:
jvm_args: -ea -Dtestng.dtd.http=true -javaagent:C:\Users\Diaa\.m2\repository/org/aspectj/aspectjweaver/1.9.6/aspectjweaver-1.9.6.jar -Dfile.encoding=Cp1252 
java_command: org.testng.remote.RemoteTestNG -usedefaultlisteners false -listener com.shaft.tools.listeners.AlterSuiteListener,com.shaft.tools.listeners.SuiteListener,com.shaft.tools.listeners.InvokedMethodListener,com.shaft.tools.listeners.CucumberFeatureListener -serport 64975 -protocol json -d C:\Users\Diaa\eclipse-workspace\task1\test-output C:\Users\Diaa\AppData\Local\Temp\testng-eclipse--1127466832\testng-customsuite.xml
java_class_path (initial): C:\Users\Diaa\eclipse\java-2020-06\eclipse\configuration\org.eclipse.osgi\456\0\.cp\lib\testng-remote.jar;C:\Users\Diaa\eclipse-workspace\task1\target\test-classes;C:\Users\Diaa\eclipse-workspace\task1\target\classes;C:\Users\Diaa\.m2\repository\io\github\mohabmohie\SHAFT_ENGINE\5.3.20210609\SHAFT_ENGINE-5.3.20210609.jar;C:\Users\Diaa\.m2\repository\org\testng\testng\7.4.0\testng-7.4.0.jar;C:\Users\Diaa\.m2\repository\com\beust\jcommander\1.78\jcommander-1.78.jar;C:\Users\Diaa\.m2\repository\org\webjars\jquery\3.5.1\jquery-3.5.1.jar;C:\Users\Diaa\.m2\repository\org\seleniumhq\selenium\selenium-java\3.141.59\selenium-java-3.141.59.jar;C:\Users\Diaa\.m2\repository\org\seleniumhq\selenium\selenium-api\3.141.59\selenium-api-3.141.59.jar;C:\Users\Diaa\.m2\repository\org\seleniumhq\selenium\selenium-chrome-driver\3.141.59\selenium-chrome-driver-3.141.59.jar;C:\Users\Diaa\.m2\repository\org\seleniumhq\selenium\selenium-edge-driver\3.141.59\selenium-edge-driver-3.141.59.jar;C:\Users\Diaa\.m2\repository\org\seleniumhq\selenium\selenium-firefox-driver\3.141.59\selenium-firefox-driver-3.141.59.jar;C:\Users\Diaa\.m2\repository\org\seleniumhq\selenium\selenium-ie-driver\3.141.59\selenium-ie-driver-3.141.59.jar;C:\Users\Diaa\.m2\repository\org\seleniumhq\selenium\selenium-opera-driver\3.141.59\selenium-opera-driver-3.141.59.jar;C:\Users\Diaa\.m2\repository\org\seleniumhq\selenium\selenium-remote-driver\3.141.59\selenium-remote-driver-3.141.59.jar;C:\Users\Diaa\.m2\repository\org\seleniumhq\selenium\selenium-safari-driver\3.141.59\selenium-safari-driver-3.141.59.jar;C:\Users\Diaa\.m2\repository\org\seleniumhq\selenium\selenium-support\3.141.59\selenium-support-3.141.59.jar;C:\Users\Diaa\.m2\repository\net\bytebuddy\byte-buddy\1.8.15\byte-buddy-1.8.15.jar;C:\Users\Diaa\.m2\repository\org\apache\commons\commons-exec\1.3\commons-exec-1.3.jar;C:\Users\Diaa\.m2\repository\com\squareup\okhttp3\okhttp\3.11.0\okhttp-3.11.0.jar;C:\Users\Diaa\.m2\repository\com\
Launcher Type: SUN_STANDARD

[Global flags]
     intx CICompilerCount                          = 4                                         {product} {ergonomic}
     uint ConcGCThreads                            = 2                                         {product} {ergonomic}
     uint G1ConcRefinementThreads                  = 8                                         {product} {ergonomic}
   size_t G1HeapRegionSize                         = 1048576                                   {product} {ergonomic}
    uintx GCDrainStackTargetSize                   = 64                                        {product} {ergonomic}
   size_t InitialHeapSize                          = 67108864                                  {product} {ergonomic}
   size_t MarkStackSize                            = 4194304                                   {product} {ergonomic}
   size_t MaxHeapSize                              = 1046478848                                {product} {ergonomic}
   size_t MaxNewSize                               = 627048448                                 {product} {ergonomic}
   size_t MinHeapDeltaBytes                        = 1048576                                   {product} {ergonomic}
   size_t MinHeapSize                              = 8388608                                   {product} {ergonomic}
    uintx NonNMethodCodeHeapSize                   = 5839372                                {pd product} {ergonomic}
    uintx NonProfiledCodeHeapSize                  = 122909434                              {pd product} {ergonomic}
    uintx ProfiledCodeHeapSize                     = 122909434                              {pd product} {ergonomic}
    uintx ReservedCodeCacheSize                    = 251658240                              {pd product} {ergonomic}
     bool SegmentedCodeCache                       = true                                      {product} {ergonomic}
   size_t SoftMaxHeapSize                          = 1046478848                             {manageable} {ergonomic}
     bool UseCompressedClassPointers               = true                                 {lp64_product} {ergonomic}
     bool UseCompressedOops                        = true                                 {lp64_product} {ergonomic}
     bool UseG1GC                                  = true                                      {product} {ergonomic}
     bool UseLargePagesIndividualAllocation        = false                                  {pd product} {ergonomic}

Logging:
Log output configuration:
 #0: stdout all=warning uptime,level,tags
 #1: stderr all=off uptime,level,tags

Environment Variables:
PATH=C:/Program Files/Java/jdk-15.0.2/bin/server;C:/Program Files/Java/jdk-15.0.2/bin;C:\Program Files\Common Files\Oracle\Java\javapath;C:\ProgramData\Oracle\Java\javapath;C:\Program Files (x86)\NVIDIA Corporation\PhysX\Common;C:\Windows\system32;C:\Windows;C:\Windows\System32\Wbem;C:\Windows\System32\WindowsPowerShell\v1.0\;C:\Windows\System32\OpenSSH\;C:\Users\Diaa\AppData\Local\Microsoft\WindowsApps;;C:\Windows\system32;
USERNAME=Diaa
OS=Windows_NT
PROCESSOR_IDENTIFIER=Intel64 Family 6 Model 42 Stepping 7, GenuineIntel



---------------  S Y S T E M  ---------------

OS:
 Windows 10 , 64 bit Build 18362 (10.0.18362.1110)
OS uptime: 0 days 19:48 hours

CPU: total 8 (initial active 8) (4 cores per cpu, 2 threads per core) family 6 model 42 stepping 7 microcode 0x2f, cmov, cx8, fxsr, mmx, sse, sse2, sse3, ssse3, sse4.1, sse4.2, popcnt, vzeroupper, avx, aes, clmul, ht, tsc, tscinvbit, clflush

Memory: 4k page, system-wide physical 3984M (505M free)
TotalPageFile size 9607M (AvailPageFile size 367M)
current process WorkingSet (physical memory assigned to process): 451M, peak: 458M
current process commit charge ("private bytes"): 500M, peak: 504M

vm_info: Java HotSpot(TM) 64-Bit Server VM (15.0.2+7-27) for windows-amd64 JRE (15.0.2+7-27), built on Dec  7 2020 20:07:01 by "mach5one" with unknown MS VC++:1925

END.
