#
# There is insufficient memory for the Java Runtime Environment to continue.
# Native memory allocation (malloc) failed to allocate 1181616 bytes for Chunk::new
# Possible reasons:
#   The system is out of physical RAM or swap space
#   The process is running with CompressedOops enabled, and the Java Heap may be blocking the growth of the native heap
# Possible solutions:
#   Reduce memory load on the system
#   Increase physical memory or swap space
#   Check if swap backing store is full
#   Decrease Java heap size (-Xmx/-Xms)
#   Decrease number of Java threads
#   Decrease Java thread stack sizes (-Xss)
#   Set larger code cache with -XX:ReservedCodeCacheSize=
#   JVM is running with Unscaled Compressed Oops mode in which the Java heap is
#     placed in the first 4GB address space. The Java Heap base address is the
#     maximum limit for the native heap growth. Please use -XX:HeapBaseMinAddress
#     to set the Java Heap base and to place the Java Heap above 4GB virtual address.
# This output file may be truncated or incomplete.
#
#  Out of Memory Error (./open/src/hotspot/share/memory/arena.cpp:195), pid=5944, tid=9652
#
# JRE version: Java(TM) SE Runtime Environment (15.0.2+7) (build 15.0.2+7-27)
# Java VM: Java HotSpot(TM) 64-Bit Server VM (15.0.2+7-27, mixed mode, sharing, tiered, compressed oops, g1 gc, windows-amd64)
# No core dump will be written. Minidumps are not enabled by default on client versions of Windows
#

---------------  S U M M A R Y ------------

Command Line: -ea -Dtestng.dtd.http=true -javaagent:C:\Users\Diaa\.m2\repository/org/aspectj/aspectjweaver/1.9.6/aspectjweaver-1.9.6.jar -Dfile.encoding=Cp1252 org.testng.remote.RemoteTestNG -usedefaultlisteners false -listener com.shaft.tools.listeners.AlterSuiteListener,com.shaft.tools.listeners.SuiteListener,com.shaft.tools.listeners.InvokedMethodListener,com.shaft.tools.listeners.CucumberFeatureListener -serport 63343 -protocol json -d C:\Users\Diaa\eclipse-workspace\task1\test-output C:\Users\Diaa\AppData\Local\Temp\testng-eclipse-1684181186\testng-customsuite.xml

Host: Intel(R) Core(TM) i7-2600 CPU @ 3.40GHz, 8 cores, 3G,  Windows 10 , 64 bit Build 18362 (10.0.18362.1110)
Time: Fri Jun 11 23:38:12 2021 Egypt Standard Time elapsed time: 15.826652 seconds (0d 0h 0m 15s)

---------------  T H R E A D  ---------------

Current thread (0x00000196e3dc27e0):  JavaThread "C2 CompilerThread0" daemon [_thread_in_native, id=9652, stack(0x0000004064100000,0x0000004064200000)]


Current CompileTask:
C2:  15826 4877 %     4       org.aspectj.apache.bcel.generic.MethodGen::<init> @ 343 (928 bytes)

Stack: [0x0000004064100000,0x0000004064200000]
Native frames: (J=compiled Java code, j=interpreted, Vv=VM code, C=native code)
V  [jvm.dll+0x62ae9a]
V  [jvm.dll+0x7817a9]
V  [jvm.dll+0x782f03]
V  [jvm.dll+0x783563]
V  [jvm.dll+0x216325]
V  [jvm.dll+0x97f3a]
V  [jvm.dll+0x9861c]
V  [jvm.dll+0x279f9f]
V  [jvm.dll+0x540794]
V  [jvm.dll+0x1f3124]
V  [jvm.dll+0x1ecaf1]
V  [jvm.dll+0x1e9867]
V  [jvm.dll+0x178567]
V  [jvm.dll+0x1f9225]
V  [jvm.dll+0x1f72cc]
V  [jvm.dll+0x74495d]
V  [jvm.dll+0x73d75a]
V  [jvm.dll+0x629c56]
C  [ucrtbase.dll+0x210b2]
C  [KERNEL32.DLL+0x17c24]
C  [ntdll.dll+0x6d4d1]


---------------  P R O C E S S  ---------------

Threads class SMR info:
_java_thread_list=0x00000196ea788840, length=22, elements={
0x00000196c791c910, 0x00000196e3d96f60, 0x00000196e3d97940, 0x00000196e3db2140,
0x00000196e3db4e10, 0x00000196e3db56d0, 0x00000196e3dc27e0, 0x00000196e3dc50f0,
0x00000196e3dcfe10, 0x00000196e4898c60, 0x00000196e5012990, 0x00000196e5e48df0,
0x00000196e9dc3a90, 0x00000196e9b77030, 0x00000196e5b47840, 0x00000196e7f766b0,
0x00000196e7f55bd0, 0x00000196e7f53a20, 0x00000196e7f53ef0, 0x00000196e7f53080,
0x00000196e7f560a0, 0x00000196e60a8cc0
}

Java Threads: ( => current thread )
  0x00000196c791c910 JavaThread "main" [_thread_in_vm, id=11288, stack(0x0000004063500000,0x0000004063600000)]
  0x00000196e3d96f60 JavaThread "Reference Handler" daemon [_thread_blocked, id=2944, stack(0x0000004063c00000,0x0000004063d00000)]
  0x00000196e3d97940 JavaThread "Finalizer" daemon [_thread_blocked, id=9696, stack(0x0000004063d00000,0x0000004063e00000)]
  0x00000196e3db2140 JavaThread "Signal Dispatcher" daemon [_thread_blocked, id=4756, stack(0x0000004063e00000,0x0000004063f00000)]
  0x00000196e3db4e10 JavaThread "Attach Listener" daemon [_thread_blocked, id=540, stack(0x0000004063f00000,0x0000004064000000)]
  0x00000196e3db56d0 JavaThread "Service Thread" daemon [_thread_blocked, id=6012, stack(0x0000004064000000,0x0000004064100000)]
=>0x00000196e3dc27e0 JavaThread "C2 CompilerThread0" daemon [_thread_in_native, id=9652, stack(0x0000004064100000,0x0000004064200000)]
  0x00000196e3dc50f0 JavaThread "C1 CompilerThread0" daemon [_thread_blocked, id=12168, stack(0x0000004064200000,0x0000004064300000)]
  0x00000196e3dcfe10 JavaThread "Sweeper thread" daemon [_thread_blocked, id=9352, stack(0x0000004064300000,0x0000004064400000)]
  0x00000196e4898c60 JavaThread "Common-Cleaner" daemon [_thread_blocked, id=12772, stack(0x0000004064400000,0x0000004064500000)]
  0x00000196e5012990 JavaThread "Notification Thread" daemon [_thread_blocked, id=6884, stack(0x0000004064700000,0x0000004064800000)]
  0x00000196e5e48df0 JavaThread "ReaderThread" [_thread_in_native, id=13408, stack(0x0000004064b00000,0x0000004064c00000)]
  0x00000196e9dc3a90 JavaThread "Exec Default Executor" daemon [_thread_in_native, id=12996, stack(0x0000004065200000,0x0000004065300000)]
  0x00000196e9b77030 JavaThread "UrlChecker-2" daemon [_thread_blocked, id=9004, stack(0x0000004065300000,0x0000004065400000)]
  0x00000196e5b47840 JavaThread "Exec Stream Pumper" daemon [_thread_in_native, id=11304, stack(0x0000004065400000,0x0000004065500000)]
  0x00000196e7f766b0 JavaThread "Exec Stream Pumper" daemon [_thread_in_native, id=7404, stack(0x0000004065500000,0x0000004065600000)]
  0x00000196e7f55bd0 JavaThread "ForkJoinPool.commonPool-worker-3" daemon [_thread_blocked, id=5152, stack(0x0000004065600000,0x0000004065700000)]
  0x00000196e7f53a20 JavaThread "ForkJoinPool.commonPool-worker-5" daemon [_thread_blocked, id=11152, stack(0x0000004065700000,0x0000004065800000)]
  0x00000196e7f53ef0 JavaThread "ForkJoinPool.commonPool-worker-7" daemon [_thread_blocked, id=13004, stack(0x0000004065800000,0x0000004065900000)]
  0x00000196e7f53080 JavaThread "OkHttp ConnectionPool" daemon [_thread_blocked, id=14320, stack(0x0000004065a00000,0x0000004065b00000)]
  0x00000196e7f560a0 JavaThread "Okio Watchdog" daemon [_thread_blocked, id=3768, stack(0x0000004065b00000,0x0000004065c00000)]
  0x00000196e60a8cc0 JavaThread "C2 CompilerThread1" daemon [_thread_in_native, id=8948, stack(0x0000004064500000,0x0000004064600000)]

Other Threads:
  0x00000196e3d958d0 VMThread "VM Thread" [stack: 0x0000004063b00000,0x0000004063c00000] [id=9704]
  0x00000196e5ceab10 WatcherThread [stack: 0x0000004064800000,0x0000004064900000] [id=13340]
  0x00000196c794bb00 GCTaskThread "GC Thread#0" [stack: 0x0000004063600000,0x0000004063700000] [id=6892]
  0x00000196e49f0340 GCTaskThread "GC Thread#1" [stack: 0x0000004064600000,0x0000004064700000] [id=13072]
  0x00000196e55b1af0 GCTaskThread "GC Thread#2" [stack: 0x0000004064c00000,0x0000004064d00000] [id=1712]
  0x00000196e55b2e10 GCTaskThread "GC Thread#3" [stack: 0x0000004064d00000,0x0000004064e00000] [id=12048]
  0x00000196c7955830 ConcurrentGCThread "G1 Main Marker" [stack: 0x0000004063700000,0x0000004063800000] [id=7868]
  0x00000196c7956ad0 ConcurrentGCThread "G1 Conc#0" [stack: 0x0000004063800000,0x0000004063900000] [id=6904]
  0x00000196e55b4460 ConcurrentGCThread "G1 Conc#1" [stack: 0x0000004065100000,0x0000004065200000] [id=12412]
  0x00000196e3c20090 ConcurrentGCThread "G1 Refine#0" [stack: 0x0000004063900000,0x0000004063a00000] [id=1144]
  0x00000196e6bcbab0 ConcurrentGCThread "G1 Refine#1" [stack: 0x0000004064e00000,0x0000004064f00000] [id=10012]
  0x00000196e6bcc830 ConcurrentGCThread "G1 Refine#2" [stack: 0x0000004064f00000,0x0000004065000000] [id=13432]
  0x00000196e6bcbe10 ConcurrentGCThread "G1 Refine#3" [stack: 0x0000004065000000,0x0000004065100000] [id=5672]
  0x00000196e3c20aa0 ConcurrentGCThread "G1 Young RemSet Sampling" [stack: 0x0000004063a00000,0x0000004063b00000] [id=13084]

Threads with active compile tasks:
C2 CompilerThread0    16605 4877 %     4       org.aspectj.apache.bcel.generic.MethodGen::<init> @ 343 (928 bytes)
C2 CompilerThread1    16605 4851   !   4       org.aspectj.weaver.bcel.AtAjAttributes::readAj5MethodAttributes (572 bytes)

VM state: not at safepoint (normal execution)

VM Mutex/Monitor currently owned by a thread: None

Heap address: 0x00000000c1a00000, size: 998 MB, Compressed Oops mode: 32-bit
CDS archive(s) mapped at: [0x0000000800000000-0x0000000800b50000-0x0000000800b50000), size 11862016, SharedBaseAddress: 0x0000000800000000, ArchiveRelocationMode: 0.
Compressed class space mapped at: 0x0000000800b50000-0x0000000840b50000, size: 1073741824
Narrow klass base: 0x0000000800000000, Narrow klass shift: 3, Narrow klass range: 0x100000000

GC Precious Log:
 CPUs: 8 total, 8 available
 Memory: 3984M
 Large Page Support: Disabled
 NUMA Support: Disabled
 Compressed Oops: Enabled (32-bit)
 Heap Region Size: 1M
 Heap Min Capacity: 8M
 Heap Initial Capacity: 64M
 Heap Max Capacity: 998M
 Pre-touch: Disabled
 Parallel Workers: 8
 Concurrent Workers: 2
 Concurrent Refinement Workers: 8
 Periodic GC: Disabled

Heap:
 garbage-first heap   total 176128K, used 83084K [0x00000000c1a00000, 0x0000000100000000)
  region size 1024K, 17 young (17408K), 9 survivors (9216K)
 Metaspace       used 41619K, capacity 41999K, committed 42288K, reserved 1087488K
  class space    used 4775K, capacity 4909K, committed 4992K, reserved 1048576K

Heap Regions: E=young(eden), S=young(survivor), O=old, HS=humongous(starts), HC=humongous(continues), CS=collection set, F=free, OA=open archive, CA=closed archive, TAMS=top-at-mark-start (previous, next)
|   0|0x00000000c1a00000, 0x00000000c1b00000, 0x00000000c1b00000|100%|HS|  |TAMS 0x00000000c1b00000, 0x00000000c1a00000| Complete 
|   1|0x00000000c1b00000, 0x00000000c1c00000, 0x00000000c1c00000|100%| O|  |TAMS 0x00000000c1c00000, 0x00000000c1b00000| Untracked 
|   2|0x00000000c1c00000, 0x00000000c1d00000, 0x00000000c1d00000|100%| O|  |TAMS 0x00000000c1d00000, 0x00000000c1c00000| Untracked 
|   3|0x00000000c1d00000, 0x00000000c1e00000, 0x00000000c1e00000|100%| O|  |TAMS 0x00000000c1e00000, 0x00000000c1d00000| Untracked 
|   4|0x00000000c1e00000, 0x00000000c1f00000, 0x00000000c1f00000|100%| O|  |TAMS 0x00000000c1f00000, 0x00000000c1e00000| Untracked 
|   5|0x00000000c1f00000, 0x00000000c2000000, 0x00000000c2000000|100%| O|  |TAMS 0x00000000c2000000, 0x00000000c1f00000| Untracked 
|   6|0x00000000c2000000, 0x00000000c2100000, 0x00000000c2100000|100%| O|  |TAMS 0x00000000c2100000, 0x00000000c2000000| Untracked 
|   7|0x00000000c2100000, 0x00000000c2200000, 0x00000000c2200000|100%| O|  |TAMS 0x00000000c2200000, 0x00000000c2100000| Untracked 
|   8|0x00000000c2200000, 0x00000000c2300000, 0x00000000c2300000|100%| O|  |TAMS 0x00000000c2300000, 0x00000000c2200000| Untracked 
|   9|0x00000000c2300000, 0x00000000c2400000, 0x00000000c2400000|100%| O|  |TAMS 0x00000000c2400000, 0x00000000c2300000| Untracked 
|  10|0x00000000c2400000, 0x00000000c2500000, 0x00000000c2500000|100%| O|  |TAMS 0x00000000c2500000, 0x00000000c2400000| Untracked 
|  11|0x00000000c2500000, 0x00000000c2600000, 0x00000000c2600000|100%| O|  |TAMS 0x00000000c2600000, 0x00000000c2500000| Untracked 
|  12|0x00000000c2600000, 0x00000000c2700000, 0x00000000c2700000|100%| O|  |TAMS 0x00000000c2700000, 0x00000000c2600000| Untracked 
|  13|0x00000000c2700000, 0x00000000c2800000, 0x00000000c2800000|100%| O|  |TAMS 0x00000000c2800000, 0x00000000c2700000| Untracked 
|  14|0x00000000c2800000, 0x00000000c2900000, 0x00000000c2900000|100%| O|  |TAMS 0x00000000c2900000, 0x00000000c2800000| Untracked 
|  15|0x00000000c2900000, 0x00000000c2a00000, 0x00000000c2a00000|100%| O|  |TAMS 0x00000000c2a00000, 0x00000000c2900000| Untracked 
|  16|0x00000000c2a00000, 0x00000000c2b00000, 0x00000000c2b00000|100%| O|  |TAMS 0x00000000c2b00000, 0x00000000c2a00000| Untracked 
|  17|0x00000000c2b00000, 0x00000000c2c00000, 0x00000000c2c00000|100%| O|  |TAMS 0x00000000c2c00000, 0x00000000c2b00000| Untracked 
|  18|0x00000000c2c00000, 0x00000000c2d00000, 0x00000000c2d00000|100%| O|  |TAMS 0x00000000c2d00000, 0x00000000c2c00000| Untracked 
|  19|0x00000000c2d00000, 0x00000000c2e00000, 0x00000000c2e00000|100%| O|  |TAMS 0x00000000c2e00000, 0x00000000c2d00000| Untracked 
|  20|0x00000000c2e00000, 0x00000000c2f00000, 0x00000000c2f00000|100%| O|  |TAMS 0x00000000c2f00000, 0x00000000c2e00000| Untracked 
|  21|0x00000000c2f00000, 0x00000000c3000000, 0x00000000c3000000|100%| O|  |TAMS 0x00000000c3000000, 0x00000000c2f00000| Untracked 
|  22|0x00000000c3000000, 0x00000000c3100000, 0x00000000c3100000|100%| O|  |TAMS 0x00000000c3100000, 0x00000000c3000000| Untracked 
|  23|0x00000000c3100000, 0x00000000c3200000, 0x00000000c3200000|100%| O|  |TAMS 0x00000000c3200000, 0x00000000c3100000| Untracked 
|  24|0x00000000c3200000, 0x00000000c3223200, 0x00000000c3300000| 13%| O|  |TAMS 0x00000000c3200000, 0x00000000c3200000| Untracked 
|  25|0x00000000c3300000, 0x00000000c3400000, 0x00000000c3400000|100%| O|  |TAMS 0x00000000c3400000, 0x00000000c3300000| Untracked 
|  26|0x00000000c3400000, 0x00000000c3400000, 0x00000000c3500000|  0%| F|  |TAMS 0x00000000c3400000, 0x00000000c3400000| Untracked 
|  27|0x00000000c3500000, 0x00000000c3600000, 0x00000000c3600000|100%| O|  |TAMS 0x00000000c3600000, 0x00000000c3500000| Untracked 
|  28|0x00000000c3600000, 0x00000000c3700000, 0x00000000c3700000|100%| O|  |TAMS 0x00000000c3700000, 0x00000000c3600000| Untracked 
|  29|0x00000000c3700000, 0x00000000c3800000, 0x00000000c3800000|100%| O|  |TAMS 0x00000000c3800000, 0x00000000c3700000| Untracked 
|  30|0x00000000c3800000, 0x00000000c3900000, 0x00000000c3900000|100%| O|  |TAMS 0x00000000c3900000, 0x00000000c3800000| Untracked 
|  31|0x00000000c3900000, 0x00000000c3900000, 0x00000000c3a00000|  0%| F|  |TAMS 0x00000000c3900000, 0x00000000c3900000| Untracked 
|  32|0x00000000c3a00000, 0x00000000c3b00000, 0x00000000c3b00000|100%| O|  |TAMS 0x00000000c3b00000, 0x00000000c3a00000| Untracked 
|  33|0x00000000c3b00000, 0x00000000c3c00000, 0x00000000c3c00000|100%| O|  |TAMS 0x00000000c3c00000, 0x00000000c3b00000| Untracked 
|  34|0x00000000c3c00000, 0x00000000c3d00000, 0x00000000c3d00000|100%| O|  |TAMS 0x00000000c3d00000, 0x00000000c3c00000| Untracked 
|  35|0x00000000c3d00000, 0x00000000c3d00000, 0x00000000c3e00000|  0%| F|  |TAMS 0x00000000c3d00000, 0x00000000c3d00000| Untracked 
|  36|0x00000000c3e00000, 0x00000000c3f00000, 0x00000000c3f00000|100%| O|  |TAMS 0x00000000c3f00000, 0x00000000c3e00000| Untracked 
|  37|0x00000000c3f00000, 0x00000000c4000000, 0x00000000c4000000|100%| O|  |TAMS 0x00000000c4000000, 0x00000000c3f00000| Untracked 
|  38|0x00000000c4000000, 0x00000000c4000000, 0x00000000c4100000|  0%| F|  |TAMS 0x00000000c4000000, 0x00000000c4000000| Untracked 
|  39|0x00000000c4100000, 0x00000000c4200000, 0x00000000c4200000|100%| O|  |TAMS 0x00000000c4200000, 0x00000000c4100000| Untracked 
|  40|0x00000000c4200000, 0x00000000c4300000, 0x00000000c4300000|100%| O|  |TAMS 0x00000000c4300000, 0x00000000c4200000| Untracked 
|  41|0x00000000c4300000, 0x00000000c4300000, 0x00000000c4400000|  0%| F|  |TAMS 0x00000000c4300000, 0x00000000c4300000| Untracked 
|  42|0x00000000c4400000, 0x00000000c4500000, 0x00000000c4500000|100%| O|  |TAMS 0x00000000c4500000, 0x00000000c4400000| Untracked 
|  43|0x00000000c4500000, 0x00000000c4600000, 0x00000000c4600000|100%| O|  |TAMS 0x00000000c4600000, 0x00000000c4500000| Untracked 
|  44|0x00000000c4600000, 0x00000000c4600000, 0x00000000c4700000|  0%| F|  |TAMS 0x00000000c4600000, 0x00000000c4600000| Untracked 
|  45|0x00000000c4700000, 0x00000000c4800000, 0x00000000c4800000|100%| O|  |TAMS 0x00000000c4800000, 0x00000000c4700000| Untracked 
|  46|0x00000000c4800000, 0x00000000c4900000, 0x00000000c4900000|100%| O|  |TAMS 0x00000000c4900000, 0x00000000c4800000| Untracked 
|  47|0x00000000c4900000, 0x00000000c4900000, 0x00000000c4a00000|  0%| F|  |TAMS 0x00000000c4900000, 0x00000000c4900000| Untracked 
|  48|0x00000000c4a00000, 0x00000000c4b00000, 0x00000000c4b00000|100%| O|  |TAMS 0x00000000c4b00000, 0x00000000c4a00000| Untracked 
|  49|0x00000000c4b00000, 0x00000000c4b00000, 0x00000000c4c00000|  0%| F|  |TAMS 0x00000000c4b00000, 0x00000000c4b00000| Untracked 
|  50|0x00000000c4c00000, 0x00000000c4c00000, 0x00000000c4d00000|  0%| F|  |TAMS 0x00000000c4c00000, 0x00000000c4c00000| Untracked 
|  51|0x00000000c4d00000, 0x00000000c4e00000, 0x00000000c4e00000|100%| O|  |TAMS 0x00000000c4e00000, 0x00000000c4d00000| Untracked 
|  52|0x00000000c4e00000, 0x00000000c4f00000, 0x00000000c4f00000|100%| O|  |TAMS 0x00000000c4f00000, 0x00000000c4e00000| Untracked 
|  53|0x00000000c4f00000, 0x00000000c5000000, 0x00000000c5000000|100%| O|  |TAMS 0x00000000c5000000, 0x00000000c4f00000| Untracked 
|  54|0x00000000c5000000, 0x00000000c5100000, 0x00000000c5100000|100%| O|  |TAMS 0x00000000c5100000, 0x00000000c5000000| Untracked 
|  55|0x00000000c5100000, 0x00000000c5200000, 0x00000000c5200000|100%| O|  |TAMS 0x00000000c5200000, 0x00000000c5100000| Untracked 
|  56|0x00000000c5200000, 0x00000000c5300000, 0x00000000c5300000|100%| O|  |TAMS 0x00000000c5300000, 0x00000000c5200000| Untracked 
|  57|0x00000000c5300000, 0x00000000c5300000, 0x00000000c5400000|  0%| F|  |TAMS 0x00000000c5300000, 0x00000000c5300000| Untracked 
|  58|0x00000000c5400000, 0x00000000c5400000, 0x00000000c5500000|  0%| F|  |TAMS 0x00000000c5400000, 0x00000000c5400000| Untracked 
|  59|0x00000000c5500000, 0x00000000c5600000, 0x00000000c5600000|100%| O|  |TAMS 0x00000000c5600000, 0x00000000c5500000| Untracked 
|  60|0x00000000c5600000, 0x00000000c5700000, 0x00000000c5700000|100%| O|  |TAMS 0x00000000c5700000, 0x00000000c5600000| Untracked 
|  61|0x00000000c5700000, 0x00000000c5700000, 0x00000000c5800000|  0%| F|  |TAMS 0x00000000c5700000, 0x00000000c5700000| Untracked 
|  62|0x00000000c5800000, 0x00000000c5900000, 0x00000000c5900000|100%| O|  |TAMS 0x00000000c5900000, 0x00000000c5800000| Untracked 
|  63|0x00000000c5900000, 0x00000000c5a00000, 0x00000000c5a00000|100%| O|  |TAMS 0x00000000c5a00000, 0x00000000c5900000| Untracked 
|  64|0x00000000c5a00000, 0x00000000c5b00000, 0x00000000c5b00000|100%| O|  |TAMS 0x00000000c5b00000, 0x00000000c5a00000| Untracked 
|  65|0x00000000c5b00000, 0x00000000c5c00000, 0x00000000c5c00000|100%| O|  |TAMS 0x00000000c5c00000, 0x00000000c5b00000| Untracked 
|  66|0x00000000c5c00000, 0x00000000c5d00000, 0x00000000c5d00000|100%| O|  |TAMS 0x00000000c5d00000, 0x00000000c5c00000| Untracked 
|  67|0x00000000c5d00000, 0x00000000c5e00000, 0x00000000c5e00000|100%| O|  |TAMS 0x00000000c5e00000, 0x00000000c5d00000| Untracked 
|  68|0x00000000c5e00000, 0x00000000c5f00000, 0x00000000c5f00000|100%| O|  |TAMS 0x00000000c5f00000, 0x00000000c5e00000| Untracked 
|  69|0x00000000c5f00000, 0x00000000c6000000, 0x00000000c6000000|100%| O|  |TAMS 0x00000000c6000000, 0x00000000c5f00000| Untracked 
|  70|0x00000000c6000000, 0x00000000c6100000, 0x00000000c6100000|100%| O|  |TAMS 0x00000000c6100000, 0x00000000c6000000| Untracked 
|  71|0x00000000c6100000, 0x00000000c6100000, 0x00000000c6200000|  0%| F|  |TAMS 0x00000000c6100000, 0x00000000c6100000| Untracked 
|  72|0x00000000c6200000, 0x00000000c6300000, 0x00000000c6300000|100%| O|  |TAMS 0x00000000c6300000, 0x00000000c6200000| Untracked 
|  73|0x00000000c6300000, 0x00000000c6400000, 0x00000000c6400000|100%| O|  |TAMS 0x00000000c6400000, 0x00000000c6300000| Untracked 
|  74|0x00000000c6400000, 0x00000000c6500000, 0x00000000c6500000|100%| O|  |TAMS 0x00000000c6500000, 0x00000000c6400000| Untracked 
|  75|0x00000000c6500000, 0x00000000c6600000, 0x00000000c6600000|100%| O|  |TAMS 0x00000000c6600000, 0x00000000c6500000| Untracked 
|  76|0x00000000c6600000, 0x00000000c6700000, 0x00000000c6700000|100%| O|  |TAMS 0x00000000c6700000, 0x00000000c6600000| Untracked 
|  77|0x00000000c6700000, 0x00000000c6800000, 0x00000000c6800000|100%| O|  |TAMS 0x00000000c6800000, 0x00000000c6700000| Untracked 
|  78|0x00000000c6800000, 0x00000000c6900000, 0x00000000c6900000|100%| O|  |TAMS 0x00000000c68d2a00, 0x00000000c6800000| Untracked 
|  79|0x00000000c6900000, 0x00000000c6900000, 0x00000000c6a00000|  0%| F|  |TAMS 0x00000000c6900000, 0x00000000c6900000| Untracked 
|  80|0x00000000c6a00000, 0x00000000c6a00000, 0x00000000c6b00000|  0%| F|  |TAMS 0x00000000c6a00000, 0x00000000c6a00000| Untracked 
|  81|0x00000000c6b00000, 0x00000000c6b00000, 0x00000000c6c00000|  0%| F|  |TAMS 0x00000000c6b00000, 0x00000000c6b00000| Untracked 
|  82|0x00000000c6c00000, 0x00000000c6c00000, 0x00000000c6d00000|  0%| F|  |TAMS 0x00000000c6c00000, 0x00000000c6c00000| Untracked 
|  83|0x00000000c6d00000, 0x00000000c6d00000, 0x00000000c6e00000|  0%| F|  |TAMS 0x00000000c6d00000, 0x00000000c6d00000| Untracked 
|  84|0x00000000c6e00000, 0x00000000c6e00000, 0x00000000c6f00000|  0%| F|  |TAMS 0x00000000c6e00000, 0x00000000c6e00000| Untracked 
|  85|0x00000000c6f00000, 0x00000000c6f00000, 0x00000000c7000000|  0%| F|  |TAMS 0x00000000c6f00000, 0x00000000c6f00000| Untracked 
|  86|0x00000000c7000000, 0x00000000c7000000, 0x00000000c7100000|  0%| F|  |TAMS 0x00000000c7000000, 0x00000000c7000000| Untracked 
|  87|0x00000000c7100000, 0x00000000c7100000, 0x00000000c7200000|  0%| F|  |TAMS 0x00000000c7100000, 0x00000000c7100000| Untracked 
|  88|0x00000000c7200000, 0x00000000c7200000, 0x00000000c7300000|  0%| F|  |TAMS 0x00000000c7200000, 0x00000000c7200000| Untracked 
|  89|0x00000000c7300000, 0x00000000c7300000, 0x00000000c7400000|  0%| F|  |TAMS 0x00000000c7300000, 0x00000000c7300000| Untracked 
|  90|0x00000000c7400000, 0x00000000c7400000, 0x00000000c7500000|  0%| F|  |TAMS 0x00000000c7400000, 0x00000000c7400000| Untracked 
|  91|0x00000000c7500000, 0x00000000c7500000, 0x00000000c7600000|  0%| F|  |TAMS 0x00000000c7500000, 0x00000000c7500000| Untracked 
|  92|0x00000000c7600000, 0x00000000c7600000, 0x00000000c7700000|  0%| F|  |TAMS 0x00000000c7600000, 0x00000000c7600000| Untracked 
|  93|0x00000000c7700000, 0x00000000c7700000, 0x00000000c7800000|  0%| F|  |TAMS 0x00000000c7700000, 0x00000000c7700000| Untracked 
|  94|0x00000000c7800000, 0x00000000c7800000, 0x00000000c7900000|  0%| F|  |TAMS 0x00000000c7800000, 0x00000000c7800000| Untracked 
|  95|0x00000000c7900000, 0x00000000c7900000, 0x00000000c7a00000|  0%| F|  |TAMS 0x00000000c7900000, 0x00000000c7900000| Untracked 
|  96|0x00000000c7a00000, 0x00000000c7a00000, 0x00000000c7b00000|  0%| F|  |TAMS 0x00000000c7a00000, 0x00000000c7a00000| Untracked 
|  97|0x00000000c7b00000, 0x00000000c7b00000, 0x00000000c7c00000|  0%| F|  |TAMS 0x00000000c7b00000, 0x00000000c7b00000| Untracked 
|  98|0x00000000c7c00000, 0x00000000c7c00000, 0x00000000c7d00000|  0%| F|  |TAMS 0x00000000c7c00000, 0x00000000c7c00000| Untracked 
|  99|0x00000000c7d00000, 0x00000000c7e00000, 0x00000000c7e00000|100%| S|CS|TAMS 0x00000000c7d00000, 0x00000000c7d00000| Complete 
| 100|0x00000000c7e00000, 0x00000000c7f00000, 0x00000000c7f00000|100%| S|CS|TAMS 0x00000000c7e00000, 0x00000000c7e00000| Complete 
| 101|0x00000000c7f00000, 0x00000000c8000000, 0x00000000c8000000|100%| S|CS|TAMS 0x00000000c7f00000, 0x00000000c7f00000| Complete 
| 102|0x00000000c8000000, 0x00000000c8100000, 0x00000000c8100000|100%| S|CS|TAMS 0x00000000c8000000, 0x00000000c8000000| Complete 
| 103|0x00000000c8100000, 0x00000000c8200000, 0x00000000c8200000|100%| S|CS|TAMS 0x00000000c8100000, 0x00000000c8100000| Complete 
| 104|0x00000000c8200000, 0x00000000c8300000, 0x00000000c8300000|100%| S|CS|TAMS 0x00000000c8200000, 0x00000000c8200000| Complete 
| 105|0x00000000c8300000, 0x00000000c8400000, 0x00000000c8400000|100%| S|CS|TAMS 0x00000000c8300000, 0x00000000c8300000| Complete 
| 106|0x00000000c8400000, 0x00000000c8500000, 0x00000000c8500000|100%| S|CS|TAMS 0x00000000c8400000, 0x00000000c8400000| Complete 
| 107|0x00000000c8500000, 0x00000000c8600000, 0x00000000c8600000|100%| S|CS|TAMS 0x00000000c8500000, 0x00000000c8500000| Complete 
| 108|0x00000000c8600000, 0x00000000c8600000, 0x00000000c8700000|  0%| F|  |TAMS 0x00000000c8600000, 0x00000000c8600000| Untracked 
| 109|0x00000000c8700000, 0x00000000c8700000, 0x00000000c8800000|  0%| F|  |TAMS 0x00000000c8700000, 0x00000000c8700000| Untracked 
| 110|0x00000000c8800000, 0x00000000c8800000, 0x00000000c8900000|  0%| F|  |TAMS 0x00000000c8800000, 0x00000000c8800000| Untracked 
| 111|0x00000000c8900000, 0x00000000c8900000, 0x00000000c8a00000|  0%| F|  |TAMS 0x00000000c8900000, 0x00000000c8900000| Untracked 
| 112|0x00000000c8a00000, 0x00000000c8a00000, 0x00000000c8b00000|  0%| F|  |TAMS 0x00000000c8a00000, 0x00000000c8a00000| Untracked 
| 113|0x00000000c8b00000, 0x00000000c8b00000, 0x00000000c8c00000|  0%| F|  |TAMS 0x00000000c8b00000, 0x00000000c8b00000| Untracked 
| 114|0x00000000c8c00000, 0x00000000c8c00000, 0x00000000c8d00000|  0%| F|  |TAMS 0x00000000c8c00000, 0x00000000c8c00000| Untracked 
| 115|0x00000000c8d00000, 0x00000000c8d00000, 0x00000000c8e00000|  0%| F|  |TAMS 0x00000000c8d00000, 0x00000000c8d00000| Untracked 
| 116|0x00000000c8e00000, 0x00000000c8e00000, 0x00000000c8f00000|  0%| F|  |TAMS 0x00000000c8e00000, 0x00000000c8e00000| Untracked 
| 117|0x00000000c8f00000, 0x00000000c8f00000, 0x00000000c9000000|  0%| F|  |TAMS 0x00000000c8f00000, 0x00000000c8f00000| Untracked 
| 118|0x00000000c9000000, 0x00000000c9000000, 0x00000000c9100000|  0%| F|  |TAMS 0x00000000c9000000, 0x00000000c9000000| Untracked 
| 119|0x00000000c9100000, 0x00000000c9100000, 0x00000000c9200000|  0%| F|  |TAMS 0x00000000c9100000, 0x00000000c9100000| Untracked 
| 120|0x00000000c9200000, 0x00000000c9200000, 0x00000000c9300000|  0%| F|  |TAMS 0x00000000c9200000, 0x00000000c9200000| Untracked 
| 121|0x00000000c9300000, 0x00000000c9300000, 0x00000000c9400000|  0%| F|  |TAMS 0x00000000c9300000, 0x00000000c9300000| Untracked 
| 122|0x00000000c9400000, 0x00000000c9400000, 0x00000000c9500000|  0%| F|  |TAMS 0x00000000c9400000, 0x00000000c9400000| Untracked 
| 123|0x00000000c9500000, 0x00000000c9500000, 0x00000000c9600000|  0%| F|  |TAMS 0x00000000c9500000, 0x00000000c9500000| Untracked 
| 124|0x00000000c9600000, 0x00000000c9600000, 0x00000000c9700000|  0%| F|  |TAMS 0x00000000c9600000, 0x00000000c9600000| Untracked 
| 125|0x00000000c9700000, 0x00000000c9700000, 0x00000000c9800000|  0%| F|  |TAMS 0x00000000c9700000, 0x00000000c9700000| Untracked 
| 126|0x00000000c9800000, 0x00000000c9800000, 0x00000000c9900000|  0%| F|  |TAMS 0x00000000c9800000, 0x00000000c9800000| Untracked 
| 127|0x00000000c9900000, 0x00000000c9900000, 0x00000000c9a00000|  0%| F|  |TAMS 0x00000000c9900000, 0x00000000c9900000| Untracked 
| 128|0x00000000c9a00000, 0x00000000c9a00000, 0x00000000c9b00000|  0%| F|  |TAMS 0x00000000c9a00000, 0x00000000c9a00000| Untracked 
| 129|0x00000000c9b00000, 0x00000000c9b00000, 0x00000000c9c00000|  0%| F|  |TAMS 0x00000000c9b00000, 0x00000000c9b00000| Untracked 
| 130|0x00000000c9c00000, 0x00000000c9c00000, 0x00000000c9d00000|  0%| F|  |TAMS 0x00000000c9c00000, 0x00000000c9c00000| Untracked 
| 131|0x00000000c9d00000, 0x00000000c9d00000, 0x00000000c9e00000|  0%| F|  |TAMS 0x00000000c9d00000, 0x00000000c9d00000| Untracked 
| 132|0x00000000c9e00000, 0x00000000c9e00000, 0x00000000c9f00000|  0%| F|  |TAMS 0x00000000c9e00000, 0x00000000c9e00000| Untracked 
| 133|0x00000000c9f00000, 0x00000000c9f00000, 0x00000000ca000000|  0%| F|  |TAMS 0x00000000c9f00000, 0x00000000c9f00000| Untracked 
| 134|0x00000000ca000000, 0x00000000ca000000, 0x00000000ca100000|  0%| F|  |TAMS 0x00000000ca000000, 0x00000000ca000000| Untracked 
| 135|0x00000000ca100000, 0x00000000ca100000, 0x00000000ca200000|  0%| F|  |TAMS 0x00000000ca100000, 0x00000000ca100000| Untracked 
| 136|0x00000000ca200000, 0x00000000ca200000, 0x00000000ca300000|  0%| F|  |TAMS 0x00000000ca200000, 0x00000000ca200000| Untracked 
| 137|0x00000000ca300000, 0x00000000ca300000, 0x00000000ca400000|  0%| F|  |TAMS 0x00000000ca300000, 0x00000000ca300000| Untracked 
| 138|0x00000000ca400000, 0x00000000ca400000, 0x00000000ca500000|  0%| F|  |TAMS 0x00000000ca400000, 0x00000000ca400000| Untracked 
| 139|0x00000000ca500000, 0x00000000ca500000, 0x00000000ca600000|  0%| F|  |TAMS 0x00000000ca500000, 0x00000000ca500000| Untracked 
| 140|0x00000000ca600000, 0x00000000ca600000, 0x00000000ca700000|  0%| F|  |TAMS 0x00000000ca600000, 0x00000000ca600000| Untracked 
| 141|0x00000000ca700000, 0x00000000ca700000, 0x00000000ca800000|  0%| F|  |TAMS 0x00000000ca700000, 0x00000000ca700000| Untracked 
| 142|0x00000000ca800000, 0x00000000ca800000, 0x00000000ca900000|  0%| F|  |TAMS 0x00000000ca800000, 0x00000000ca800000| Untracked 
| 143|0x00000000ca900000, 0x00000000ca900000, 0x00000000caa00000|  0%| F|  |TAMS 0x00000000ca900000, 0x00000000ca900000| Untracked 
| 144|0x00000000caa00000, 0x00000000caa00000, 0x00000000cab00000|  0%| F|  |TAMS 0x00000000caa00000, 0x00000000caa00000| Untracked 
| 145|0x00000000cab00000, 0x00000000cab00000, 0x00000000cac00000|  0%| F|  |TAMS 0x00000000cab00000, 0x00000000cab00000| Untracked 
| 146|0x00000000cac00000, 0x00000000cac00000, 0x00000000cad00000|  0%| F|  |TAMS 0x00000000cac00000, 0x00000000cac00000| Untracked 
| 147|0x00000000cad00000, 0x00000000cad00000, 0x00000000cae00000|  0%| F|  |TAMS 0x00000000cad00000, 0x00000000cad00000| Untracked 
| 148|0x00000000cae00000, 0x00000000cae00000, 0x00000000caf00000|  0%| F|  |TAMS 0x00000000cae00000, 0x00000000cae00000| Untracked 
| 149|0x00000000caf00000, 0x00000000caf00000, 0x00000000cb000000|  0%| F|  |TAMS 0x00000000caf00000, 0x00000000caf00000| Untracked 
| 150|0x00000000cb000000, 0x00000000cb000000, 0x00000000cb100000|  0%| F|  |TAMS 0x00000000cb000000, 0x00000000cb000000| Untracked 
| 151|0x00000000cb100000, 0x00000000cb100000, 0x00000000cb200000|  0%| F|  |TAMS 0x00000000cb100000, 0x00000000cb100000| Untracked 
| 152|0x00000000cb200000, 0x00000000cb200000, 0x00000000cb300000|  0%| F|  |TAMS 0x00000000cb200000, 0x00000000cb200000| Untracked 
| 153|0x00000000cb300000, 0x00000000cb300000, 0x00000000cb400000|  0%| F|  |TAMS 0x00000000cb300000, 0x00000000cb300000| Untracked 
| 154|0x00000000cb400000, 0x00000000cb400000, 0x00000000cb500000|  0%| F|  |TAMS 0x00000000cb400000, 0x00000000cb400000| Untracked 
| 155|0x00000000cb500000, 0x00000000cb500000, 0x00000000cb600000|  0%| F|  |TAMS 0x00000000cb500000, 0x00000000cb500000| Untracked 
| 156|0x00000000cb600000, 0x00000000cb600000, 0x00000000cb700000|  0%| F|  |TAMS 0x00000000cb600000, 0x00000000cb600000| Untracked 
| 157|0x00000000cb700000, 0x00000000cb700000, 0x00000000cb800000|  0%| F|  |TAMS 0x00000000cb700000, 0x00000000cb700000| Untracked 
| 158|0x00000000cb800000, 0x00000000cb800000, 0x00000000cb900000|  0%| F|  |TAMS 0x00000000cb800000, 0x00000000cb800000| Untracked 
| 159|0x00000000cb900000, 0x00000000cb900000, 0x00000000cba00000|  0%| F|  |TAMS 0x00000000cb900000, 0x00000000cb900000| Untracked 
| 160|0x00000000cba00000, 0x00000000cba00000, 0x00000000cbb00000|  0%| F|  |TAMS 0x00000000cba00000, 0x00000000cba00000| Untracked 
| 161|0x00000000cbb00000, 0x00000000cbb00000, 0x00000000cbc00000|  0%| F|  |TAMS 0x00000000cbb00000, 0x00000000cbb00000| Untracked 
| 162|0x00000000cbc00000, 0x00000000cbc00000, 0x00000000cbd00000|  0%| F|  |TAMS 0x00000000cbc00000, 0x00000000cbc00000| Untracked 
| 163|0x00000000cbd00000, 0x00000000cbd00000, 0x00000000cbe00000|  0%| F|  |TAMS 0x00000000cbd00000, 0x00000000cbd00000| Untracked 
| 164|0x00000000cbe00000, 0x00000000cbe84d20, 0x00000000cbf00000| 51%| E|  |TAMS 0x00000000cbe00000, 0x00000000cbe00000| Complete 
| 165|0x00000000cbf00000, 0x00000000cc000000, 0x00000000cc000000|100%| E|CS|TAMS 0x00000000cbf00000, 0x00000000cbf00000| Complete 
| 166|0x00000000cc000000, 0x00000000cc100000, 0x00000000cc100000|100%| E|CS|TAMS 0x00000000cc000000, 0x00000000cc000000| Complete 
| 167|0x00000000cc100000, 0x00000000cc200000, 0x00000000cc200000|100%| E|CS|TAMS 0x00000000cc100000, 0x00000000cc100000| Complete 
| 168|0x00000000cc200000, 0x00000000cc300000, 0x00000000cc300000|100%| E|CS|TAMS 0x00000000cc200000, 0x00000000cc200000| Complete 
| 169|0x00000000cc300000, 0x00000000cc400000, 0x00000000cc400000|100%| E|CS|TAMS 0x00000000cc300000, 0x00000000cc300000| Complete 
| 170|0x00000000cc400000, 0x00000000cc500000, 0x00000000cc500000|100%| E|CS|TAMS 0x00000000cc400000, 0x00000000cc400000| Complete 
| 171|0x00000000cc500000, 0x00000000cc600000, 0x00000000cc600000|100%| E|CS|TAMS 0x00000000cc500000, 0x00000000cc500000| Complete 

Card table byte_map: [0x00000196df050000,0x00000196df250000] _byte_map_base: 0x00000196dea43000

Marking Bits (Prev, Next): (CMBitMap*) 0x00000196c794d210, (CMBitMap*) 0x00000196c794d250
 Prev Bits: [0x00000196df450000, 0x00000196e03e8000)
 Next Bits: [0x00000196e03f0000, 0x00000196e1388000)

Polling page: 0x00000196c58a0000

Metaspace:

Usage:
  Non-class:     36.22 MB capacity,    35.98 MB (>99%) used,   192.68 KB ( <1%) free+waste,    53.31 KB ( <1%) overhead. 
      Class:      4.79 MB capacity,     4.66 MB ( 97%) used,   114.83 KB (  2%) free+waste,    18.63 KB ( <1%) overhead. 
       Both:     41.01 MB capacity,    40.64 MB (>99%) used,   307.51 KB ( <1%) free+waste,    71.94 KB ( <1%) overhead. 

Virtual space:
  Non-class space:       38.00 MB reserved,      36.42 MB ( 96%) committed 
      Class space:        1.00 GB reserved,       4.88 MB ( <1%) committed 
             Both:        1.04 GB reserved,      41.30 MB (  4%) committed 

Chunk freelists:
   Non-Class:  14.00 KB
       Class:  19.00 KB
        Both:  33.00 KB

MaxMetaspaceSize: 17179869184.00 GB
CompressedClassSpaceSize: 1.00 GB

CodeHeap 'non-profiled nmethods': size=120000Kb used=2658Kb max_used=3450Kb free=117342Kb
 bounds [0x00000196d75f0000, 0x00000196d7950000, 0x00000196deb20000]
CodeHeap 'profiled nmethods': size=120000Kb used=7169Kb max_used=9293Kb free=112830Kb
 bounds [0x00000196d00c0000, 0x00000196d09e0000, 0x00000196d75f0000]
CodeHeap 'non-nmethods': size=5760Kb used=1302Kb max_used=1352Kb free=4457Kb
 bounds [0x00000196cfb20000, 0x00000196cfd90000, 0x00000196d00c0000]
 total_blobs=4368 nmethods=3773 adapters=507
 compilation: enabled
              stopped_count=0, restarted_count=0
 full_count=0

Compilation events (20 events):
Event: 15.436 Thread 0x00000196e3dc50f0 4871       3       java.util.Collections::synchronizedSet (10 bytes)
Event: 15.436 Thread 0x00000196e3dc50f0 nmethod 4871 0x00000196d01a6a10 code [0x00000196d01a6c20, 0x00000196d01a7338]
Event: 15.439 Thread 0x00000196e3dc50f0 4872       2       org.aspectj.weaver.bcel.BcelClassWeaver::genInitInstructions (114 bytes)
Event: 15.440 Thread 0x00000196e3dc50f0 nmethod 4872 0x00000196d0359d90 code [0x00000196d035a000, 0x00000196d035a808]
Event: 15.440 Thread 0x00000196e3dc50f0 4873   !   3       org.aspectj.weaver.Dump::dumpOnExit (131 bytes)
Event: 15.441 Thread 0x00000196e3dc27e0 nmethod 4865 0x00000196d7903590 code [0x00000196d7903780, 0x00000196d79041d8]
Event: 15.441 Thread 0x00000196e3dc27e0 4856       4       org.aspectj.weaver.MemberImpl::signatureToTypes (423 bytes)
Event: 15.441 Thread 0x00000196e3dc50f0 nmethod 4873 0x00000196d034c510 code [0x00000196d034c860, 0x00000196d034ddf8]
Event: 15.441 Thread 0x00000196e3dc50f0 4874       3       org.aspectj.weaver.Dump::getDumpOnException (12 bytes)
Event: 15.442 Thread 0x00000196e3dc50f0 nmethod 4874 0x00000196d00fda10 code [0x00000196d00fdba0, 0x00000196d00fdcf8]
Event: 15.458 Thread 0x00000196e3dc50f0 4875       3       org.aspectj.weaver.bcel.BcelObjectType::getDeclaredGenericSignature (9 bytes)
Event: 15.458 Thread 0x00000196e3dc50f0 nmethod 4875 0x00000196d015f010 code [0x00000196d015f1c0, 0x00000196d015f308]
Event: 15.458 Thread 0x00000196e3dc50f0 4876       3       org.aspectj.apache.bcel.generic.InstructionList::getInstructionsAsArray (5 bytes)
Event: 15.458 Thread 0x00000196e3dc50f0 nmethod 4876 0x00000196d016d910 code [0x00000196d016dac0, 0x00000196d016dbe8]
Event: 15.495 Thread 0x00000196e3dc27e0 nmethod 4856 0x00000196d782d290 code [0x00000196d782d540, 0x00000196d782f870]
Event: 15.495 Thread 0x00000196e3dc27e0 4877 %     4       org.aspectj.apache.bcel.generic.MethodGen::<init> @ 343 (928 bytes)
Event: 15.544 Thread 0x00000196e3dc50f0 4882       3       java.lang.Class::getSimpleName (26 bytes)
Event: 15.544 Thread 0x00000196e3dc50f0 nmethod 4882 0x00000196d00c3110 code [0x00000196d00c32c0, 0x00000196d00c34d8]
Event: 15.544 Thread 0x00000196e3dc50f0 4883       3       jdk.internal.org.objectweb.asm.Frame::setInputFrameFromDescriptor (175 bytes)
Event: 15.545 Thread 0x00000196e3dc50f0 nmethod 4883 0x00000196d0295510 code [0x00000196d0295720, 0x00000196d0295f18]

GC Heap History (20 events):
Event: 3.635 GC heap before
{Heap before GC invocations=13 (full 0):
 garbage-first heap   total 95232K, used 71861K [0x00000000c1a00000, 0x0000000100000000)
  region size 1024K, 25 young (25600K), 2 survivors (2048K)
 Metaspace       used 22416K, capacity 22608K, committed 22832K, reserved 1069056K
  class space    used 2336K, capacity 2407K, committed 2432K, reserved 1048576K
}
Event: 3.641 GC heap after
{Heap after GC invocations=14 (full 0):
 garbage-first heap   total 114688K, used 53974K [0x00000000c1a00000, 0x0000000100000000)
  region size 1024K, 4 young (4096K), 4 survivors (4096K)
 Metaspace       used 22416K, capacity 22608K, committed 22832K, reserved 1069056K
  class space    used 2336K, capacity 2407K, committed 2432K, reserved 1048576K
}
Event: 4.045 GC heap before
{Heap before GC invocations=14 (full 0):
 garbage-first heap   total 114688K, used 86742K [0x00000000c1a00000, 0x0000000100000000)
  region size 1024K, 36 young (36864K), 4 survivors (4096K)
 Metaspace       used 24768K, capacity 25094K, committed 25264K, reserved 1071104K
  class space    used 2707K, capacity 2807K, committed 2816K, reserved 1048576K
}
Event: 4.055 GC heap after
{Heap after GC invocations=15 (full 0):
 garbage-first heap   total 114688K, used 58689K [0x00000000c1a00000, 0x0000000100000000)
  region size 1024K, 5 young (5120K), 5 survivors (5120K)
 Metaspace       used 24768K, capacity 25094K, committed 25264K, reserved 1071104K
  class space    used 2707K, capacity 2807K, committed 2816K, reserved 1048576K
}
Event: 4.360 GC heap before
{Heap before GC invocations=15 (full 0):
 garbage-first heap   total 114688K, used 88385K [0x00000000c1a00000, 0x0000000100000000)
  region size 1024K, 34 young (34816K), 5 survivors (5120K)
 Metaspace       used 26843K, capacity 27097K, committed 27312K, reserved 1073152K
  class space    used 2907K, capacity 3003K, committed 3072K, reserved 1048576K
}
Event: 4.368 GC heap after
{Heap after GC invocations=16 (full 0):
 garbage-first heap   total 114688K, used 63417K [0x00000000c1a00000, 0x0000000100000000)
  region size 1024K, 5 young (5120K), 5 survivors (5120K)
 Metaspace       used 26843K, capacity 27097K, committed 27312K, reserved 1073152K
  class space    used 2907K, capacity 3003K, committed 3072K, reserved 1048576K
}
Event: 4.605 GC heap before
{Heap before GC invocations=17 (full 0):
 garbage-first heap   total 114688K, used 87993K [0x00000000c1a00000, 0x0000000100000000)
  region size 1024K, 30 young (30720K), 5 survivors (5120K)
 Metaspace       used 27896K, capacity 28185K, committed 28464K, reserved 1075200K
  class space    used 3047K, capacity 3131K, committed 3200K, reserved 1048576K
}
Event: 4.614 GC heap after
{Heap after GC invocations=18 (full 0):
 garbage-first heap   total 114688K, used 67562K [0x00000000c1a00000, 0x0000000100000000)
  region size 1024K, 4 young (4096K), 4 survivors (4096K)
 Metaspace       used 27896K, capacity 28185K, committed 28464K, reserved 1075200K
  class space    used 3047K, capacity 3131K, committed 3200K, reserved 1048576K
}
Event: 4.626 GC heap before
{Heap before GC invocations=18 (full 0):
 garbage-first heap   total 114688K, used 68586K [0x00000000c1a00000, 0x0000000100000000)
  region size 1024K, 5 young (5120K), 4 survivors (4096K)
 Metaspace       used 27993K, capacity 28249K, committed 28464K, reserved 1075200K
  class space    used 3057K, capacity 3131K, committed 3200K, reserved 1048576K
}
Event: 4.638 GC heap after
{Heap after GC invocations=19 (full 0):
 garbage-first heap   total 138240K, used 62478K [0x00000000c1a00000, 0x0000000100000000)
  region size 1024K, 1 young (1024K), 1 survivors (1024K)
 Metaspace       used 27993K, capacity 28249K, committed 28464K, reserved 1075200K
  class space    used 3057K, capacity 3131K, committed 3200K, reserved 1048576K
}
Event: 5.074 GC heap before
{Heap before GC invocations=19 (full 0):
 garbage-first heap   total 138240K, used 106510K [0x00000000c1a00000, 0x0000000100000000)
  region size 1024K, 44 young (45056K), 1 survivors (1024K)
 Metaspace       used 30662K, capacity 30988K, committed 31152K, reserved 1077248K
  class space    used 3393K, capacity 3487K, committed 3584K, reserved 1048576K
}
Event: 5.082 GC heap after
{Heap after GC invocations=20 (full 0):
 garbage-first heap   total 138240K, used 67057K [0x00000000c1a00000, 0x0000000100000000)
  region size 1024K, 6 young (6144K), 6 survivors (6144K)
 Metaspace       used 30662K, capacity 30988K, committed 31152K, reserved 1077248K
  class space    used 3393K, capacity 3487K, committed 3584K, reserved 1048576K
}
Event: 5.539 GC heap before
{Heap before GC invocations=21 (full 0):
 garbage-first heap   total 138240K, used 105969K [0x00000000c1a00000, 0x0000000100000000)
  region size 1024K, 44 young (45056K), 6 survivors (6144K)
 Metaspace       used 33960K, capacity 34220K, committed 34352K, reserved 1079296K
  class space    used 3773K, capacity 3878K, committed 3968K, reserved 1048576K
}
Event: 5.550 GC heap after
{Heap after GC invocations=22 (full 0):
 garbage-first heap   total 138240K, used 71893K [0x00000000c1a00000, 0x0000000100000000)
  region size 1024K, 5 young (5120K), 5 survivors (5120K)
 Metaspace       used 33960K, capacity 34220K, committed 34352K, reserved 1079296K
  class space    used 3773K, capacity 3878K, committed 3968K, reserved 1048576K
}
Event: 5.594 GC heap before
{Heap before GC invocations=22 (full 0):
 garbage-first heap   total 138240K, used 72917K [0x00000000c1a00000, 0x0000000100000000)
  region size 1024K, 6 young (6144K), 5 survivors (5120K)
 Metaspace       used 34450K, capacity 34735K, committed 34864K, reserved 1081344K
  class space    used 3829K, capacity 3943K, committed 3968K, reserved 1048576K
}
Event: 5.608 GC heap after
{Heap after GC invocations=23 (full 0):
 garbage-first heap   total 138240K, used 67305K [0x00000000c1a00000, 0x0000000100000000)
  region size 1024K, 1 young (1024K), 1 survivors (1024K)
 Metaspace       used 34450K, capacity 34735K, committed 34864K, reserved 1081344K
  class space    used 3829K, capacity 3943K, committed 3968K, reserved 1048576K
}
Event: 5.962 GC heap before
{Heap before GC invocations=23 (full 0):
 garbage-first heap   total 138240K, used 107241K [0x00000000c1a00000, 0x0000000100000000)
  region size 1024K, 40 young (40960K), 1 survivors (1024K)
 Metaspace       used 36317K, capacity 36726K, committed 36912K, reserved 1081344K
  class space    used 4065K, capacity 4201K, committed 4224K, reserved 1048576K
}
Event: 5.970 GC heap after
{Heap after GC invocations=24 (full 0):
 garbage-first heap   total 176128K, used 70673K [0x00000000c1a00000, 0x0000000100000000)
  region size 1024K, 5 young (5120K), 5 survivors (5120K)
 Metaspace       used 36317K, capacity 36726K, committed 36912K, reserved 1081344K
  class space    used 4065K, capacity 4201K, committed 4224K, reserved 1048576K
}
Event: 15.212 GC heap before
{Heap before GC invocations=25 (full 0):
 garbage-first heap   total 176128K, used 136209K [0x00000000c1a00000, 0x0000000100000000)
  region size 1024K, 69 young (70656K), 5 survivors (5120K)
 Metaspace       used 40869K, capacity 41227K, committed 41392K, reserved 1085440K
  class space    used 4682K, capacity 4803K, committed 4864K, reserved 1048576K
}
Event: 15.219 GC heap after
{Heap after GC invocations=26 (full 0):
 garbage-first heap   total 176128K, used 75916K [0x00000000c1a00000, 0x0000000100000000)
  region size 1024K, 9 young (9216K), 9 survivors (9216K)
 Metaspace       used 40869K, capacity 41227K, committed 41392K, reserved 1085440K
  class space    used 4682K, capacity 4803K, committed 4864K, reserved 1048576K
}

Deoptimization events (20 events):
Event: 15.220 Thread 0x00000196c791c910 DEOPT PACKING pc=0x00000196d770ee00 sp=0x00000040635fa0f0
Event: 15.220 Thread 0x00000196c791c910 DEOPT UNPACKING pc=0x00000196cfb6e42f sp=0x00000040635f9fa8 mode 2
Event: 15.336 Thread 0x00000196c791c910 Uncommon trap: trap_request=0xffffff45 fr.pc=0x00000196d78eaea0 relative=0x0000000000002c40
Event: 15.336 Thread 0x00000196c791c910 Uncommon trap: reason=unstable_if action=reinterpret pc=0x00000196d78eaea0 method=sun.net.www.protocol.jar.Handler.parseURL(Ljava/net/URL;Ljava/lang/String;II)V @ 116 c2
Event: 15.336 Thread 0x00000196c791c910 DEOPT PACKING pc=0x00000196d78eaea0 sp=0x00000040635fcc10
Event: 15.336 Thread 0x00000196c791c910 DEOPT UNPACKING pc=0x00000196cfb6e42f sp=0x00000040635fcbd0 mode 2
Event: 15.336 Thread 0x00000196c791c910 DEOPT PACKING pc=0x00000196d08bd0ba sp=0x00000040635fcd70
Event: 15.336 Thread 0x00000196c791c910 DEOPT UNPACKING pc=0x00000196cfb6e23f sp=0x00000040635fc298 mode 0
Event: 15.336 Thread 0x00000196c791c910 Uncommon trap: trap_request=0xffffff45 fr.pc=0x00000196d78b7308 relative=0x00000000000013e8
Event: 15.336 Thread 0x00000196c791c910 Uncommon trap: reason=unstable_if action=reinterpret pc=0x00000196d78b7308 method=java.util.concurrent.ConcurrentHashMap.putVal(Ljava/lang/Object;Ljava/lang/Object;Z)Ljava/lang/Object; @ 256 c2
Event: 15.336 Thread 0x00000196c791c910 DEOPT PACKING pc=0x00000196d78b7308 sp=0x00000040635fcec0
Event: 15.336 Thread 0x00000196c791c910 DEOPT UNPACKING pc=0x00000196cfb6e42f sp=0x00000040635fce68 mode 2
Event: 15.338 Thread 0x00000196c791c910 Uncommon trap: trap_request=0xffffff45 fr.pc=0x00000196d793d874 relative=0x00000000000004d4
Event: 15.338 Thread 0x00000196c791c910 Uncommon trap: reason=unstable_if action=reinterpret pc=0x00000196d793d874 method=jdk.internal.org.objectweb.asm.Frame.execute(IILjdk/internal/org/objectweb/asm/Symbol;Ljdk/internal/org/objectweb/asm/SymbolTable;)V @ 1 c2
Event: 15.338 Thread 0x00000196c791c910 DEOPT PACKING pc=0x00000196d793d874 sp=0x00000040635fcb00
Event: 15.338 Thread 0x00000196c791c910 DEOPT UNPACKING pc=0x00000196cfb6e42f sp=0x00000040635fcaa8 mode 2
Event: 15.542 Thread 0x00000196c791c910 Uncommon trap: trap_request=0xffffff45 fr.pc=0x00000196d77bd370 relative=0x0000000000000730
Event: 15.542 Thread 0x00000196c791c910 Uncommon trap: reason=unstable_if action=reinterpret pc=0x00000196d77bd370 method=java.util.WeakHashMap.put(Ljava/lang/Object;Ljava/lang/Object;)Ljava/lang/Object; @ 47 c2
Event: 15.542 Thread 0x00000196c791c910 DEOPT PACKING pc=0x00000196d77bd370 sp=0x00000040635fbe20
Event: 15.542 Thread 0x00000196c791c910 DEOPT UNPACKING pc=0x00000196cfb6e42f sp=0x00000040635fbde8 mode 2

Classes unloaded (0 events):
No events

Classes redefined (0 events):
No events

Internal exceptions (20 events):
Event: 6.089 Thread 0x00000196e9dc3a90 Exception <a 'java/lang/NoSuchMethodError'{0x00000000cbec8e18}: 'java.lang.Object java.lang.invoke.Invokers$Holder.linkToTargetMethod(java.lang.Object, long, java.lang.Object)'> (0x00000000cbec8e18) 
thrown [./open/src/hotspot/share/interpreter/linkResolver.cpp, line 782]
Event: 6.594 Thread 0x00000196e9b77030 Exception <a 'java/net/SocketException'{0x00000000cbda86e8}: Socket is not connected: shutdown> (0x00000000cbda86e8) 
thrown [./open/src/hotspot/share/prims/jni.cpp, line 599]
Event: 6.653 Thread 0x00000196c791c910 Exception <a 'java/lang/NoSuchMethodError'{0x00000000cbaaa828}: 'java.lang.Object java.lang.invoke.DirectMethodHandle$Holder.invokeInterface(java.lang.Object, java.lang.Object, java.lang.Object)'> (0x00000000cbaaa828) 
thrown [./open/src/hotspot/share/interpreter/linkResolver.cpp, line 782]
Event: 6.653 Thread 0x00000196c791c910 Exception <a 'java/lang/IncompatibleClassChangeError'{0x00000000cbaae368}: Found class java.lang.Object, but interface was expected> (0x00000000cbaae368) 
thrown [./open/src/hotspot/share/interpreter/linkResolver.cpp, line 848]
Event: 6.654 Thread 0x00000196c791c910 Exception <a 'java/lang/NoSuchMethodError'{0x00000000cbab63b0}: 'int java.lang.invoke.DirectMethodHandle$Holder.invokeSpecialIFC(java.lang.Object, java.lang.Object, java.lang.Object, java.lang.Object)'> (0x00000000cbab63b0) 
thrown [./open/src/hotspot/share/interpreter/linkResolver.cpp, line 782]
Event: 6.654 Thread 0x00000196c791c910 Exception <a 'java/lang/NoSuchMethodError'{0x00000000cbabee20}: 'java.lang.Object java.lang.invoke.DirectMethodHandle$Holder.invokeInterface(java.lang.Object, java.lang.Object, java.lang.Object, java.lang.Object)'> (0x00000000cbabee20) 
thrown [./open/src/hotspot/share/interpreter/linkResolver.cpp, line 782]
Event: 6.696 Thread 0x00000196c791c910 Exception <a 'java/lang/NoSuchMethodError'{0x00000000cb3a0838}: 'double java.lang.invoke.DirectMethodHandle$Holder.invokeVirtual(java.lang.Object, java.lang.Object)'> (0x00000000cb3a0838) 
thrown [./open/src/hotspot/share/interpreter/linkResolver.cpp, line 782]
Event: 6.696 Thread 0x00000196c791c910 Exception <a 'java/lang/NoSuchMethodError'{0x00000000cb3a75f0}: 'float java.lang.invoke.DirectMethodHandle$Holder.invokeVirtual(java.lang.Object, java.lang.Object)'> (0x00000000cb3a75f0) 
thrown [./open/src/hotspot/share/interpreter/linkResolver.cpp, line 782]
Event: 6.697 Thread 0x00000196c791c910 Exception <a 'java/lang/NoSuchMethodError'{0x00000000cb3b0dc0}: 'long java.lang.invoke.DirectMethodHandle$Holder.invokeVirtual(java.lang.Object, java.lang.Object)'> (0x00000000cb3b0dc0) 
thrown [./open/src/hotspot/share/interpreter/linkResolver.cpp, line 782]
Event: 6.756 Thread 0x00000196c791c910 Exception <a 'java/lang/NoSuchMethodError'{0x00000000cacc6e48}: 'java.lang.Object java.lang.invoke.DirectMethodHandle$Holder.newInvokeSpecial(java.lang.Object, java.lang.Object, java.lang.Object, java.lang.Object, java.lang.Object)'> (0x00000000cacc6e48) 
thrown [./open/src/hotspot/share/interpreter/linkResolver.cpp, line 782]
Event: 8.529 Thread 0x00000196c791c910 Exception <a 'java/lang/NoSuchMethodError'{0x00000000c8fd6d80}: 'java.lang.Object java.lang.invoke.DirectMethodHandle$Holder.invokeSpecialIFC(java.lang.Object, java.lang.Object, java.lang.Object)'> (0x00000000c8fd6d80) 
thrown [./open/src/hotspot/share/interpreter/linkResolver.cpp, line 782]
Event: 8.965 Thread 0x00000196c791c910 Exception <a 'java/lang/ClassNotFoundException'{0x00000000c8e801c0}: sun/util/logging/resources/spi/loggingProvider> (0x00000000c8e801c0) 
thrown [./open/src/hotspot/share/classfile/systemDictionary.cpp, line 295]
Event: 15.205 Thread 0x00000196c791c910 Exception <a 'java/lang/NoSuchMethodError'{0x00000000c8655c18}: 'java.lang.Object java.lang.invoke.DirectMethodHandle$Holder.invokeStaticInit(java.lang.Object, java.lang.Object, java.lang.Object)'> (0x00000000c8655c18) 
thrown [./open/src/hotspot/share/interpreter/linkResolver.cpp, line 782]
Event: 15.220 Thread 0x00000196c791c910 Implicit null exception at 0x00000196d770ecd7 to 0x00000196d770eddf
Event: 15.412 Thread 0x00000196c791c910 Exception <a 'java/lang/ClassNotFoundException'{0x00000000cc0738c8}: com/automation/remarks/video/enums/RecorderTypeEditor> (0x00000000cc0738c8) 
thrown [./open/src/hotspot/share/classfile/systemDictionary.cpp, line 295]
Event: 15.413 Thread 0x00000196c791c910 Exception <a 'java/lang/ClassNotFoundException'{0x00000000cc075730}: com/sun/beans/editors/RecorderTypeEditor> (0x00000000cc075730) 
thrown [./open/src/hotspot/share/classfile/systemDictionary.cpp, line 295]
Event: 15.472 Thread 0x00000196c791c910 Exception <a 'java/lang/NoSuchMethodError'{0x00000000cbfa76b0}: 'java.lang.Object java.lang.invoke.DirectMethodHandle$Holder.invokeSpecialIFC(java.lang.Object, java.lang.Object)'> (0x00000000cbfa76b0) 
thrown [./open/src/hotspot/share/interpreter/linkResolver.cpp, line 782]
Event: 15.543 Thread 0x00000196c791c910 Exception <a 'java/lang/NoSuchMethodError'{0x00000000cbfb84a8}: 'java.lang.Object java.lang.invoke.DirectMethodHandle$Holder.invokeStatic(java.lang.Object, java.lang.Object, int)'> (0x00000000cbfb84a8) 
thrown [./open/src/hotspot/share/interpreter/linkResolver.cpp, line 782]
Event: 15.544 Thread 0x00000196c791c910 Exception <a 'java/lang/NoSuchMethodError'{0x00000000cbfc35f0}: 'void java.lang.invoke.DelegatingMethodHandle$Holder.delegate(java.lang.Object, java.lang.Object, int, java.lang.Object)'> (0x00000000cbfc35f0) 
thrown [./open/src/hotspot/share/interpreter/linkResolver.cpp, line 782]
Event: 15.546 Thread 0x00000196c791c910 Exception <a 'java/lang/NoSuchMethodError'{0x00000000cbfcc5a8}: 'java.lang.Object java.lang.invoke.Invokers$Holder.invokeExact_MT(java.lang.Object, java.lang.Object, java.lang.Object, java.lang.Object)'> (0x00000000cbfcc5a8) 
thrown [./open/src/hotspot/share/interpreter/linkResolver.cpp, line 782]

Events (20 events):
Event: 15.471 loading class java/lang/StrictMath done
Event: 15.473 loading class java/lang/invoke/MethodHandleImpl$WrappedMember
Event: 15.492 loading class java/lang/invoke/MethodHandleImpl$WrappedMember done
Event: 15.492 loading class java/lang/invoke/MethodHandleImpl$LoopClauses
Event: 15.517 loading class java/lang/invoke/MethodHandleImpl$LoopClauses done
Event: 15.517 loading class java/lang/invoke/MethodHandleImpl$ArrayAccess
Event: 15.541 loading class java/lang/invoke/MethodHandleImpl$ArrayAccess done
Event: 15.542 loading class java/lang/invoke/MethodHandleImpl$2
Event: 15.542 loading class java/lang/invoke/MethodHandleImpl$2 done
Event: 15.542 loading class java/lang/invoke/MethodHandleImpl$ArrayAccessor
Event: 15.542 loading class java/lang/invoke/MethodHandleImpl$ArrayAccessor done
Event: 15.542 loading class java/lang/invoke/MethodHandleImpl$ArrayAccessor$1
Event: 15.542 loading class java/lang/invoke/MethodHandleImpl$ArrayAccessor$1 done
Event: 15.546 loading class java/awt/Toolkit
Event: 15.571 loading class java/awt/Toolkit done
Event: 15.571 loading class java/awt/Toolkit$3
Event: 15.587 loading class sun/awt/AWTAccessor$ToolkitAccessor
Event: 15.615 loading class sun/awt/AWTAccessor$ToolkitAccessor done
Event: 15.615 loading class java/awt/Toolkit$3 done
Event: 15.615 loading class sun/awt/AWTAccessor


Dynamic libraries:
0x00007ff7b2d50000 - 0x00007ff7b2d5f000 	C:\Program Files\Java\jdk-15.0.2\bin\javaw.exe
0x00007ff8d8fa0000 - 0x00007ff8d9190000 	C:\Windows\SYSTEM32\ntdll.dll
0x00007ff8d8190000 - 0x00007ff8d8242000 	C:\Windows\System32\KERNEL32.DLL
0x00007ff8d6b50000 - 0x00007ff8d6df5000 	C:\Windows\System32\KERNELBASE.dll
0x00007ff8d6f50000 - 0x00007ff8d704a000 	C:\Windows\System32\ucrtbase.dll
0x00007ff8cef80000 - 0x00007ff8cef98000 	C:\Program Files\Java\jdk-15.0.2\bin\jli.dll
0x00007ff8cef60000 - 0x00007ff8cef79000 	C:\Program Files\Java\jdk-15.0.2\bin\VCRUNTIME140.dll
0x00007ff8d8010000 - 0x00007ff8d80b3000 	C:\Windows\System32\ADVAPI32.dll
0x00007ff8d89e0000 - 0x00007ff8d8a7e000 	C:\Windows\System32\msvcrt.dll
0x00007ff8d78e0000 - 0x00007ff8d7977000 	C:\Windows\System32\sechost.dll
0x00007ff8d70f0000 - 0x00007ff8d7210000 	C:\Windows\System32\RPCRT4.dll
0x00007ff8d7980000 - 0x00007ff8d7b14000 	C:\Windows\System32\USER32.dll
0x00007ff8d6b20000 - 0x00007ff8d6b41000 	C:\Windows\System32\win32u.dll
0x00007ff8d8940000 - 0x00007ff8d8966000 	C:\Windows\System32\GDI32.dll
0x00007ff8ccd70000 - 0x00007ff8ccff4000 	C:\Windows\WinSxS\amd64_microsoft.windows.common-controls_6595b64144ccf1df_6.0.18362.1256_none_9e7e379be45e40e2\COMCTL32.dll
0x00007ff8d60c0000 - 0x00007ff8d6256000 	C:\Windows\System32\gdi32full.dll
0x00007ff8d7b20000 - 0x00007ff8d7e56000 	C:\Windows\System32\combase.dll
0x00007ff8d6020000 - 0x00007ff8d60be000 	C:\Windows\System32\msvcp_win.dll
0x00007ff8d5f90000 - 0x00007ff8d6011000 	C:\Windows\System32\bcryptPrimitives.dll
0x00007ff8cfa40000 - 0x00007ff8cfa4a000 	C:\Windows\SYSTEM32\VERSION.dll
0x00007ff8d70c0000 - 0x00007ff8d70ee000 	C:\Windows\System32\IMM32.DLL
0x00007ff8d05c0000 - 0x00007ff8d05cc000 	C:\Program Files\Java\jdk-15.0.2\bin\vcruntime140_1.dll
0x00007ff8bf360000 - 0x00007ff8bf3f1000 	C:\Program Files\Java\jdk-15.0.2\bin\msvcp140.dll
0x00007ff8a4570000 - 0x00007ff8a50ce000 	C:\Program Files\Java\jdk-15.0.2\bin\server\jvm.dll
0x00007ff8d7490000 - 0x00007ff8d7498000 	C:\Windows\System32\PSAPI.DLL
0x00007ff8d05d0000 - 0x00007ff8d05d9000 	C:\Windows\SYSTEM32\WSOCK32.dll
0x00007ff8d3080000 - 0x00007ff8d30a4000 	C:\Windows\SYSTEM32\WINMM.dll
0x00007ff8d8970000 - 0x00007ff8d89df000 	C:\Windows\System32\WS2_32.dll
0x00007ff8d3050000 - 0x00007ff8d307d000 	C:\Windows\SYSTEM32\winmmbase.dll
0x00007ff8d5f40000 - 0x00007ff8d5f8a000 	C:\Windows\System32\cfgmgr32.dll
0x00007ff8d5ea0000 - 0x00007ff8d5eb1000 	C:\Windows\System32\kernel.appcore.dll
0x00007ff8cf820000 - 0x00007ff8cf82a000 	C:\Program Files\Java\jdk-15.0.2\bin\jimage.dll
0x00007ff8c77d0000 - 0x00007ff8c79c4000 	C:\Windows\SYSTEM32\DBGHELP.DLL
0x00007ff8c77a0000 - 0x00007ff8c77ca000 	C:\Windows\SYSTEM32\dbgcore.DLL
0x00007ff8d2740000 - 0x00007ff8d274e000 	C:\Program Files\Java\jdk-15.0.2\bin\instrument.dll
0x00007ff8bb7c0000 - 0x00007ff8bb7e5000 	C:\Program Files\Java\jdk-15.0.2\bin\java.dll
0x00007ff8d8250000 - 0x00007ff8d8937000 	C:\Windows\System32\SHELL32.dll
0x00007ff8d73e0000 - 0x00007ff8d7489000 	C:\Windows\System32\shcore.dll
0x00007ff8d6280000 - 0x00007ff8d6a01000 	C:\Windows\System32\windows.storage.dll
0x00007ff8d5ec0000 - 0x00007ff8d5ee3000 	C:\Windows\System32\profapi.dll
0x00007ff8d5e50000 - 0x00007ff8d5e9a000 	C:\Windows\System32\powrprof.dll
0x00007ff8d5e40000 - 0x00007ff8d5e50000 	C:\Windows\System32\UMPDC.dll
0x00007ff8d7050000 - 0x00007ff8d70a2000 	C:\Windows\System32\shlwapi.dll
0x00007ff8d6260000 - 0x00007ff8d6277000 	C:\Windows\System32\cryptsp.dll
0x00007ff8b9900000 - 0x00007ff8b9918000 	C:\Program Files\Java\jdk-15.0.2\bin\zip.dll
0x00007ff8bb9a0000 - 0x00007ff8bb9b9000 	C:\Program Files\Java\jdk-15.0.2\bin\net.dll
0x00007ff8caf60000 - 0x00007ff8cb050000 	C:\Windows\SYSTEM32\WINHTTP.dll
0x00007ff8d5690000 - 0x00007ff8d56f7000 	C:\Windows\system32\mswsock.dll
0x00007ff8bac30000 - 0x00007ff8bac42000 	C:\Program Files\Java\jdk-15.0.2\bin\nio.dll
0x00007ff8d53e0000 - 0x00007ff8d54ab000 	C:\Windows\SYSTEM32\DNSAPI.dll
0x00007ff8d8f50000 - 0x00007ff8d8f58000 	C:\Windows\System32\NSI.dll
0x00007ff8d53a0000 - 0x00007ff8d53da000 	C:\Windows\SYSTEM32\IPHLPAPI.DLL
0x00007ff8cdc10000 - 0x00007ff8cdc1a000 	C:\Windows\System32\rasadhlp.dll
0x00007ff8ce570000 - 0x00007ff8ce5e7000 	C:\Windows\System32\fwpuclnt.dll
0x00007ff8d5f10000 - 0x00007ff8d5f36000 	C:\Windows\System32\bcrypt.dll
0x00007ff8d5200000 - 0x00007ff8d5233000 	C:\Windows\system32\rsaenh.dll
0x00007ff8d5d60000 - 0x00007ff8d5d85000 	C:\Windows\SYSTEM32\USERENV.dll
0x00007ff8d5860000 - 0x00007ff8d586c000 	C:\Windows\SYSTEM32\CRYPTBASE.dll
0x00007ff8ceb60000 - 0x00007ff8ceb76000 	C:\Windows\SYSTEM32\dhcpcsvc6.DLL
0x00007ff8cd210000 - 0x00007ff8cd22c000 	C:\Windows\SYSTEM32\dhcpcsvc.DLL
0x00007ff8ced60000 - 0x00007ff8ced70000 	C:\Program Files\Java\jdk-15.0.2\bin\verify.dll
0x00007ff8cf020000 - 0x00007ff8cf02d000 	C:\Program Files\Java\jdk-15.0.2\bin\sunmscapi.dll
0x00007ff8d6e00000 - 0x00007ff8d6f49000 	C:\Windows\System32\CRYPT32.dll
0x00007ff8d5ef0000 - 0x00007ff8d5f02000 	C:\Windows\System32\MSASN1.dll
0x00007ff8d5960000 - 0x00007ff8d5986000 	C:\Windows\SYSTEM32\ncrypt.dll
0x00007ff8d5920000 - 0x00007ff8d595b000 	C:\Windows\SYSTEM32\NTASN1.dll
0x00007ff8d2500000 - 0x00007ff8d2509000 	C:\Program Files\Java\jdk-15.0.2\bin\management.dll
0x00007ff8cf030000 - 0x00007ff8cf03b000 	C:\Program Files\Java\jdk-15.0.2\bin\management_ext.dll
0x00007ff8b2bf0000 - 0x00007ff8b2d70000 	C:\Program Files\Java\jdk-15.0.2\bin\awt.dll
0x00007ff8d80c0000 - 0x00007ff8d8185000 	C:\Windows\System32\OLEAUT32.dll
0x00007ff8d3fa0000 - 0x00007ff8d402f000 	C:\Windows\SYSTEM32\apphelp.dll

dbghelp: loaded successfully - version: 4.0.5 - missing functions: none
symbol engine: initialized successfully - sym options: 0x614 - pdb path: .;C:\Program Files\Java\jdk-15.0.2\bin;C:\Windows\SYSTEM32;C:\Windows\WinSxS\amd64_microsoft.windows.common-controls_6595b64144ccf1df_6.0.18362.1256_none_9e7e379be45e40e2;C:\Program Files\Java\jdk-15.0.2\bin\server

VM Arguments:
jvm_args: -ea -Dtestng.dtd.http=true -javaagent:C:\Users\Diaa\.m2\repository/org/aspectj/aspectjweaver/1.9.6/aspectjweaver-1.9.6.jar -Dfile.encoding=Cp1252 
java_command: org.testng.remote.RemoteTestNG -usedefaultlisteners false -listener com.shaft.tools.listeners.AlterSuiteListener,com.shaft.tools.listeners.SuiteListener,com.shaft.tools.listeners.InvokedMethodListener,com.shaft.tools.listeners.CucumberFeatureListener -serport 63343 -protocol json -d C:\Users\Diaa\eclipse-workspace\task1\test-output C:\Users\Diaa\AppData\Local\Temp\testng-eclipse-1684181186\testng-customsuite.xml
java_class_path (initial): C:\Users\Diaa\eclipse\java-2020-06\eclipse\configuration\org.eclipse.osgi\456\0\.cp\lib\testng-remote.jar;C:\Users\Diaa\eclipse-workspace\task1\target\test-classes;C:\Users\Diaa\eclipse-workspace\task1\target\classes;C:\Users\Diaa\.m2\repository\io\github\mohabmohie\SHAFT_ENGINE\5.3.20210609\SHAFT_ENGINE-5.3.20210609.jar;C:\Users\Diaa\.m2\repository\org\testng\testng\7.4.0\testng-7.4.0.jar;C:\Users\Diaa\.m2\repository\com\beust\jcommander\1.78\jcommander-1.78.jar;C:\Users\Diaa\.m2\repository\org\webjars\jquery\3.5.1\jquery-3.5.1.jar;C:\Users\Diaa\.m2\repository\org\seleniumhq\selenium\selenium-java\3.141.59\selenium-java-3.141.59.jar;C:\Users\Diaa\.m2\repository\org\seleniumhq\selenium\selenium-api\3.141.59\selenium-api-3.141.59.jar;C:\Users\Diaa\.m2\repository\org\seleniumhq\selenium\selenium-chrome-driver\3.141.59\selenium-chrome-driver-3.141.59.jar;C:\Users\Diaa\.m2\repository\org\seleniumhq\selenium\selenium-edge-driver\3.141.59\selenium-edge-driver-3.141.59.jar;C:\Users\Diaa\.m2\repository\org\seleniumhq\selenium\selenium-firefox-driver\3.141.59\selenium-firefox-driver-3.141.59.jar;C:\Users\Diaa\.m2\repository\org\seleniumhq\selenium\selenium-ie-driver\3.141.59\selenium-ie-driver-3.141.59.jar;C:\Users\Diaa\.m2\repository\org\seleniumhq\selenium\selenium-opera-driver\3.141.59\selenium-opera-driver-3.141.59.jar;C:\Users\Diaa\.m2\repository\org\seleniumhq\selenium\selenium-remote-driver\3.141.59\selenium-remote-driver-3.141.59.jar;C:\Users\Diaa\.m2\repository\org\seleniumhq\selenium\selenium-safari-driver\3.141.59\selenium-safari-driver-3.141.59.jar;C:\Users\Diaa\.m2\repository\org\seleniumhq\selenium\selenium-support\3.141.59\selenium-support-3.141.59.jar;C:\Users\Diaa\.m2\repository\net\bytebuddy\byte-buddy\1.8.15\byte-buddy-1.8.15.jar;C:\Users\Diaa\.m2\repository\org\apache\commons\commons-exec\1.3\commons-exec-1.3.jar;C:\Users\Diaa\.m2\repository\com\squareup\okhttp3\okhttp\3.11.0\okhttp-3.11.0.jar;C:\Users\Diaa\.m2\repository\com\
Launcher Type: SUN_STANDARD

[Global flags]
     intx CICompilerCount                          = 4                                         {product} {ergonomic}
     uint ConcGCThreads                            = 2                                         {product} {ergonomic}
     uint G1ConcRefinementThreads                  = 8                                         {product} {ergonomic}
   size_t G1HeapRegionSize                         = 1048576                                   {product} {ergonomic}
    uintx GCDrainStackTargetSize                   = 64                                        {product} {ergonomic}
   size_t InitialHeapSize                          = 67108864                                  {product} {ergonomic}
   size_t MarkStackSize                            = 4194304                                   {product} {ergonomic}
   size_t MaxHeapSize                              = 1046478848                                {product} {ergonomic}
   size_t MaxNewSize                               = 627048448                                 {product} {ergonomic}
   size_t MinHeapDeltaBytes                        = 1048576                                   {product} {ergonomic}
   size_t MinHeapSize                              = 8388608                                   {product} {ergonomic}
    uintx NonNMethodCodeHeapSize                   = 5839372                                {pd product} {ergonomic}
    uintx NonProfiledCodeHeapSize                  = 122909434                              {pd product} {ergonomic}
    uintx ProfiledCodeHeapSize                     = 122909434                              {pd product} {ergonomic}
    uintx ReservedCodeCacheSize                    = 251658240                              {pd product} {ergonomic}
     bool SegmentedCodeCache                       = true                                      {product} {ergonomic}
   size_t SoftMaxHeapSize                          = 1046478848                             {manageable} {ergonomic}
     bool UseCompressedClassPointers               = true                                 {lp64_product} {ergonomic}
     bool UseCompressedOops                        = true                                 {lp64_product} {ergonomic}
     bool UseG1GC                                  = true                                      {product} {ergonomic}
     bool UseLargePagesIndividualAllocation        = false                                  {pd product} {ergonomic}

Logging:
Log output configuration:
 #0: stdout all=warning uptime,level,tags
 #1: stderr all=off uptime,level,tags

Environment Variables:
PATH=C:/Program Files/Java/jdk-15.0.2/bin/server;C:/Program Files/Java/jdk-15.0.2/bin;C:\Program Files\Common Files\Oracle\Java\javapath;C:\ProgramData\Oracle\Java\javapath;C:\Program Files (x86)\NVIDIA Corporation\PhysX\Common;C:\Windows\system32;C:\Windows;C:\Windows\System32\Wbem;C:\Windows\System32\WindowsPowerShell\v1.0\;C:\Windows\System32\OpenSSH\;C:\Users\Diaa\AppData\Local\Microsoft\WindowsApps;C:\Users\Diaa\AppData\Local\GitHubDesktop\bin;C:\Windows\System32;
USERNAME=Diaa
OS=Windows_NT
PROCESSOR_IDENTIFIER=Intel64 Family 6 Model 42 Stepping 7, GenuineIntel



---------------  S Y S T E M  ---------------

OS:
 Windows 10 , 64 bit Build 18362 (10.0.18362.1110)
OS uptime: 0 days 11:48 hours

CPU: total 8 (initial active 8) (4 cores per cpu, 2 threads per core) family 6 model 42 stepping 7 microcode 0x2f, cmov, cx8, fxsr, mmx, sse, sse2, sse3, ssse3, sse4.1, sse4.2, popcnt, vzeroupper, avx, aes, clmul, ht, tsc, tscinvbit, clflush

Memory: 4k page, system-wide physical 3984M (616M free)
TotalPageFile size 8763M (AvailPageFile size 14M)
current process WorkingSet (physical memory assigned to process): 338M, peak: 347M
current process commit charge ("private bytes"): 382M, peak: 393M

vm_info: Java HotSpot(TM) 64-Bit Server VM (15.0.2+7-27) for windows-amd64 JRE (15.0.2+7-27), built on Dec  7 2020 20:07:01 by "mach5one" with unknown MS VC++:1925

END.
