#
# There is insufficient memory for the Java Runtime Environment to continue.
# Native memory allocation (mmap) failed to map 61865984 bytes for G1 virtual space
# Possible reasons:
#   The system is out of physical RAM or swap space
#   The process is running with CompressedOops enabled, and the Java Heap may be blocking the growth of the native heap
# Possible solutions:
#   Reduce memory load on the system
#   Increase physical memory or swap space
#   Check if swap backing store is full
#   Decrease Java heap size (-Xmx/-Xms)
#   Decrease number of Java threads
#   Decrease Java thread stack sizes (-Xss)
#   Set larger code cache with -XX:ReservedCodeCacheSize=
#   JVM is running with Unscaled Compressed Oops mode in which the Java heap is
#     placed in the first 4GB address space. The Java Heap base address is the
#     maximum limit for the native heap growth. Please use -XX:HeapBaseMinAddress
#     to set the Java Heap base and to place the Java Heap above 4GB virtual address.
# This output file may be truncated or incomplete.
#
#  Out of Memory Error (./open/src/hotspot/os/windows/os_windows.cpp:3321), pid=12068, tid=2968
#
# JRE version: Java(TM) SE Runtime Environment (15.0.2+7) (build 15.0.2+7-27)
# Java VM: Java HotSpot(TM) 64-Bit Server VM (15.0.2+7-27, mixed mode, sharing, tiered, compressed oops, g1 gc, windows-amd64)
# No core dump will be written. Minidumps are not enabled by default on client versions of Windows
#

---------------  S U M M A R Y ------------

Command Line: -ea -Dtestng.dtd.http=true -javaagent:C:\Users\Diaa\.m2\repository/org/aspectj/aspectjweaver/1.9.6/aspectjweaver-1.9.6.jar -Dfile.encoding=Cp1252 org.testng.remote.RemoteTestNG -usedefaultlisteners false -listener com.shaft.tools.listeners.AlterSuiteListener,com.shaft.tools.listeners.SuiteListener,com.shaft.tools.listeners.InvokedMethodListener,com.shaft.tools.listeners.CucumberFeatureListener -serport 50657 -protocol json -d C:\Users\Diaa\eclipse-workspace\task1\test-output C:\Users\Diaa\AppData\Local\Temp\testng-eclipse--654892913\testng-customsuite.xml

Host: Intel(R) Core(TM) i7-2600 CPU @ 3.40GHz, 8 cores, 3G,  Windows 10 , 64 bit Build 18362 (10.0.18362.1110)
Time: Fri Jun 11 23:36:22 2021 Egypt Standard Time elapsed time: 23.144311 seconds (0d 0h 0m 23s)

---------------  T H R E A D  ---------------

Current thread (0x000002544e97dc70):  VMThread "VM Thread" [stack: 0x000000b4f5000000,0x000000b4f5100000] [id=2968]

Stack: [0x000000b4f5000000,0x000000b4f5100000]
[error occurred during error reporting (printing stack bounds), id 0xc0000005, EXCEPTION_ACCESS_VIOLATION (0xc0000005) at pc=0x000002543a7110ad]

Native frames: (J=compiled Java code, j=interpreted, Vv=VM code, C=native code)
V  [jvm.dll+0x62ae9a]
V  [jvm.dll+0x7817a9]
V  [jvm.dll+0x782f03]
V  [jvm.dll+0x7834c5]
V  [jvm.dll+0x78347b]
V  [jvm.dll+0x62a2b9]
V  [jvm.dll+0x62aa88]
C  [ntdll.dll+0xa184f]
C  [ntdll.dll+0x6a889]
C  [ntdll.dll+0xa04be]
C  0x000002543a7110ad

VM_Operation (0x000000b4f4cff690): G1Concurrent, mode: safepoint, requested by thread 0x0000025432545090


---------------  P R O C E S S  ---------------

Threads class SMR info:
_java_thread_list=0x000002544fb077d0, length=29, elements={
0x000002543250b190, 0x000002544e97fba0, 0x000002544e980e20, 0x000002544e99c730,
0x000002544e99f100, 0x000002544e9a0670, 0x000002544e9a7cd0, 0x000002544e9a8a30,
0x000002544e9bba40, 0x000002544f5a1950, 0x000002544fd78f50, 0x0000025452e43080,
0x000002545279f8b0, 0x00000254512635e0, 0x0000025452ea00b0, 0x0000025454c14610,
0x0000025455268770, 0x00000254552682a0, 0x00000254552660f0, 0x0000025455266f60,
0x0000025455269ab0, 0x0000025455267430, 0x0000025455267900, 0x00000254552695e0,
0x00000254552665c0, 0x0000025455268c40, 0x00000254514ecaf0, 0x00000254514effe0,
0x0000025451a8d360
}

Java Threads: ( => current thread )
  0x000002543250b190 JavaThread "main" [_thread_blocked, id=11260, stack(0x000000b4f4a00000,0x000000b4f4b00000)]
  0x000002544e97fba0 JavaThread "Reference Handler" daemon [_thread_blocked, id=2108, stack(0x000000b4f5100000,0x000000b4f5200000)]
  0x000002544e980e20 JavaThread "Finalizer" daemon [_thread_blocked, id=244, stack(0x000000b4f5200000,0x000000b4f5300000)]
  0x000002544e99c730 JavaThread "Signal Dispatcher" daemon [_thread_blocked, id=4932, stack(0x000000b4f5300000,0x000000b4f5400000)]
  0x000002544e99f100 JavaThread "Attach Listener" daemon [_thread_blocked, id=14108, stack(0x000000b4f5400000,0x000000b4f5500000)]
  0x000002544e9a0670 JavaThread "Service Thread" daemon [_thread_blocked, id=9264, stack(0x000000b4f5500000,0x000000b4f5600000)]
  0x000002544e9a7cd0 JavaThread "C2 CompilerThread0" daemon [_thread_blocked, id=6476, stack(0x000000b4f5600000,0x000000b4f5700000)]
  0x000002544e9a8a30 JavaThread "C1 CompilerThread0" daemon [_thread_blocked, id=12984, stack(0x000000b4f5700000,0x000000b4f5800000)]
  0x000002544e9bba40 JavaThread "Sweeper thread" daemon [_thread_blocked, id=10356, stack(0x000000b4f5800000,0x000000b4f5900000)]
  0x000002544f5a1950 JavaThread "Common-Cleaner" daemon [_thread_blocked, id=5636, stack(0x000000b4f5900000,0x000000b4f5a00000)]
  0x000002544fd78f50 JavaThread "Notification Thread" daemon [_thread_blocked, id=3248, stack(0x000000b4f5c00000,0x000000b4f5d00000)]
  0x0000025452e43080 JavaThread "ReaderThread" [_thread_in_native, id=7372, stack(0x000000b4f6000000,0x000000b4f6100000)]
  0x000002545279f8b0 JavaThread "Exec Default Executor" daemon [_thread_in_native, id=6320, stack(0x000000b4f6400000,0x000000b4f6500000)]
  0x00000254512635e0 JavaThread "UrlChecker-2" daemon [_thread_blocked, id=6152, stack(0x000000b4f6500000,0x000000b4f6600000)]
  0x0000025452ea00b0 JavaThread "Exec Stream Pumper" daemon [_thread_in_native, id=5936, stack(0x000000b4f6600000,0x000000b4f6700000)]
  0x0000025454c14610 JavaThread "Exec Stream Pumper" daemon [_thread_in_native, id=6048, stack(0x000000b4f6700000,0x000000b4f6800000)]
  0x0000025455268770 JavaThread "ForkJoinPool.commonPool-worker-3" daemon [_thread_blocked, id=12332, stack(0x000000b4f6900000,0x000000b4f6a00000)]
  0x00000254552682a0 JavaThread "ForkJoinPool.commonPool-worker-5" daemon [_thread_blocked, id=12476, stack(0x000000b4f6a00000,0x000000b4f6b00000)]
  0x00000254552660f0 JavaThread "ForkJoinPool.commonPool-worker-7" daemon [_thread_blocked, id=12344, stack(0x000000b4f6b00000,0x000000b4f6c00000)]
  0x0000025455266f60 JavaThread "OkHttp ConnectionPool" daemon [_thread_blocked, id=10968, stack(0x000000b4f6c00000,0x000000b4f6d00000)]
  0x0000025455269ab0 JavaThread "Okio Watchdog" daemon [_thread_blocked, id=8540, stack(0x000000b4f6d00000,0x000000b4f6e00000)]
  0x0000025455267430 JavaThread "Java2D Disposer" daemon [_thread_blocked, id=8844, stack(0x000000b4f5e00000,0x000000b4f5f00000)]
  0x0000025455267900 JavaThread "AWT-Windows" daemon [_thread_in_native, id=13488, stack(0x000000b4f6e00000,0x000000b4f6f00000)]
  0x00000254552695e0 JavaThread "Image Fetcher 0" daemon [_thread_blocked, id=2328, stack(0x000000b4f6f00000,0x000000b4f7000000)]
  0x00000254552665c0 JavaThread "Thread-0" [_thread_blocked, id=12792, stack(0x000000b4f5a00000,0x000000b4f5b00000)]
  0x0000025455268c40 JavaThread "pool-1-thread-1" [_thread_blocked, id=14292, stack(0x000000b4f6800000,0x000000b4f6900000)]
  0x00000254514ecaf0 JavaThread "pool-2-thread-1" [_thread_blocked, id=2396, stack(0x000000b4f7000000,0x000000b4f7100000)]
  0x00000254514effe0 JavaThread "AWT-Shutdown" [_thread_blocked, id=4252, stack(0x000000b4f7100000,0x000000b4f7200000)]
  0x0000025451a8d360 JavaThread "C2 CompilerThread1" daemon [_thread_blocked, id=10504, stack(0x000000b4f7800000,0x000000b4f7900000)]

Other Threads:
=>0x000002544e97dc70 VMThread "VM Thread" [stack: 0x000000b4f5000000,0x000000b4f5100000] [id=2968]
  0x000002544fe38930 WatcherThread [stack: 0x000000b4f5d00000,0x000000b4f5e00000] [id=12100]
  0x000002543253aa40 GCTaskThread "GC Thread#0" [stack: 0x000000b4f4b00000,0x000000b4f4c00000] [id=6408]
  0x000002544f5cabc0 GCTaskThread "GC Thread#1" [stack: 0x000000b4f5b00000,0x000000b4f5c00000] [id=11704]
  0x00000254503d8690 GCTaskThread "GC Thread#2" [stack: 0x000000b4f6100000,0x000000b4f6200000] [id=9344]
  0x00000254503d9680 GCTaskThread "GC Thread#3" [stack: 0x000000b4f6200000,0x000000b4f6300000] [id=1032]
  0x00000254503d9ce0 GCTaskThread "GC Thread#4" [stack: 0x000000b4f7900000,0x000000b4f7a00000] [id=12832]
  0x00000254503da010 GCTaskThread "GC Thread#5" [stack: 0x000000b4f7a00000,0x000000b4f7b00000] [id=12696]
  0x00000254503d7d00 GCTaskThread "GC Thread#6" [stack: 0x000000b4f7b00000,0x000000b4f7c00000] [id=9700]
  0x00000254503da670 GCTaskThread "GC Thread#7" [stack: 0x000000b4f7c00000,0x000000b4f7d00000] [id=1880]
  0x0000025432545090 ConcurrentGCThread "G1 Main Marker" [stack: 0x000000b4f4c00000,0x000000b4f4d00000] [id=12996]
  0x0000025432546ba0 ConcurrentGCThread "G1 Conc#0" [stack: 0x000000b4f4d00000,0x000000b4f4e00000] [id=12584]
  0x00000254503d76a0 ConcurrentGCThread "G1 Conc#1" [stack: 0x000000b4f6300000,0x000000b4f6400000] [id=3584]
  0x00000254325a65a0 ConcurrentGCThread "G1 Refine#0" [stack: 0x000000b4f4e00000,0x000000b4f4f00000] [id=5392]
  0x0000025453996680 ConcurrentGCThread "G1 Refine#1" [stack: 0x000000b4f7200000,0x000000b4f7300000] [id=11252]
  0x0000025453d01070 ConcurrentGCThread "G1 Refine#2" [stack: 0x000000b4f7300000,0x000000b4f7400000] [id=6880]
  0x0000025453d049d0 ConcurrentGCThread "G1 Refine#3" [stack: 0x000000b4f7400000,0x000000b4f7500000] [id=2708]
  0x0000025453d024b0 ConcurrentGCThread "G1 Refine#4" [stack: 0x000000b4f7500000,0x000000b4f7600000] [id=8832]
  0x0000025453d02810 ConcurrentGCThread "G1 Refine#5" [stack: 0x000000b4f7600000,0x000000b4f7700000] [id=10908]
  0x0000025453d02b70 ConcurrentGCThread "G1 Refine#6" [stack: 0x000000b4f7700000,0x000000b4f7800000] [id=12336]
  0x00000254325a70b0 ConcurrentGCThread "G1 Young RemSet Sampling" [stack: 0x000000b4f4f00000,0x000000b4f5000000] [id=10196]

Threads with active compile tasks:
C2 CompilerThread0    24242 5077 %     4       org.openqa.selenium.json.JsonInput::readString @ 16 (129 bytes)
C2 CompilerThread1    24242 5055   !   4       org.aspectj.weaver.ReferenceType::setDelegate (203 bytes)

VM state: at safepoint (normal execution)

VM Mutex/Monitor currently owned by a thread:  ([mutex/lock_event])
[0x0000025432506240] Threads_lock - owner thread: 0x000002544e97dc70
[0x0000025432507b90] Heap_lock - owner thread: 0x0000025432545090

Heap address: 0x00000000c1a00000, size: 998 MB, Compressed Oops mode: 32-bit
CDS archive(s) mapped at: [0x0000000800000000-0x0000000800b50000-0x0000000800b50000), size 11862016, SharedBaseAddress: 0x0000000800000000, ArchiveRelocationMode: 0.
Compressed class space mapped at: 0x0000000800b50000-0x0000000840b50000, size: 1073741824
Narrow klass base: 0x0000000800000000, Narrow klass shift: 3, Narrow klass range: 0x100000000

GC Precious Log:
 CPUs: 8 total, 8 available
 Memory: 3984M
 Large Page Support: Disabled
 NUMA Support: Disabled
 Compressed Oops: Enabled (32-bit)
 Heap Region Size: 1M
 Heap Min Capacity: 8M
 Heap Initial Capacity: 64M
 Heap Max Capacity: 998M
 Pre-touch: Disabled
 Parallel Workers: 8
 Concurrent Workers: 2
 Concurrent Refinement Workers: 8
 Periodic GC: Disabled

Heap:
 garbage-first heap   total 222208K, used 130416K [0x00000000c1a00000, 0x0000000100000000)
  region size 1024K, 3 young (3072K), 1 survivors (1024K)
 Metaspace       used 44364K, capacity 44807K, committed 45104K, reserved 1089536K
  class space    used 5049K, capacity 5205K, committed 5248K, reserved 1048576K

Heap Regions: E=young(eden), S=young(survivor), O=old, HS=humongous(starts), HC=humongous(continues), CS=collection set, F=free, OA=open archive, CA=closed archive, TAMS=top-at-mark-start (previous, next)
|   0|0x00000000c1a00000, 0x00000000c1b00000, 0x00000000c1b00000|100%|HS|  |TAMS 0x00000000c1b00000, 0x00000000c1a00000| Complete 
|   1|0x00000000c1b00000, 0x00000000c1c00000, 0x00000000c1c00000|100%| O|  |TAMS 0x00000000c1c00000, 0x00000000c1b00000| Updating 
|   2|0x00000000c1c00000, 0x00000000c1d00000, 0x00000000c1d00000|100%| O|  |TAMS 0x00000000c1d00000, 0x00000000c1c00000| Updating 
|   3|0x00000000c1d00000, 0x00000000c1e00000, 0x00000000c1e00000|100%| O|  |TAMS 0x00000000c1e00000, 0x00000000c1d00000| Updating 
|   4|0x00000000c1e00000, 0x00000000c1f00000, 0x00000000c1f00000|100%| O|  |TAMS 0x00000000c1f00000, 0x00000000c1e00000| Updating 
|   5|0x00000000c1f00000, 0x00000000c2000000, 0x00000000c2000000|100%| O|  |TAMS 0x00000000c2000000, 0x00000000c1f00000| Updating 
|   6|0x00000000c2000000, 0x00000000c2100000, 0x00000000c2100000|100%| O|  |TAMS 0x00000000c2100000, 0x00000000c2000000| Updating 
|   7|0x00000000c2100000, 0x00000000c2200000, 0x00000000c2200000|100%| O|  |TAMS 0x00000000c2200000, 0x00000000c2100000| Updating 
|   8|0x00000000c2200000, 0x00000000c2300000, 0x00000000c2300000|100%| O|  |TAMS 0x00000000c2300000, 0x00000000c2200000| Updating 
|   9|0x00000000c2300000, 0x00000000c2400000, 0x00000000c2400000|100%| O|  |TAMS 0x00000000c2400000, 0x00000000c2300000| Updating 
|  10|0x00000000c2400000, 0x00000000c2500000, 0x00000000c2500000|100%| O|  |TAMS 0x00000000c2500000, 0x00000000c2400000| Updating 
|  11|0x00000000c2500000, 0x00000000c2600000, 0x00000000c2600000|100%| O|  |TAMS 0x00000000c2600000, 0x00000000c2500000| Updating 
|  12|0x00000000c2600000, 0x00000000c2700000, 0x00000000c2700000|100%| O|  |TAMS 0x00000000c2700000, 0x00000000c2600000| Updating 
|  13|0x00000000c2700000, 0x00000000c2800000, 0x00000000c2800000|100%| O|  |TAMS 0x00000000c2800000, 0x00000000c2700000| Updating 
|  14|0x00000000c2800000, 0x00000000c2900000, 0x00000000c2900000|100%| O|  |TAMS 0x00000000c2900000, 0x00000000c2800000| Updating 
|  15|0x00000000c2900000, 0x00000000c2a00000, 0x00000000c2a00000|100%| O|  |TAMS 0x00000000c2a00000, 0x00000000c2900000| Updating 
|  16|0x00000000c2a00000, 0x00000000c2b00000, 0x00000000c2b00000|100%| O|  |TAMS 0x00000000c2b00000, 0x00000000c2a00000| Updating 
|  17|0x00000000c2b00000, 0x00000000c2c00000, 0x00000000c2c00000|100%| O|  |TAMS 0x00000000c2c00000, 0x00000000c2b00000| Updating 
|  18|0x00000000c2c00000, 0x00000000c2d00000, 0x00000000c2d00000|100%| O|  |TAMS 0x00000000c2d00000, 0x00000000c2c00000| Updating 
|  19|0x00000000c2d00000, 0x00000000c2e00000, 0x00000000c2e00000|100%| O|  |TAMS 0x00000000c2e00000, 0x00000000c2d00000| Updating 
|  20|0x00000000c2e00000, 0x00000000c2f00000, 0x00000000c2f00000|100%| O|  |TAMS 0x00000000c2f00000, 0x00000000c2e00000| Updating 
|  21|0x00000000c2f00000, 0x00000000c3000000, 0x00000000c3000000|100%| O|  |TAMS 0x00000000c3000000, 0x00000000c2f00000| Updating 
|  22|0x00000000c3000000, 0x00000000c3100000, 0x00000000c3100000|100%| O|  |TAMS 0x00000000c3100000, 0x00000000c3000000| Updating 
|  23|0x00000000c3100000, 0x00000000c3200000, 0x00000000c3200000|100%| O|  |TAMS 0x00000000c3200000, 0x00000000c3100000| Updating 
|  24|0x00000000c3200000, 0x00000000c3300000, 0x00000000c3300000|100%| O|  |TAMS 0x00000000c3300000, 0x00000000c3200000| Updating 
|  25|0x00000000c3300000, 0x00000000c3400000, 0x00000000c3400000|100%| O|  |TAMS 0x00000000c3400000, 0x00000000c3300000| Updating 
|  26|0x00000000c3400000, 0x00000000c3500000, 0x00000000c3500000|100%| O|  |TAMS 0x00000000c3500000, 0x00000000c3400000| Updating 
|  27|0x00000000c3500000, 0x00000000c3600000, 0x00000000c3600000|100%| O|  |TAMS 0x00000000c3600000, 0x00000000c3500000| Updating 
|  28|0x00000000c3600000, 0x00000000c3700000, 0x00000000c3700000|100%| O|  |TAMS 0x00000000c3700000, 0x00000000c3600000| Updating 
|  29|0x00000000c3700000, 0x00000000c3800000, 0x00000000c3800000|100%| O|  |TAMS 0x00000000c3800000, 0x00000000c3700000| Updating 
|  30|0x00000000c3800000, 0x00000000c3900000, 0x00000000c3900000|100%| O|  |TAMS 0x00000000c3900000, 0x00000000c3800000| Updating 
|  31|0x00000000c3900000, 0x00000000c3a00000, 0x00000000c3a00000|100%| O|  |TAMS 0x00000000c3a00000, 0x00000000c3900000| Updating 
|  32|0x00000000c3a00000, 0x00000000c3b00000, 0x00000000c3b00000|100%| O|  |TAMS 0x00000000c3b00000, 0x00000000c3a00000| Updating 
|  33|0x00000000c3b00000, 0x00000000c3c00000, 0x00000000c3c00000|100%| O|  |TAMS 0x00000000c3c00000, 0x00000000c3b00000| Updating 
|  34|0x00000000c3c00000, 0x00000000c3d00000, 0x00000000c3d00000|100%| O|  |TAMS 0x00000000c3d00000, 0x00000000c3c00000| Updating 
|  35|0x00000000c3d00000, 0x00000000c3e00000, 0x00000000c3e00000|100%| O|  |TAMS 0x00000000c3e00000, 0x00000000c3d00000| Updating 
|  36|0x00000000c3e00000, 0x00000000c3f00000, 0x00000000c3f00000|100%| O|  |TAMS 0x00000000c3f00000, 0x00000000c3e00000| Updating 
|  37|0x00000000c3f00000, 0x00000000c4000000, 0x00000000c4000000|100%| O|  |TAMS 0x00000000c4000000, 0x00000000c3f00000| Updating 
|  38|0x00000000c4000000, 0x00000000c4100000, 0x00000000c4100000|100%| O|  |TAMS 0x00000000c4100000, 0x00000000c4000000| Updating 
|  39|0x00000000c4100000, 0x00000000c4200000, 0x00000000c4200000|100%| O|  |TAMS 0x00000000c4200000, 0x00000000c4100000| Updating 
|  40|0x00000000c4200000, 0x00000000c4300000, 0x00000000c4300000|100%| O|  |TAMS 0x00000000c4300000, 0x00000000c4200000| Updating 
|  41|0x00000000c4300000, 0x00000000c4400000, 0x00000000c4400000|100%| O|  |TAMS 0x00000000c4400000, 0x00000000c4300000| Updating 
|  42|0x00000000c4400000, 0x00000000c4500000, 0x00000000c4500000|100%| O|  |TAMS 0x00000000c4500000, 0x00000000c4400000| Updating 
|  43|0x00000000c4500000, 0x00000000c4600000, 0x00000000c4600000|100%| O|  |TAMS 0x00000000c4600000, 0x00000000c4500000| Updating 
|  44|0x00000000c4600000, 0x00000000c4700000, 0x00000000c4700000|100%| O|  |TAMS 0x00000000c4700000, 0x00000000c4600000| Updating 
|  45|0x00000000c4700000, 0x00000000c4800000, 0x00000000c4800000|100%| O|  |TAMS 0x00000000c4800000, 0x00000000c4700000| Updating 
|  46|0x00000000c4800000, 0x00000000c4900000, 0x00000000c4900000|100%| O|  |TAMS 0x00000000c4900000, 0x00000000c4800000| Updating 
|  47|0x00000000c4900000, 0x00000000c4a00000, 0x00000000c4a00000|100%| O|  |TAMS 0x00000000c4a00000, 0x00000000c4900000| Updating 
|  48|0x00000000c4a00000, 0x00000000c4b00000, 0x00000000c4b00000|100%| O|  |TAMS 0x00000000c4b00000, 0x00000000c4a00000| Updating 
|  49|0x00000000c4b00000, 0x00000000c4c00000, 0x00000000c4c00000|100%| O|  |TAMS 0x00000000c4c00000, 0x00000000c4b00000| Updating 
|  50|0x00000000c4c00000, 0x00000000c4d00000, 0x00000000c4d00000|100%| O|  |TAMS 0x00000000c4d00000, 0x00000000c4c00000| Updating 
|  51|0x00000000c4d00000, 0x00000000c4e00000, 0x00000000c4e00000|100%| O|  |TAMS 0x00000000c4e00000, 0x00000000c4d00000| Updating 
|  52|0x00000000c4e00000, 0x00000000c4f00000, 0x00000000c4f00000|100%| O|  |TAMS 0x00000000c4f00000, 0x00000000c4e00000| Updating 
|  53|0x00000000c4f00000, 0x00000000c5000000, 0x00000000c5000000|100%| O|  |TAMS 0x00000000c5000000, 0x00000000c4f00000| Updating 
|  54|0x00000000c5000000, 0x00000000c5100000, 0x00000000c5100000|100%| O|  |TAMS 0x00000000c5100000, 0x00000000c5000000| Updating 
|  55|0x00000000c5100000, 0x00000000c5200000, 0x00000000c5200000|100%| O|  |TAMS 0x00000000c5200000, 0x00000000c5100000| Updating 
|  56|0x00000000c5200000, 0x00000000c5300000, 0x00000000c5300000|100%| O|  |TAMS 0x00000000c5300000, 0x00000000c5200000| Updating 
|  57|0x00000000c5300000, 0x00000000c5400000, 0x00000000c5400000|100%| O|  |TAMS 0x00000000c5400000, 0x00000000c5300000| Updating 
|  58|0x00000000c5400000, 0x00000000c5500000, 0x00000000c5500000|100%| O|  |TAMS 0x00000000c5500000, 0x00000000c5400000| Updating 
|  59|0x00000000c5500000, 0x00000000c5600000, 0x00000000c5600000|100%| O|  |TAMS 0x00000000c5600000, 0x00000000c5500000| Updating 
|  60|0x00000000c5600000, 0x00000000c5700000, 0x00000000c5700000|100%| O|  |TAMS 0x00000000c5700000, 0x00000000c5600000| Updating 
|  61|0x00000000c5700000, 0x00000000c5800000, 0x00000000c5800000|100%| O|  |TAMS 0x00000000c5800000, 0x00000000c5700000| Updating 
|  62|0x00000000c5800000, 0x00000000c5900000, 0x00000000c5900000|100%| O|  |TAMS 0x00000000c5900000, 0x00000000c5800000| Updating 
|  63|0x00000000c5900000, 0x00000000c5a00000, 0x00000000c5a00000|100%| O|  |TAMS 0x00000000c5a00000, 0x00000000c5900000| Updating 
|  64|0x00000000c5a00000, 0x00000000c5b00000, 0x00000000c5b00000|100%| O|  |TAMS 0x00000000c5b00000, 0x00000000c5a00000| Updating 
|  65|0x00000000c5b00000, 0x00000000c5c00000, 0x00000000c5c00000|100%| O|  |TAMS 0x00000000c5c00000, 0x00000000c5b00000| Updating 
|  66|0x00000000c5c00000, 0x00000000c5d00000, 0x00000000c5d00000|100%| O|  |TAMS 0x00000000c5d00000, 0x00000000c5c00000| Updating 
|  67|0x00000000c5d00000, 0x00000000c5e00000, 0x00000000c5e00000|100%| O|  |TAMS 0x00000000c5e00000, 0x00000000c5d00000| Updating 
|  68|0x00000000c5e00000, 0x00000000c5f00000, 0x00000000c5f00000|100%| O|  |TAMS 0x00000000c5f00000, 0x00000000c5e00000| Updating 
|  69|0x00000000c5f00000, 0x00000000c6000000, 0x00000000c6000000|100%| O|  |TAMS 0x00000000c6000000, 0x00000000c5f00000| Updating 
|  70|0x00000000c6000000, 0x00000000c6100000, 0x00000000c6100000|100%| O|  |TAMS 0x00000000c6100000, 0x00000000c6000000| Updating 
|  71|0x00000000c6100000, 0x00000000c6200000, 0x00000000c6200000|100%| O|  |TAMS 0x00000000c6200000, 0x00000000c6100000| Updating 
|  72|0x00000000c6200000, 0x00000000c6300000, 0x00000000c6300000|100%| O|  |TAMS 0x00000000c6300000, 0x00000000c6200000| Updating 
|  73|0x00000000c6300000, 0x00000000c6400000, 0x00000000c6400000|100%| O|  |TAMS 0x00000000c6400000, 0x00000000c6300000| Updating 
|  74|0x00000000c6400000, 0x00000000c6500000, 0x00000000c6500000|100%| O|  |TAMS 0x00000000c6500000, 0x00000000c6400000| Updating 
|  75|0x00000000c6500000, 0x00000000c6600000, 0x00000000c6600000|100%| O|  |TAMS 0x00000000c6600000, 0x00000000c6500000| Updating 
|  76|0x00000000c6600000, 0x00000000c6700000, 0x00000000c6700000|100%| O|  |TAMS 0x00000000c6700000, 0x00000000c6600000| Updating 
|  77|0x00000000c6700000, 0x00000000c6800000, 0x00000000c6800000|100%|HS|  |TAMS 0x00000000c6800000, 0x00000000c6700000| Complete 
|  78|0x00000000c6800000, 0x00000000c6900000, 0x00000000c6900000|100%|HC|  |TAMS 0x00000000c6900000, 0x00000000c6800000| Complete 
|  79|0x00000000c6900000, 0x00000000c6a00000, 0x00000000c6a00000|100%|HC|  |TAMS 0x00000000c6a00000, 0x00000000c6900000| Complete 
|  80|0x00000000c6a00000, 0x00000000c6b00000, 0x00000000c6b00000|100%|HC|  |TAMS 0x00000000c6b00000, 0x00000000c6a00000| Complete 
|  81|0x00000000c6b00000, 0x00000000c6c00000, 0x00000000c6c00000|100%|HC|  |TAMS 0x00000000c6c00000, 0x00000000c6b00000| Complete 
|  82|0x00000000c6c00000, 0x00000000c6d00000, 0x00000000c6d00000|100%|HC|  |TAMS 0x00000000c6d00000, 0x00000000c6c00000| Complete 
|  83|0x00000000c6d00000, 0x00000000c6e00000, 0x00000000c6e00000|100%|HS|  |TAMS 0x00000000c6e00000, 0x00000000c6d00000| Complete 
|  84|0x00000000c6e00000, 0x00000000c6f00000, 0x00000000c6f00000|100%|HC|  |TAMS 0x00000000c6f00000, 0x00000000c6e00000| Complete 
|  85|0x00000000c6f00000, 0x00000000c7000000, 0x00000000c7000000|100%|HC|  |TAMS 0x00000000c7000000, 0x00000000c6f00000| Complete 
|  86|0x00000000c7000000, 0x00000000c7100000, 0x00000000c7100000|100%|HC|  |TAMS 0x00000000c7100000, 0x00000000c7000000| Complete 
|  87|0x00000000c7100000, 0x00000000c7200000, 0x00000000c7200000|100%|HC|  |TAMS 0x00000000c7200000, 0x00000000c7100000| Complete 
|  88|0x00000000c7200000, 0x00000000c7300000, 0x00000000c7300000|100%|HC|  |TAMS 0x00000000c7300000, 0x00000000c7200000| Complete 
|  89|0x00000000c7300000, 0x00000000c7400000, 0x00000000c7400000|100%| O|  |TAMS 0x00000000c7400000, 0x00000000c7300000| Updating 
|  90|0x00000000c7400000, 0x00000000c7500000, 0x00000000c7500000|100%| O|  |TAMS 0x00000000c7500000, 0x00000000c7400000| Updating 
|  91|0x00000000c7500000, 0x00000000c7600000, 0x00000000c7600000|100%| O|  |TAMS 0x00000000c7600000, 0x00000000c7500000| Updating 
|  92|0x00000000c7600000, 0x00000000c7700000, 0x00000000c7700000|100%|HS|  |TAMS 0x00000000c7700000, 0x00000000c7600000| Complete 
|  93|0x00000000c7700000, 0x00000000c7800000, 0x00000000c7800000|100%|HC|  |TAMS 0x00000000c7800000, 0x00000000c7700000| Complete 
|  94|0x00000000c7800000, 0x00000000c7900000, 0x00000000c7900000|100%|HC|  |TAMS 0x00000000c7900000, 0x00000000c7800000| Complete 
|  95|0x00000000c7900000, 0x00000000c7a00000, 0x00000000c7a00000|100%|HS|  |TAMS 0x00000000c7a00000, 0x00000000c7900000| Complete 
|  96|0x00000000c7a00000, 0x00000000c7b00000, 0x00000000c7b00000|100%|HC|  |TAMS 0x00000000c7b00000, 0x00000000c7a00000| Complete 
|  97|0x00000000c7b00000, 0x00000000c7c00000, 0x00000000c7c00000|100%|HC|  |TAMS 0x00000000c7c00000, 0x00000000c7b00000| Complete 
|  98|0x00000000c7c00000, 0x00000000c7d00000, 0x00000000c7d00000|100%|HC|  |TAMS 0x00000000c7d00000, 0x00000000c7c00000| Complete 
|  99|0x00000000c7d00000, 0x00000000c7e00000, 0x00000000c7e00000|100%|HC|  |TAMS 0x00000000c7e00000, 0x00000000c7d00000| Complete 
| 100|0x00000000c7e00000, 0x00000000c7f00000, 0x00000000c7f00000|100%|HC|  |TAMS 0x00000000c7f00000, 0x00000000c7e00000| Complete 
| 101|0x00000000c7f00000, 0x00000000c8000000, 0x00000000c8000000|100%| O|  |TAMS 0x00000000c8000000, 0x00000000c7f00000| Updating 
| 102|0x00000000c8000000, 0x00000000c8000000, 0x00000000c8100000|  0%| F|  |TAMS 0x00000000c8000000, 0x00000000c8000000| Untracked 
| 103|0x00000000c8100000, 0x00000000c817de00, 0x00000000c8200000| 49%| O|  |TAMS 0x00000000c817de00, 0x00000000c8100000| Updating 
| 104|0x00000000c8200000, 0x00000000c8300000, 0x00000000c8300000|100%|HS|  |TAMS 0x00000000c8200000, 0x00000000c8200000| Complete 
| 105|0x00000000c8300000, 0x00000000c8400000, 0x00000000c8400000|100%|HC|  |TAMS 0x00000000c8300000, 0x00000000c8300000| Complete 
| 106|0x00000000c8400000, 0x00000000c8500000, 0x00000000c8500000|100%|HC|  |TAMS 0x00000000c8400000, 0x00000000c8400000| Complete 
| 107|0x00000000c8500000, 0x00000000c8600000, 0x00000000c8600000|100%|HC|  |TAMS 0x00000000c8500000, 0x00000000c8500000| Complete 
| 108|0x00000000c8600000, 0x00000000c8700000, 0x00000000c8700000|100%|HC|  |TAMS 0x00000000c8600000, 0x00000000c8600000| Complete 
| 109|0x00000000c8700000, 0x00000000c8800000, 0x00000000c8800000|100%|HC|  |TAMS 0x00000000c8700000, 0x00000000c8700000| Complete 
| 110|0x00000000c8800000, 0x00000000c8900000, 0x00000000c8900000|100%|HS|  |TAMS 0x00000000c8800000, 0x00000000c8800000| Complete 
| 111|0x00000000c8900000, 0x00000000c8a00000, 0x00000000c8a00000|100%|HC|  |TAMS 0x00000000c8900000, 0x00000000c8900000| Complete 
| 112|0x00000000c8a00000, 0x00000000c8b00000, 0x00000000c8b00000|100%|HC|  |TAMS 0x00000000c8a00000, 0x00000000c8a00000| Complete 
| 113|0x00000000c8b00000, 0x00000000c8c00000, 0x00000000c8c00000|100%|HC|  |TAMS 0x00000000c8b00000, 0x00000000c8b00000| Complete 
| 114|0x00000000c8c00000, 0x00000000c8d00000, 0x00000000c8d00000|100%|HC|  |TAMS 0x00000000c8c00000, 0x00000000c8c00000| Complete 
| 115|0x00000000c8d00000, 0x00000000c8e00000, 0x00000000c8e00000|100%|HC|  |TAMS 0x00000000c8d00000, 0x00000000c8d00000| Complete 
| 116|0x00000000c8e00000, 0x00000000c8e00000, 0x00000000c8f00000|  0%| F|  |TAMS 0x00000000c8e00000, 0x00000000c8e00000| Untracked 
| 117|0x00000000c8f00000, 0x00000000c8f00000, 0x00000000c9000000|  0%| F|  |TAMS 0x00000000c8f00000, 0x00000000c8f00000| Untracked 
| 118|0x00000000c9000000, 0x00000000c9000000, 0x00000000c9100000|  0%| F|  |TAMS 0x00000000c9000000, 0x00000000c9000000| Untracked 
| 119|0x00000000c9100000, 0x00000000c9100000, 0x00000000c9200000|  0%| F|  |TAMS 0x00000000c9100000, 0x00000000c9100000| Untracked 
| 120|0x00000000c9200000, 0x00000000c9200000, 0x00000000c9300000|  0%| F|  |TAMS 0x00000000c9200000, 0x00000000c9200000| Untracked 
| 121|0x00000000c9300000, 0x00000000c9300000, 0x00000000c9400000|  0%| F|  |TAMS 0x00000000c9300000, 0x00000000c9300000| Untracked 
| 122|0x00000000c9400000, 0x00000000c9400000, 0x00000000c9500000|  0%| F|  |TAMS 0x00000000c9400000, 0x00000000c9400000| Untracked 
| 123|0x00000000c9500000, 0x00000000c9500000, 0x00000000c9600000|  0%| F|  |TAMS 0x00000000c9500000, 0x00000000c9500000| Untracked 
| 124|0x00000000c9600000, 0x00000000c96de580, 0x00000000c9700000| 86%| S|CS|TAMS 0x00000000c9600000, 0x00000000c9600000| Complete 
| 125|0x00000000c9700000, 0x00000000c9700000, 0x00000000c9800000|  0%| F|  |TAMS 0x00000000c9700000, 0x00000000c9700000| Untracked 
| 126|0x00000000c9800000, 0x00000000c9800000, 0x00000000c9900000|  0%| F|  |TAMS 0x00000000c9800000, 0x00000000c9800000| Untracked 
| 127|0x00000000c9900000, 0x00000000c9900000, 0x00000000c9a00000|  0%| F|  |TAMS 0x00000000c9900000, 0x00000000c9900000| Untracked 
| 128|0x00000000c9a00000, 0x00000000c9a00000, 0x00000000c9b00000|  0%| F|  |TAMS 0x00000000c9a00000, 0x00000000c9a00000| Untracked 
| 129|0x00000000c9b00000, 0x00000000c9b00000, 0x00000000c9c00000|  0%| F|  |TAMS 0x00000000c9b00000, 0x00000000c9b00000| Untracked 
| 130|0x00000000c9c00000, 0x00000000c9c00000, 0x00000000c9d00000|  0%| F|  |TAMS 0x00000000c9c00000, 0x00000000c9c00000| Untracked 
| 131|0x00000000c9d00000, 0x00000000c9d00000, 0x00000000c9e00000|  0%| F|  |TAMS 0x00000000c9d00000, 0x00000000c9d00000| Untracked 
| 132|0x00000000c9e00000, 0x00000000c9e00000, 0x00000000c9f00000|  0%| F|  |TAMS 0x00000000c9e00000, 0x00000000c9e00000| Untracked 
| 133|0x00000000c9f00000, 0x00000000c9f00000, 0x00000000ca000000|  0%| F|  |TAMS 0x00000000c9f00000, 0x00000000c9f00000| Untracked 
| 134|0x00000000ca000000, 0x00000000ca000000, 0x00000000ca100000|  0%| F|  |TAMS 0x00000000ca000000, 0x00000000ca000000| Untracked 
| 135|0x00000000ca100000, 0x00000000ca100000, 0x00000000ca200000|  0%| F|  |TAMS 0x00000000ca100000, 0x00000000ca100000| Untracked 
| 136|0x00000000ca200000, 0x00000000ca200000, 0x00000000ca300000|  0%| F|  |TAMS 0x00000000ca200000, 0x00000000ca200000| Untracked 
| 137|0x00000000ca300000, 0x00000000ca400000, 0x00000000ca400000|100%|HS|  |TAMS 0x00000000ca400000, 0x00000000ca300000| Complete 
| 138|0x00000000ca400000, 0x00000000ca500000, 0x00000000ca500000|100%|HC|  |TAMS 0x00000000ca500000, 0x00000000ca400000| Complete 
| 139|0x00000000ca500000, 0x00000000ca600000, 0x00000000ca600000|100%|HC|  |TAMS 0x00000000ca600000, 0x00000000ca500000| Complete 
| 140|0x00000000ca600000, 0x00000000ca700000, 0x00000000ca700000|100%|HC|  |TAMS 0x00000000ca700000, 0x00000000ca600000| Complete 
| 141|0x00000000ca700000, 0x00000000ca800000, 0x00000000ca800000|100%|HC|  |TAMS 0x00000000ca800000, 0x00000000ca700000| Complete 
| 142|0x00000000ca800000, 0x00000000ca900000, 0x00000000ca900000|100%|HC|  |TAMS 0x00000000ca900000, 0x00000000ca800000| Complete 
| 143|0x00000000ca900000, 0x00000000ca900000, 0x00000000caa00000|  0%| F|  |TAMS 0x00000000ca900000, 0x00000000ca900000| Untracked 
| 144|0x00000000caa00000, 0x00000000caa00000, 0x00000000cab00000|  0%| F|  |TAMS 0x00000000caa00000, 0x00000000caa00000| Untracked 
| 145|0x00000000cab00000, 0x00000000cab00000, 0x00000000cac00000|  0%| F|  |TAMS 0x00000000cab00000, 0x00000000cab00000| Untracked 
| 146|0x00000000cac00000, 0x00000000cac00000, 0x00000000cad00000|  0%| F|  |TAMS 0x00000000cac00000, 0x00000000cac00000| Untracked 
| 147|0x00000000cad00000, 0x00000000cad00000, 0x00000000cae00000|  0%| F|  |TAMS 0x00000000cad00000, 0x00000000cad00000| Untracked 
| 148|0x00000000cae00000, 0x00000000cae00000, 0x00000000caf00000|  0%| F|  |TAMS 0x00000000cae00000, 0x00000000cae00000| Untracked 
| 149|0x00000000caf00000, 0x00000000cb000000, 0x00000000cb000000|100%|HS|  |TAMS 0x00000000cb000000, 0x00000000caf00000| Complete 
| 150|0x00000000cb000000, 0x00000000cb100000, 0x00000000cb100000|100%|HC|  |TAMS 0x00000000cb100000, 0x00000000cb000000| Complete 
| 151|0x00000000cb100000, 0x00000000cb200000, 0x00000000cb200000|100%|HC|  |TAMS 0x00000000cb200000, 0x00000000cb100000| Complete 
| 152|0x00000000cb200000, 0x00000000cb300000, 0x00000000cb300000|100%|HC|  |TAMS 0x00000000cb300000, 0x00000000cb200000| Complete 
| 153|0x00000000cb300000, 0x00000000cb400000, 0x00000000cb400000|100%|HC|  |TAMS 0x00000000cb400000, 0x00000000cb300000| Complete 
| 154|0x00000000cb400000, 0x00000000cb500000, 0x00000000cb500000|100%|HC|  |TAMS 0x00000000cb500000, 0x00000000cb400000| Complete 
| 155|0x00000000cb500000, 0x00000000cb500000, 0x00000000cb600000|  0%| F|  |TAMS 0x00000000cb500000, 0x00000000cb500000| Untracked 
| 156|0x00000000cb600000, 0x00000000cb6459e0, 0x00000000cb700000| 27%| E|  |TAMS 0x00000000cb600000, 0x00000000cb600000| Complete 
| 157|0x00000000cb700000, 0x00000000cb7fee20, 0x00000000cb800000| 99%| E|  |TAMS 0x00000000cb700000, 0x00000000cb700000| Complete 

Card table byte_map: [0x0000025449c40000,0x0000025449e40000] _byte_map_base: 0x0000025449633000

Marking Bits (Prev, Next): (CMBitMap*) 0x000002543253c210, (CMBitMap*) 0x000002543253c1d0
 Prev Bits: [0x000002544afe0000, 0x000002544bf78000)
 Next Bits: [0x000002544a040000, 0x000002544afd8000)

Polling page: 0x00000254304d0000

Metaspace:

Usage:
  Non-class:     38.67 MB capacity,    38.39 MB (>99%) used,   230.93 KB ( <1%) free+waste,    56.75 KB ( <1%) overhead. 
      Class:      5.08 MB capacity,     4.93 MB ( 97%) used,   135.61 KB (  3%) free+waste,    19.69 KB ( <1%) overhead. 
       Both:     43.76 MB capacity,    43.32 MB (>99%) used,   366.54 KB ( <1%) free+waste,    76.44 KB ( <1%) overhead. 

Virtual space:
  Non-class space:       40.00 MB reserved,      38.92 MB ( 97%) committed 
      Class space:        1.00 GB reserved,       5.13 MB ( <1%) committed 
             Both:        1.04 GB reserved,      44.05 MB (  4%) committed 

Chunk freelists:
   Non-Class:  62.00 KB
       Class:  11.00 KB
        Both:  73.00 KB

MaxMetaspaceSize: 17179869184.00 GB
CompressedClassSpaceSize: 1.00 GB

CodeHeap 'non-profiled nmethods': size=120000Kb used=3434Kb max_used=3990Kb free=116566Kb
 bounds [0x00000254421e0000, 0x00000254425e0000, 0x0000025449710000]
CodeHeap 'profiled nmethods': size=120000Kb used=7614Kb max_used=9131Kb free=112385Kb
 bounds [0x000002543acb0000, 0x000002543b5a0000, 0x00000254421e0000]
CodeHeap 'non-nmethods': size=5760Kb used=1411Kb max_used=1423Kb free=4348Kb
 bounds [0x000002543a710000, 0x000002543a980000, 0x000002543acb0000]
 total_blobs=4674 nmethods=3979 adapters=605
 compilation: enabled
              stopped_count=0, restarted_count=0
 full_count=0

Compilation events (20 events):
Event: 22.884 Thread 0x000002544e9a8a30 5114       3       java.util.stream.ReduceOps$3ReducingSink::begin (14 bytes)
Event: 22.884 Thread 0x000002544e9a8a30 nmethod 5114 0x000002543af38e90 code [0x000002543af39040, 0x000002543af39268]
Event: 22.888 Thread 0x000002544e9a8a30 5115       3       java.util.concurrent.locks.ReentrantLock$Sync::tryRelease (51 bytes)
Event: 22.889 Thread 0x000002544e9a8a30 nmethod 5115 0x000002543b3cdf10 code [0x000002543b3ce0c0, 0x000002543b3ce408]
Event: 22.901 Thread 0x000002544e9a8a30 5117       3       java.util.stream.Collectors::toList (26 bytes)
Event: 22.901 Thread 0x000002544e9a8a30 nmethod 5117 0x000002543af33b10 code [0x000002543af33d00, 0x000002543af34368]
Event: 22.916 Thread 0x000002544e9a8a30 5118       3       java.util.concurrent.locks.ReentrantLock::lock (8 bytes)
Event: 22.917 Thread 0x000002544e9a8a30 nmethod 5118 0x000002543b4bfa10 code [0x000002543b4bfbc0, 0x000002543b4bfe58]
Event: 22.917 Thread 0x000002544e9a8a30 5119       3       com.google.common.collect.CollectSpliterators$FlatMapSpliterator$$Lambda$603/0x0000000800fd6010::accept (13 bytes)
Event: 22.917 Thread 0x000002544e9a8a30 nmethod 5119 0x000002543b3af810 code [0x000002543b3af9e0, 0x000002543b3afe38]
Event: 22.917 Thread 0x000002544e9a8a30 5120       3       com.google.common.collect.CollectSpliterators$FlatMapSpliterator::lambda$forEachRemaining$1 (26 bytes)
Event: 22.918 Thread 0x000002544e9a8a30 nmethod 5120 0x000002543b3c0490 code [0x000002543b3c0660, 0x000002543b3c0a58]
Event: 22.918 Thread 0x000002544e9a8a30 5121       3       com.google.common.collect.CollectSpliterators$1$$Lambda$605/0x0000000800fd6718::accept (13 bytes)
Event: 22.918 Thread 0x000002544e9a8a30 nmethod 5121 0x000002543b48ed10 code [0x000002543b48eec0, 0x000002543b48f1b8]
Event: 22.919 Thread 0x000002544e9a7cd0 nmethod 5053% 0x0000025442429310 code [0x00000254424299a0, 0x0000025442431478]
Event: 22.919 Thread 0x000002544e9a7cd0 5092       4       java.lang.AbstractStringBuilder::append (45 bytes)
Event: 22.928 Thread 0x000002544e9a7cd0 nmethod 5092 0x0000025442423f90 code [0x0000025442424140, 0x0000025442424a28]
Event: 22.928 Thread 0x000002544e9a7cd0 5091       4       java.lang.String::getBytes (44 bytes)
Event: 22.930 Thread 0x000002544e9a7cd0 nmethod 5091 0x0000025442471f90 code [0x0000025442472120, 0x00000254424722d8]
Event: 22.930 Thread 0x000002544e9a7cd0 5077 %     4       org.openqa.selenium.json.JsonInput::readString @ 16 (129 bytes)

GC Heap History (20 events):
Event: 5.861 GC heap before
{Heap before GC invocations=21 (full 0):
 garbage-first heap   total 114688K, used 88609K [0x00000000c1a00000, 0x0000000100000000)
  region size 1024K, 28 young (28672K), 4 survivors (4096K)
 Metaspace       used 30787K, capacity 31116K, committed 31408K, reserved 1077248K
  class space    used 3403K, capacity 3487K, committed 3584K, reserved 1048576K
}
Event: 5.868 GC heap after
{Heap after GC invocations=22 (full 0):
 garbage-first heap   total 114688K, used 66616K [0x00000000c1a00000, 0x0000000100000000)
  region size 1024K, 3 young (3072K), 3 survivors (3072K)
 Metaspace       used 30787K, capacity 31116K, committed 31408K, reserved 1077248K
  class space    used 3403K, capacity 3487K, committed 3584K, reserved 1048576K
}
Event: 6.234 GC heap before
{Heap before GC invocations=23 (full 0):
 garbage-first heap   total 116736K, used 90168K [0x00000000c1a00000, 0x0000000100000000)
  region size 1024K, 26 young (26624K), 3 survivors (3072K)
 Metaspace       used 32152K, capacity 32396K, committed 32560K, reserved 1079296K
  class space    used 3592K, capacity 3679K, committed 3712K, reserved 1048576K
}
Event: 6.239 GC heap after
{Heap after GC invocations=24 (full 0):
 garbage-first heap   total 140288K, used 68959K [0x00000000c1a00000, 0x0000000100000000)
  region size 1024K, 3 young (3072K), 3 survivors (3072K)
 Metaspace       used 32152K, capacity 32396K, committed 32560K, reserved 1079296K
  class space    used 3592K, capacity 3679K, committed 3712K, reserved 1048576K
}
Event: 6.269 GC heap before
{Heap before GC invocations=24 (full 0):
 garbage-first heap   total 140288K, used 72031K [0x00000000c1a00000, 0x0000000100000000)
  region size 1024K, 6 young (6144K), 3 survivors (3072K)
 Metaspace       used 32316K, capacity 32620K, committed 32816K, reserved 1079296K
  class space    used 3605K, capacity 3711K, committed 3712K, reserved 1048576K
}
Event: 6.273 GC heap after
{Heap after GC invocations=25 (full 0):
 garbage-first heap   total 140288K, used 69697K [0x00000000c1a00000, 0x0000000100000000)
  region size 1024K, 1 young (1024K), 1 survivors (1024K)
 Metaspace       used 32316K, capacity 32620K, committed 32816K, reserved 1079296K
  class space    used 3605K, capacity 3711K, committed 3712K, reserved 1048576K
}
Event: 6.704 GC heap before
{Heap before GC invocations=25 (full 0):
 garbage-first heap   total 140288K, used 107585K [0x00000000c1a00000, 0x0000000100000000)
  region size 1024K, 38 young (38912K), 1 survivors (1024K)
 Metaspace       used 35622K, capacity 35958K, committed 36016K, reserved 1081344K
  class space    used 3976K, capacity 4073K, committed 4096K, reserved 1048576K
}
Event: 6.710 GC heap after
{Heap after GC invocations=26 (full 0):
 garbage-first heap   total 140288K, used 74337K [0x00000000c1a00000, 0x0000000100000000)
  region size 1024K, 5 young (5120K), 5 survivors (5120K)
 Metaspace       used 35622K, capacity 35958K, committed 36016K, reserved 1081344K
  class space    used 3976K, capacity 4073K, committed 4096K, reserved 1048576K
}
Event: 7.619 GC heap before
{Heap before GC invocations=27 (full 0):
 garbage-first heap   total 140288K, used 109153K [0x00000000c1a00000, 0x0000000100000000)
  region size 1024K, 39 young (39936K), 5 survivors (5120K)
 Metaspace       used 38027K, capacity 38337K, committed 38448K, reserved 1083392K
  class space    used 4283K, capacity 4374K, committed 4480K, reserved 1048576K
}
Event: 7.627 GC heap after
{Heap after GC invocations=28 (full 0):
 garbage-first heap   total 140288K, used 78308K [0x00000000c1a00000, 0x0000000100000000)
  region size 1024K, 4 young (4096K), 4 survivors (4096K)
 Metaspace       used 38027K, capacity 38337K, committed 38448K, reserved 1083392K
  class space    used 4283K, capacity 4374K, committed 4480K, reserved 1048576K
}
Event: 7.928 GC heap before
{Heap before GC invocations=28 (full 0):
 garbage-first heap   total 140288K, used 111076K [0x00000000c1a00000, 0x0000000100000000)
  region size 1024K, 36 young (36864K), 4 survivors (4096K)
 Metaspace       used 39867K, capacity 40231K, committed 40496K, reserved 1085440K
  class space    used 4551K, capacity 4664K, committed 4736K, reserved 1048576K
}
Event: 7.933 GC heap after
{Heap after GC invocations=29 (full 0):
 garbage-first heap   total 140288K, used 80988K [0x00000000c1a00000, 0x0000000100000000)
  region size 1024K, 3 young (3072K), 3 survivors (3072K)
 Metaspace       used 39867K, capacity 40231K, committed 40496K, reserved 1085440K
  class space    used 4551K, capacity 4664K, committed 4736K, reserved 1048576K
}
Event: 22.763 GC heap before
{Heap before GC invocations=30 (full 0):
 garbage-first heap   total 158720K, used 154716K [0x00000000c1a00000, 0x0000000100000000)
  region size 1024K, 34 young (34816K), 3 survivors (3072K)
 Metaspace       used 44342K, capacity 44679K, committed 44848K, reserved 1089536K
  class space    used 5049K, capacity 5205K, committed 5248K, reserved 1048576K
}
Event: 22.768 GC heap after
{Heap after GC invocations=31 (full 0):
 garbage-first heap   total 161792K, used 117471K [0x00000000c1a00000, 0x0000000100000000)
  region size 1024K, 5 young (5120K), 5 survivors (5120K)
 Metaspace       used 44342K, capacity 44679K, committed 44848K, reserved 1089536K
  class space    used 5049K, capacity 5205K, committed 5248K, reserved 1048576K
}
Event: 22.772 GC heap before
{Heap before GC invocations=31 (full 0):
 garbage-first heap   total 161792K, used 125663K [0x00000000c1a00000, 0x0000000100000000)
  region size 1024K, 7 young (7168K), 5 survivors (5120K)
 Metaspace       used 44342K, capacity 44679K, committed 44848K, reserved 1089536K
  class space    used 5049K, capacity 5205K, committed 5248K, reserved 1048576K
}
Event: 22.775 GC heap after
{Heap after GC invocations=32 (full 0):
 garbage-first heap   total 161792K, used 117960K [0x00000000c1a00000, 0x0000000100000000)
  region size 1024K, 1 young (1024K), 1 survivors (1024K)
 Metaspace       used 44342K, capacity 44679K, committed 44848K, reserved 1089536K
  class space    used 5049K, capacity 5205K, committed 5248K, reserved 1048576K
}
Event: 22.853 GC heap before
{Heap before GC invocations=32 (full 0):
 garbage-first heap   total 161792K, used 142536K [0x00000000c1a00000, 0x0000000100000000)
  region size 1024K, 20 young (20480K), 1 survivors (1024K)
 Metaspace       used 44357K, capacity 44743K, committed 44848K, reserved 1089536K
  class space    used 5049K, capacity 5205K, committed 5248K, reserved 1048576K
}
Event: 22.855 GC heap after
{Heap after GC invocations=33 (full 0):
 garbage-first heap   total 161792K, used 124407K [0x00000000c1a00000, 0x0000000100000000)
  region size 1024K, 1 young (1024K), 1 survivors (1024K)
 Metaspace       used 44357K, capacity 44743K, committed 44848K, reserved 1089536K
  class space    used 5049K, capacity 5205K, committed 5248K, reserved 1048576K
}
Event: 22.932 GC heap before
{Heap before GC invocations=33 (full 0):
 garbage-first heap   total 161792K, used 151031K [0x00000000c1a00000, 0x0000000100000000)
  region size 1024K, 16 young (16384K), 1 survivors (1024K)
 Metaspace       used 44364K, capacity 44807K, committed 45104K, reserved 1089536K
  class space    used 5049K, capacity 5205K, committed 5248K, reserved 1048576K
}
Event: 22.933 GC heap after
{Heap after GC invocations=34 (full 0):
 garbage-first heap   total 161792K, used 136560K [0x00000000c1a00000, 0x0000000100000000)
  region size 1024K, 1 young (1024K), 1 survivors (1024K)
 Metaspace       used 44364K, capacity 44807K, committed 45104K, reserved 1089536K
  class space    used 5049K, capacity 5205K, committed 5248K, reserved 1048576K
}

Deoptimization events (20 events):
Event: 22.939 Thread 0x000002543250b190 DEOPT PACKING pc=0x000002543adf3add sp=0x000000b4f4afbf00
Event: 22.939 Thread 0x000002543250b190 DEOPT UNPACKING pc=0x000002543a75e23f sp=0x000000b4f4afb408 mode 0
Event: 22.939 Thread 0x000002543250b190 DEOPT PACKING pc=0x000002543adf3add sp=0x000000b4f4afbf00
Event: 22.939 Thread 0x000002543250b190 DEOPT UNPACKING pc=0x000002543a75e23f sp=0x000000b4f4afb408 mode 0
Event: 22.939 Thread 0x000002543250b190 DEOPT PACKING pc=0x000002543adf3add sp=0x000000b4f4afbf00
Event: 22.939 Thread 0x000002543250b190 DEOPT UNPACKING pc=0x000002543a75e23f sp=0x000000b4f4afb408 mode 0
Event: 22.939 Thread 0x000002543250b190 DEOPT PACKING pc=0x000002543adf3add sp=0x000000b4f4afbf00
Event: 22.939 Thread 0x000002543250b190 DEOPT UNPACKING pc=0x000002543a75e23f sp=0x000000b4f4afb408 mode 0
Event: 22.940 Thread 0x000002543250b190 DEOPT PACKING pc=0x000002543adf3add sp=0x000000b4f4afbf00
Event: 22.940 Thread 0x000002543250b190 DEOPT UNPACKING pc=0x000002543a75e23f sp=0x000000b4f4afb408 mode 0
Event: 22.940 Thread 0x000002543250b190 DEOPT PACKING pc=0x000002543adf3add sp=0x000000b4f4afbf00
Event: 22.940 Thread 0x000002543250b190 DEOPT UNPACKING pc=0x000002543a75e23f sp=0x000000b4f4afb408 mode 0
Event: 22.940 Thread 0x000002543250b190 DEOPT PACKING pc=0x000002543b1142f4 sp=0x000000b4f4afd370
Event: 22.940 Thread 0x000002543250b190 DEOPT UNPACKING pc=0x000002543a75e23f sp=0x000000b4f4afc7e8 mode 0
Event: 22.940 Thread 0x000002543250b190 DEOPT PACKING pc=0x000002543ae241f7 sp=0x000000b4f4afd330
Event: 22.940 Thread 0x000002543250b190 DEOPT UNPACKING pc=0x000002543a75e23f sp=0x000000b4f4afc7e8 mode 0
Event: 22.940 Thread 0x000002543250b190 DEOPT PACKING pc=0x000002543ae241f7 sp=0x000000b4f4afd330
Event: 22.940 Thread 0x000002543250b190 DEOPT UNPACKING pc=0x000002543a75e23f sp=0x000000b4f4afc7e8 mode 0
Event: 22.940 Thread 0x000002543250b190 DEOPT PACKING pc=0x000002543ae241f7 sp=0x000000b4f4afd330
Event: 22.940 Thread 0x000002543250b190 DEOPT UNPACKING pc=0x000002543a75e23f sp=0x000000b4f4afc7e8 mode 0

Classes unloaded (0 events):
No events

Classes redefined (0 events):
No events

Internal exceptions (20 events):
Event: 7.553 Thread 0x000002543250b190 Exception <a 'java/lang/NoSuchMethodError'{0x00000000c8908a58}: 'int java.lang.invoke.DirectMethodHandle$Holder.invokeSpecialIFC(java.lang.Object, java.lang.Object, java.lang.Object, java.lang.Object)'> (0x00000000c8908a58) 
thrown [./open/src/hotspot/share/interpreter/linkResolver.cpp, line 782]
Event: 7.554 Thread 0x000002543250b190 Exception <a 'java/lang/NoSuchMethodError'{0x00000000c89114c8}: 'java.lang.Object java.lang.invoke.DirectMethodHandle$Holder.invokeInterface(java.lang.Object, java.lang.Object, java.lang.Object, java.lang.Object)'> (0x00000000c89114c8) 
thrown [./open/src/hotspot/share/interpreter/linkResolver.cpp, line 782]
Event: 7.602 Thread 0x000002543250b190 Exception <a 'java/lang/NoSuchMethodError'{0x00000000c83c70e0}: 'double java.lang.invoke.DirectMethodHandle$Holder.invokeVirtual(java.lang.Object, java.lang.Object)'> (0x00000000c83c70e0) 
thrown [./open/src/hotspot/share/interpreter/linkResolver.cpp, line 782]
Event: 7.603 Thread 0x000002543250b190 Exception <a 'java/lang/NoSuchMethodError'{0x00000000c83cde98}: 'float java.lang.invoke.DirectMethodHandle$Holder.invokeVirtual(java.lang.Object, java.lang.Object)'> (0x00000000c83cde98) 
thrown [./open/src/hotspot/share/interpreter/linkResolver.cpp, line 782]
Event: 7.603 Thread 0x000002543250b190 Exception <a 'java/lang/NoSuchMethodError'{0x00000000c83d7668}: 'long java.lang.invoke.DirectMethodHandle$Holder.invokeVirtual(java.lang.Object, java.lang.Object)'> (0x00000000c83d7668) 
thrown [./open/src/hotspot/share/interpreter/linkResolver.cpp, line 782]
Event: 7.627 Thread 0x000002543250b190 Implicit null exception at 0x000002544234c505 to 0x000002544234c60c
Event: 7.682 Thread 0x000002543250b190 Exception <a 'java/lang/NoSuchMethodError'{0x00000000c9d269c8}: 'java.lang.Object java.lang.invoke.DirectMethodHandle$Holder.newInvokeSpecial(java.lang.Object, java.lang.Object, java.lang.Object, java.lang.Object, java.lang.Object)'> (0x00000000c9d269c8) 
thrown [./open/src/hotspot/share/interpreter/linkResolver.cpp, line 782]
Event: 9.639 Thread 0x000002543250b190 Exception <a 'java/lang/NoSuchMethodError'{0x00000000ca04efc8}: 'java.lang.Object java.lang.invoke.DirectMethodHandle$Holder.invokeSpecialIFC(java.lang.Object, java.lang.Object, java.lang.Object)'> (0x00000000ca04efc8) 
thrown [./open/src/hotspot/share/interpreter/linkResolver.cpp, line 782]
Event: 9.916 Thread 0x000002543250b190 Exception <a 'java/lang/ClassNotFoundException'{0x00000000c9f037d0}: sun/util/logging/resources/spi/loggingProvider> (0x00000000c9f037d0) 
thrown [./open/src/hotspot/share/classfile/systemDictionary.cpp, line 295]
Event: 17.669 Thread 0x000002543250b190 Exception <a 'java/lang/NoSuchMethodError'{0x00000000c9873b90}: 'java.lang.Object java.lang.invoke.DirectMethodHandle$Holder.invokeStaticInit(java.lang.Object, java.lang.Object, java.lang.Object)'> (0x00000000c9873b90) 
thrown [./open/src/hotspot/share/interpreter/linkResolver.cpp, line 782]
Event: 17.804 Thread 0x000002543250b190 Exception <a 'java/lang/ClassNotFoundException'{0x00000000c926f070}: com/automation/remarks/video/enums/RecorderTypeEditor> (0x00000000c926f070) 
thrown [./open/src/hotspot/share/classfile/systemDictionary.cpp, line 295]
Event: 17.805 Thread 0x000002543250b190 Exception <a 'java/lang/ClassNotFoundException'{0x00000000c9270ce0}: com/sun/beans/editors/RecorderTypeEditor> (0x00000000c9270ce0) 
thrown [./open/src/hotspot/share/classfile/systemDictionary.cpp, line 295]
Event: 17.831 Thread 0x000002543250b190 Exception <a 'java/lang/NoSuchMethodError'{0x00000000c919a2d8}: 'java.lang.Object java.lang.invoke.DirectMethodHandle$Holder.invokeSpecialIFC(java.lang.Object, java.lang.Object)'> (0x00000000c919a2d8) 
thrown [./open/src/hotspot/share/interpreter/linkResolver.cpp, line 782]
Event: 17.837 Thread 0x000002543250b190 Exception <a 'java/lang/NoSuchMethodError'{0x00000000c91ab0d0}: 'java.lang.Object java.lang.invoke.DirectMethodHandle$Holder.invokeStatic(java.lang.Object, java.lang.Object, int)'> (0x00000000c91ab0d0) 
thrown [./open/src/hotspot/share/interpreter/linkResolver.cpp, line 782]
Event: 17.838 Thread 0x000002543250b190 Exception <a 'java/lang/NoSuchMethodError'{0x00000000c91b6218}: 'void java.lang.invoke.DelegatingMethodHandle$Holder.delegate(java.lang.Object, java.lang.Object, int, java.lang.Object)'> (0x00000000c91b6218) 
thrown [./open/src/hotspot/share/interpreter/linkResolver.cpp, line 782]
Event: 17.839 Thread 0x000002543250b190 Exception <a 'java/lang/NoSuchMethodError'{0x00000000c91bf1d0}: 'java.lang.Object java.lang.invoke.Invokers$Holder.invokeExact_MT(java.lang.Object, java.lang.Object, java.lang.Object, java.lang.Object)'> (0x00000000c91bf1d0) 
thrown [./open/src/hotspot/share/interpreter/linkResolver.cpp, line 782]
Event: 17.841 Thread 0x000002543250b190 Exception <a 'java/lang/ClassNotFoundException'{0x00000000c91ccbd0}: sun/awt/resources/spi/awtProvider> (0x00000000c91ccbd0) 
thrown [./open/src/hotspot/share/classfile/systemDictionary.cpp, line 295]
Event: 17.844 Thread 0x000002543250b190 Exception <a 'java/io/FileNotFoundException'{0x00000000c91d2fc8}> (0x00000000c91d2fc8) 
thrown [./open/src/hotspot/share/prims/jni.cpp, line 578]
Event: 17.845 Thread 0x000002543250b190 Exception <a 'java/io/FileNotFoundException'{0x00000000c91d4780}> (0x00000000c91d4780) 
thrown [./open/src/hotspot/share/prims/jni.cpp, line 578]
Event: 19.660 Thread 0x00000254552695e0 Exception <a 'java/lang/NoSuchMethodError'{0x00000000c8d9af30}: 'java.lang.Object java.lang.invoke.DirectMethodHandle$Holder.newInvokeSpecial(java.lang.Object, java.lang.Object, java.lang.Object, int, int, int, int, int)'> (0x00000000c8d9af30) 
thrown [./open/src/hotspot/share/interpreter/linkResolver.cpp, line 782]

Events (20 events):
Event: 22.515 loading class java/util/zip/Deflater$DeflaterZStreamRef done
Event: 22.601 Executing VM operation: ICBufferFull
Event: 22.601 Executing VM operation: ICBufferFull done
Event: 22.601 Executing VM operation: HandshakeAllThreads
Event: 22.601 Executing VM operation: HandshakeAllThreads done
Event: 22.630 Thread 0x0000025451a8d360 Thread exited: 0x0000025451a8d360
Event: 22.650 loading class java/util/concurrent/locks/AbstractQueuedSynchronizer$ExclusiveNode
Event: 22.650 loading class java/util/concurrent/locks/AbstractQueuedSynchronizer$ExclusiveNode done
Event: 22.760 Thread 0x0000025451a8d360 Thread added: 0x0000025451a8d360
Event: 22.763 Executing VM operation: G1CollectForAllocation
Event: 22.768 Executing VM operation: G1CollectForAllocation done
Event: 22.768 Executing VM operation: HandshakeAllThreads
Event: 22.768 Executing VM operation: HandshakeAllThreads done
Event: 22.772 Executing VM operation: G1CollectForAllocation
Event: 22.776 Executing VM operation: G1CollectForAllocation done
Event: 22.853 Executing VM operation: G1CollectForAllocation
Event: 22.855 Executing VM operation: G1CollectForAllocation done
Event: 22.932 Executing VM operation: G1CollectForAllocation
Event: 22.933 Executing VM operation: G1CollectForAllocation done
Event: 22.940 Executing VM operation: G1Concurrent


Dynamic libraries:
0x00007ff7b2d50000 - 0x00007ff7b2d5f000 	C:\Program Files\Java\jdk-15.0.2\bin\javaw.exe
0x00007ff8d8fa0000 - 0x00007ff8d9190000 	C:\Windows\SYSTEM32\ntdll.dll
0x00007ff8d8190000 - 0x00007ff8d8242000 	C:\Windows\System32\KERNEL32.DLL
0x00007ff8d6b50000 - 0x00007ff8d6df5000 	C:\Windows\System32\KERNELBASE.dll
0x00007ff8d6f50000 - 0x00007ff8d704a000 	C:\Windows\System32\ucrtbase.dll
0x00007ff8cef80000 - 0x00007ff8cef98000 	C:\Program Files\Java\jdk-15.0.2\bin\jli.dll
0x00007ff8cef60000 - 0x00007ff8cef79000 	C:\Program Files\Java\jdk-15.0.2\bin\VCRUNTIME140.dll
0x00007ff8d8010000 - 0x00007ff8d80b3000 	C:\Windows\System32\ADVAPI32.dll
0x00007ff8d89e0000 - 0x00007ff8d8a7e000 	C:\Windows\System32\msvcrt.dll
0x00007ff8d78e0000 - 0x00007ff8d7977000 	C:\Windows\System32\sechost.dll
0x00007ff8d70f0000 - 0x00007ff8d7210000 	C:\Windows\System32\RPCRT4.dll
0x00007ff8d7980000 - 0x00007ff8d7b14000 	C:\Windows\System32\USER32.dll
0x00007ff8d6b20000 - 0x00007ff8d6b41000 	C:\Windows\System32\win32u.dll
0x00007ff8ccd70000 - 0x00007ff8ccff4000 	C:\Windows\WinSxS\amd64_microsoft.windows.common-controls_6595b64144ccf1df_6.0.18362.1256_none_9e7e379be45e40e2\COMCTL32.dll
0x00007ff8d8940000 - 0x00007ff8d8966000 	C:\Windows\System32\GDI32.dll
0x00007ff8d60c0000 - 0x00007ff8d6256000 	C:\Windows\System32\gdi32full.dll
0x00007ff8d7b20000 - 0x00007ff8d7e56000 	C:\Windows\System32\combase.dll
0x00007ff8d6020000 - 0x00007ff8d60be000 	C:\Windows\System32\msvcp_win.dll
0x00007ff8d5f90000 - 0x00007ff8d6011000 	C:\Windows\System32\bcryptPrimitives.dll
0x00007ff8cfa40000 - 0x00007ff8cfa4a000 	C:\Windows\SYSTEM32\VERSION.dll
0x00007ff8d70c0000 - 0x00007ff8d70ee000 	C:\Windows\System32\IMM32.DLL
0x00007ff8d05c0000 - 0x00007ff8d05cc000 	C:\Program Files\Java\jdk-15.0.2\bin\vcruntime140_1.dll
0x00007ff8bf360000 - 0x00007ff8bf3f1000 	C:\Program Files\Java\jdk-15.0.2\bin\msvcp140.dll
0x00007ff8a4570000 - 0x00007ff8a50ce000 	C:\Program Files\Java\jdk-15.0.2\bin\server\jvm.dll
0x00007ff8d7490000 - 0x00007ff8d7498000 	C:\Windows\System32\PSAPI.DLL
0x00007ff8d05d0000 - 0x00007ff8d05d9000 	C:\Windows\SYSTEM32\WSOCK32.dll
0x00007ff8d3080000 - 0x00007ff8d30a4000 	C:\Windows\SYSTEM32\WINMM.dll
0x00007ff8d8970000 - 0x00007ff8d89df000 	C:\Windows\System32\WS2_32.dll
0x00007ff8d3050000 - 0x00007ff8d307d000 	C:\Windows\SYSTEM32\winmmbase.dll
0x00007ff8d5f40000 - 0x00007ff8d5f8a000 	C:\Windows\System32\cfgmgr32.dll
0x00007ff8d5ea0000 - 0x00007ff8d5eb1000 	C:\Windows\System32\kernel.appcore.dll
0x00007ff8cf820000 - 0x00007ff8cf82a000 	C:\Program Files\Java\jdk-15.0.2\bin\jimage.dll
0x00007ff8c77d0000 - 0x00007ff8c79c4000 	C:\Windows\SYSTEM32\DBGHELP.DLL
0x00007ff8c77a0000 - 0x00007ff8c77ca000 	C:\Windows\SYSTEM32\dbgcore.DLL
0x00007ff8d0650000 - 0x00007ff8d065e000 	C:\Program Files\Java\jdk-15.0.2\bin\instrument.dll
0x00007ff8bb7c0000 - 0x00007ff8bb7e5000 	C:\Program Files\Java\jdk-15.0.2\bin\java.dll
0x00007ff8d8250000 - 0x00007ff8d8937000 	C:\Windows\System32\SHELL32.dll
0x00007ff8d73e0000 - 0x00007ff8d7489000 	C:\Windows\System32\shcore.dll
0x00007ff8d6280000 - 0x00007ff8d6a01000 	C:\Windows\System32\windows.storage.dll
0x00007ff8d5ec0000 - 0x00007ff8d5ee3000 	C:\Windows\System32\profapi.dll
0x00007ff8d5e50000 - 0x00007ff8d5e9a000 	C:\Windows\System32\powrprof.dll
0x00007ff8d5e40000 - 0x00007ff8d5e50000 	C:\Windows\System32\UMPDC.dll
0x00007ff8d7050000 - 0x00007ff8d70a2000 	C:\Windows\System32\shlwapi.dll
0x00007ff8d6260000 - 0x00007ff8d6277000 	C:\Windows\System32\cryptsp.dll
0x00007ff8b9900000 - 0x00007ff8b9918000 	C:\Program Files\Java\jdk-15.0.2\bin\zip.dll
0x00007ff8bb9a0000 - 0x00007ff8bb9b9000 	C:\Program Files\Java\jdk-15.0.2\bin\net.dll
0x00007ff8caf60000 - 0x00007ff8cb050000 	C:\Windows\SYSTEM32\WINHTTP.dll
0x00007ff8d5690000 - 0x00007ff8d56f7000 	C:\Windows\system32\mswsock.dll
0x00007ff8bac30000 - 0x00007ff8bac42000 	C:\Program Files\Java\jdk-15.0.2\bin\nio.dll
0x00007ff8d53e0000 - 0x00007ff8d54ab000 	C:\Windows\SYSTEM32\DNSAPI.dll
0x00007ff8d8f50000 - 0x00007ff8d8f58000 	C:\Windows\System32\NSI.dll
0x00007ff8d53a0000 - 0x00007ff8d53da000 	C:\Windows\SYSTEM32\IPHLPAPI.DLL
0x00007ff8cdc10000 - 0x00007ff8cdc1a000 	C:\Windows\System32\rasadhlp.dll
0x00007ff8ce570000 - 0x00007ff8ce5e7000 	C:\Windows\System32\fwpuclnt.dll
0x00007ff8d5f10000 - 0x00007ff8d5f36000 	C:\Windows\System32\bcrypt.dll
0x00007ff8d5200000 - 0x00007ff8d5233000 	C:\Windows\system32\rsaenh.dll
0x00007ff8d5d60000 - 0x00007ff8d5d85000 	C:\Windows\SYSTEM32\USERENV.dll
0x00007ff8d5860000 - 0x00007ff8d586c000 	C:\Windows\SYSTEM32\CRYPTBASE.dll
0x00007ff8ceb60000 - 0x00007ff8ceb76000 	C:\Windows\SYSTEM32\dhcpcsvc6.DLL
0x00007ff8cd210000 - 0x00007ff8cd22c000 	C:\Windows\SYSTEM32\dhcpcsvc.DLL
0x00007ff8ced60000 - 0x00007ff8ced70000 	C:\Program Files\Java\jdk-15.0.2\bin\verify.dll
0x00007ff8cf020000 - 0x00007ff8cf02d000 	C:\Program Files\Java\jdk-15.0.2\bin\sunmscapi.dll
0x00007ff8d6e00000 - 0x00007ff8d6f49000 	C:\Windows\System32\CRYPT32.dll
0x00007ff8d5ef0000 - 0x00007ff8d5f02000 	C:\Windows\System32\MSASN1.dll
0x00007ff8d5960000 - 0x00007ff8d5986000 	C:\Windows\SYSTEM32\ncrypt.dll
0x00007ff8d5920000 - 0x00007ff8d595b000 	C:\Windows\SYSTEM32\NTASN1.dll
0x00007ff8d2500000 - 0x00007ff8d2509000 	C:\Program Files\Java\jdk-15.0.2\bin\management.dll
0x00007ff8cf030000 - 0x00007ff8cf03b000 	C:\Program Files\Java\jdk-15.0.2\bin\management_ext.dll
0x00007ff8b2bf0000 - 0x00007ff8b2d70000 	C:\Program Files\Java\jdk-15.0.2\bin\awt.dll
0x00007ff8d80c0000 - 0x00007ff8d8185000 	C:\Windows\System32\OLEAUT32.dll
0x00007ff8d3fa0000 - 0x00007ff8d402f000 	C:\Windows\SYSTEM32\apphelp.dll
0x00007ff8d4160000 - 0x00007ff8d41f9000 	C:\Windows\system32\uxtheme.dll
0x00007ff8d77a0000 - 0x00007ff8d78d5000 	C:\Windows\System32\MSCTF.dll
0x00007ff8d7210000 - 0x00007ff8d7367000 	C:\Windows\System32\ole32.dll
0x00007ff8d44e0000 - 0x00007ff8d450d000 	C:\Windows\system32\DWMAPI.DLL
0x00007ff8c1c20000 - 0x00007ff8c1d76000 	C:\Windows\system32\opengl32.dll
0x00007ff8d0610000 - 0x00007ff8d063c000 	C:\Windows\SYSTEM32\GLU32.dll
0x00007ff8d4a80000 - 0x00007ff8d4aa0000 	C:\Windows\SYSTEM32\dxcore.dll
0x00007ff8ca310000 - 0x00007ff8ca4d7000 	C:\Windows\system32\d3d9.dll
0x00007ff8b1670000 - 0x00007ff8b2726000 	C:\Windows\SYSTEM32\nvd3dumx.dll
0x00007ff8cfda0000 - 0x00007ff8cff0c000 	C:\Program Files (x86)\NVIDIA Corporation\3D Vision\nvSCPAPI64.dll
0x00007ff8d8a80000 - 0x00007ff8d8ef0000 	C:\Windows\System32\SETUPAPI.dll

dbghelp: loaded successfully - version: 4.0.5 - missing functions: none
symbol engine: initialized successfully - sym options: 0x614 - pdb path: .;C:\Program Files\Java\jdk-15.0.2\bin;C:\Windows\SYSTEM32;C:\Windows\WinSxS\amd64_microsoft.windows.common-controls_6595b64144ccf1df_6.0.18362.1256_none_9e7e379be45e40e2;C:\Program Files\Java\jdk-15.0.2\bin\server;C:\Program Files (x86)\NVIDIA Corporation\3D Vision

VM Arguments:
jvm_args: -ea -Dtestng.dtd.http=true -javaagent:C:\Users\Diaa\.m2\repository/org/aspectj/aspectjweaver/1.9.6/aspectjweaver-1.9.6.jar -Dfile.encoding=Cp1252 
java_command: org.testng.remote.RemoteTestNG -usedefaultlisteners false -listener com.shaft.tools.listeners.AlterSuiteListener,com.shaft.tools.listeners.SuiteListener,com.shaft.tools.listeners.InvokedMethodListener,com.shaft.tools.listeners.CucumberFeatureListener -serport 50657 -protocol json -d C:\Users\Diaa\eclipse-workspace\task1\test-output C:\Users\Diaa\AppData\Local\Temp\testng-eclipse--654892913\testng-customsuite.xml
java_class_path (initial): C:\Users\Diaa\eclipse\java-2020-06\eclipse\configuration\org.eclipse.osgi\456\0\.cp\lib\testng-remote.jar;C:\Users\Diaa\eclipse-workspace\task1\target\test-classes;C:\Users\Diaa\eclipse-workspace\task1\target\classes;C:\Users\Diaa\.m2\repository\io\github\mohabmohie\SHAFT_ENGINE\5.3.20210609\SHAFT_ENGINE-5.3.20210609.jar;C:\Users\Diaa\.m2\repository\org\testng\testng\7.4.0\testng-7.4.0.jar;C:\Users\Diaa\.m2\repository\com\beust\jcommander\1.78\jcommander-1.78.jar;C:\Users\Diaa\.m2\repository\org\webjars\jquery\3.5.1\jquery-3.5.1.jar;C:\Users\Diaa\.m2\repository\org\seleniumhq\selenium\selenium-java\3.141.59\selenium-java-3.141.59.jar;C:\Users\Diaa\.m2\repository\org\seleniumhq\selenium\selenium-api\3.141.59\selenium-api-3.141.59.jar;C:\Users\Diaa\.m2\repository\org\seleniumhq\selenium\selenium-chrome-driver\3.141.59\selenium-chrome-driver-3.141.59.jar;C:\Users\Diaa\.m2\repository\org\seleniumhq\selenium\selenium-edge-driver\3.141.59\selenium-edge-driver-3.141.59.jar;C:\Users\Diaa\.m2\repository\org\seleniumhq\selenium\selenium-firefox-driver\3.141.59\selenium-firefox-driver-3.141.59.jar;C:\Users\Diaa\.m2\repository\org\seleniumhq\selenium\selenium-ie-driver\3.141.59\selenium-ie-driver-3.141.59.jar;C:\Users\Diaa\.m2\repository\org\seleniumhq\selenium\selenium-opera-driver\3.141.59\selenium-opera-driver-3.141.59.jar;C:\Users\Diaa\.m2\repository\org\seleniumhq\selenium\selenium-remote-driver\3.141.59\selenium-remote-driver-3.141.59.jar;C:\Users\Diaa\.m2\repository\org\seleniumhq\selenium\selenium-safari-driver\3.141.59\selenium-safari-driver-3.141.59.jar;C:\Users\Diaa\.m2\repository\org\seleniumhq\selenium\selenium-support\3.141.59\selenium-support-3.141.59.jar;C:\Users\Diaa\.m2\repository\net\bytebuddy\byte-buddy\1.8.15\byte-buddy-1.8.15.jar;C:\Users\Diaa\.m2\repository\org\apache\commons\commons-exec\1.3\commons-exec-1.3.jar;C:\Users\Diaa\.m2\repository\com\squareup\okhttp3\okhttp\3.11.0\okhttp-3.11.0.jar;C:\Users\Diaa\.m2\repository\com\
Launcher Type: SUN_STANDARD

[Global flags]
     intx CICompilerCount                          = 4                                         {product} {ergonomic}
     uint ConcGCThreads                            = 2                                         {product} {ergonomic}
     uint G1ConcRefinementThreads                  = 8                                         {product} {ergonomic}
   size_t G1HeapRegionSize                         = 1048576                                   {product} {ergonomic}
    uintx GCDrainStackTargetSize                   = 64                                        {product} {ergonomic}
   size_t InitialHeapSize                          = 67108864                                  {product} {ergonomic}
   size_t MarkStackSize                            = 4194304                                   {product} {ergonomic}
   size_t MaxHeapSize                              = 1046478848                                {product} {ergonomic}
   size_t MaxNewSize                               = 627048448                                 {product} {ergonomic}
   size_t MinHeapDeltaBytes                        = 1048576                                   {product} {ergonomic}
   size_t MinHeapSize                              = 8388608                                   {product} {ergonomic}
    uintx NonNMethodCodeHeapSize                   = 5839372                                {pd product} {ergonomic}
    uintx NonProfiledCodeHeapSize                  = 122909434                              {pd product} {ergonomic}
    uintx ProfiledCodeHeapSize                     = 122909434                              {pd product} {ergonomic}
    uintx ReservedCodeCacheSize                    = 251658240                              {pd product} {ergonomic}
     bool SegmentedCodeCache                       = true                                      {product} {ergonomic}
   size_t SoftMaxHeapSize                          = 1046478848                             {manageable} {ergonomic}
     bool UseCompressedClassPointers               = true                                 {lp64_product} {ergonomic}
     bool UseCompressedOops                        = true                                 {lp64_product} {ergonomic}
     bool UseG1GC                                  = true                                      {product} {ergonomic}
     bool UseLargePagesIndividualAllocation        = false                                  {pd product} {ergonomic}

Logging:
Log output configuration:
 #0: stdout all=warning uptime,level,tags
 #1: stderr all=off uptime,level,tags

Environment Variables:
PATH=C:/Program Files/Java/jdk-15.0.2/bin/server;C:/Program Files/Java/jdk-15.0.2/bin;C:\Program Files\Common Files\Oracle\Java\javapath;C:\ProgramData\Oracle\Java\javapath;C:\Program Files (x86)\NVIDIA Corporation\PhysX\Common;C:\Windows\system32;C:\Windows;C:\Windows\System32\Wbem;C:\Windows\System32\WindowsPowerShell\v1.0\;C:\Windows\System32\OpenSSH\;C:\Users\Diaa\AppData\Local\Microsoft\WindowsApps;C:\Users\Diaa\AppData\Local\GitHubDesktop\bin;C:\Windows\System32;
USERNAME=Diaa
OS=Windows_NT
PROCESSOR_IDENTIFIER=Intel64 Family 6 Model 42 Stepping 7, GenuineIntel



---------------  S Y S T E M  ---------------

OS:
 Windows 10 , 64 bit Build 18362 (10.0.18362.1110)
OS uptime: 0 days 11:46 hours

CPU: total 8 (initial active 8) (4 cores per cpu, 2 threads per core) family 6 model 42 stepping 7 microcode 0x2f, cmov, cx8, fxsr, mmx, sse, sse2, sse3, ssse3, sse4.1, sse4.2, popcnt, vzeroupper, avx, aes, clmul, ht, tsc, tscinvbit, clflush

Memory: 4k page, system-wide physical 3984M (532M free)
TotalPageFile size 8763M (AvailPageFile size 57M)
current process WorkingSet (physical memory assigned to process): 320M, peak: 338M
current process commit charge ("private bytes"): 361M, peak: 415M

vm_info: Java HotSpot(TM) 64-Bit Server VM (15.0.2+7-27) for windows-amd64 JRE (15.0.2+7-27), built on Dec  7 2020 20:07:01 by "mach5one" with unknown MS VC++:1925

END.
